04.06.2024 10:21:50 ERROR: Error initialize OLED Display: I2C device not found on address: 0x3D
04.06.2024 10:23:27 ERROR: Error initialize SmartPlug: name 'adafruit_dht' is not defined
04.06.2024 10:49:35 INFO: Ready
04.06.2024 10:50:09 INFO: Ready
04.06.2024 10:50:09 ERROR: Exception: name 'dht' is not defined
04.06.2024 10:50:09 INFO: Cleaning up...
04.06.2024 10:50:51 INFO: Ready
04.06.2024 10:50:51 ERROR: DHT Runtime Exception: DHT sensor not found, check wiring
04.06.2024 10:51:01 ERROR: DHT Runtime Exception: DHT sensor not found, check wiring
04.06.2024 10:51:12 ERROR: DHT Runtime Exception: DHT sensor not found, check wiring
04.06.2024 10:51:22 ERROR: DHT Runtime Exception: DHT sensor not found, check wiring
04.06.2024 10:51:29 INFO: Stopping...
04.06.2024 10:51:29 INFO: Cleaning up...
04.06.2024 10:51:32 INFO: Ready
04.06.2024 10:51:33 ERROR: DHT Runtime Exception: DHT sensor not found, check wiring
04.06.2024 10:51:43 ERROR: DHT Runtime Exception: DHT sensor not found, check wiring
04.06.2024 10:51:54 ERROR: DHT Runtime Exception: DHT sensor not found, check wiring
04.06.2024 10:52:05 ERROR: Exception: name 'device' is not defined
04.06.2024 10:52:05 INFO: Cleaning up...
04.06.2024 10:52:47 INFO: Ready
04.06.2024 10:54:44 INFO: Stopping...
04.06.2024 10:54:44 INFO: Cleaning up...
04.06.2024 11:02:27 INFO: Ready
04.06.2024 11:02:28 INFO: Cleaning up...
04.06.2024 11:03:24 INFO: Ready
04.06.2024 11:04:27 ERROR: DHT Runtime Exception: Checksum did not validate. Try again.
04.06.2024 11:04:37 INFO: Stopping...
04.06.2024 11:04:37 INFO: Cleaning up...
04.06.2024 11:07:41 INFO: Ready
04.06.2024 11:07:46 INFO: Stopping...
04.06.2024 11:07:46 INFO: Cleaning up...
04.06.2024 11:08:39 INFO: Ready
04.06.2024 11:13:26 INFO: Ready
04.06.2024 11:13:27 ERROR: DHT Runtime Exception: A full buffer was not returned. Try again.
04.06.2024 11:13:37 ERROR: DHT Runtime Exception: Checksum did not validate. Try again.
04.06.2024 11:14:10 ERROR: DHT Runtime Exception: A full buffer was not returned. Try again.
04.06.2024 11:20:58 ERROR: DHT Runtime Exception: A full buffer was not returned. Try again.
04.06.2024 11:22:00 ERROR: DHT Runtime Exception: A full buffer was not returned. Try again.
04.06.2024 11:22:31 ERROR: DHT Runtime Exception: Checksum did not validate. Try again.
04.06.2024 11:35:32 ERROR: DHT Runtime Exception: Checksum did not validate. Try again.
04.06.2024 11:40:02 ERROR: DHT Runtime Exception: Checksum did not validate. Try again.
04.06.2024 11:41:26 ERROR: DHT Runtime Exception: Checksum did not validate. Try again.
04.06.2024 11:41:57 ERROR: DHT Runtime Exception: Checksum did not validate. Try again.
04.06.2024 11:50:16 ERROR: DHT Runtime Exception: Checksum did not validate. Try again.
04.06.2024 11:50:26 ERROR: DHT Runtime Exception: Checksum did not validate. Try again.
04.06.2024 11:51:39 ERROR: DHT Runtime Exception: Checksum did not validate. Try again.
04.06.2024 11:59:47 ERROR: DHT Runtime Exception: Checksum did not validate. Try again.
04.06.2024 12:00:08 ERROR: DHT Runtime Exception: Checksum did not validate. Try again.
04.06.2024 12:08:49 ERROR: DHT Runtime Exception: Checksum did not validate. Try again.
04.06.2024 12:18:00 ERROR: DHT Runtime Exception: Checksum did not validate. Try again.
04.06.2024 12:18:31 ERROR: DHT Runtime Exception: Checksum did not validate. Try again.
04.06.2024 12:19:54 ERROR: DHT Runtime Exception: Checksum did not validate. Try again.
04.06.2024 12:28:13 ERROR: DHT Runtime Exception: Checksum did not validate. Try again.
04.06.2024 12:36:42 ERROR: DHT Runtime Exception: Checksum did not validate. Try again.
04.06.2024 12:43:30 ERROR: Exception: [Errno 5] Input/output error
04.06.2024 12:43:30 INFO: Cleaning up...
04.06.2024 13:30:17 INFO: Ready
04.06.2024 13:30:28 ERROR: DHT Runtime Exception: Checksum did not validate. Try again.
04.06.2024 13:32:01 ERROR: DHT Runtime Exception: DHT sensor not found, check wiring
04.06.2024 13:32:14 ERROR: DHT Runtime Exception: DHT sensor not found, check wiring
04.06.2024 13:32:26 ERROR: DHT Runtime Exception: DHT sensor not found, check wiring
04.06.2024 13:32:36 ERROR: DHT Runtime Exception: DHT sensor not found, check wiring
04.06.2024 13:32:46 ERROR: DHT Runtime Exception: DHT sensor not found, check wiring
04.06.2024 13:32:57 ERROR: DHT Runtime Exception: DHT sensor not found, check wiring
04.06.2024 13:33:07 ERROR: DHT Runtime Exception: DHT sensor not found, check wiring
04.06.2024 13:33:17 ERROR: DHT Runtime Exception: DHT sensor not found, check wiring
04.06.2024 13:33:28 ERROR: DHT Runtime Exception: DHT sensor not found, check wiring
04.06.2024 13:33:38 ERROR: DHT Runtime Exception: DHT sensor not found, check wiring
04.06.2024 13:33:49 ERROR: DHT Runtime Exception: DHT sensor not found, check wiring
04.06.2024 13:33:59 ERROR: DHT Runtime Exception: DHT sensor not found, check wiring
04.06.2024 13:34:09 ERROR: DHT Runtime Exception: DHT sensor not found, check wiring
04.06.2024 13:34:20 ERROR: DHT Runtime Exception: DHT sensor not found, check wiring
04.06.2024 13:34:30 ERROR: DHT Runtime Exception: DHT sensor not found, check wiring
04.06.2024 13:34:41 ERROR: DHT Runtime Exception: DHT sensor not found, check wiring
04.06.2024 13:34:51 ERROR: DHT Runtime Exception: DHT sensor not found, check wiring
04.06.2024 13:35:01 ERROR: DHT Runtime Exception: DHT sensor not found, check wiring
04.06.2024 13:35:12 ERROR: DHT Runtime Exception: DHT sensor not found, check wiring
04.06.2024 13:35:22 ERROR: DHT Runtime Exception: DHT sensor not found, check wiring
04.06.2024 13:35:32 ERROR: DHT Runtime Exception: DHT sensor not found, check wiring
04.06.2024 13:35:43 ERROR: DHT Runtime Exception: DHT sensor not found, check wiring
04.06.2024 13:35:53 ERROR: DHT Runtime Exception: DHT sensor not found, check wiring
04.06.2024 13:36:04 ERROR: DHT Runtime Exception: DHT sensor not found, check wiring
04.06.2024 13:36:14 ERROR: DHT Runtime Exception: DHT sensor not found, check wiring
04.06.2024 13:36:24 ERROR: DHT Runtime Exception: DHT sensor not found, check wiring
04.06.2024 13:36:35 ERROR: DHT Runtime Exception: DHT sensor not found, check wiring
04.06.2024 13:36:45 ERROR: DHT Runtime Exception: DHT sensor not found, check wiring
04.06.2024 13:36:56 ERROR: DHT Runtime Exception: DHT sensor not found, check wiring
04.06.2024 13:37:06 ERROR: DHT Runtime Exception: DHT sensor not found, check wiring
04.06.2024 13:37:16 ERROR: DHT Runtime Exception: DHT sensor not found, check wiring
04.06.2024 13:37:27 ERROR: DHT Runtime Exception: DHT sensor not found, check wiring
04.06.2024 13:37:37 ERROR: DHT Runtime Exception: DHT sensor not found, check wiring
04.06.2024 13:37:47 ERROR: DHT Runtime Exception: DHT sensor not found, check wiring
04.06.2024 13:37:58 ERROR: DHT Runtime Exception: DHT sensor not found, check wiring
04.06.2024 13:38:08 ERROR: DHT Runtime Exception: DHT sensor not found, check wiring
04.06.2024 13:38:19 ERROR: DHT Runtime Exception: DHT sensor not found, check wiring
04.06.2024 13:38:29 ERROR: DHT Runtime Exception: DHT sensor not found, check wiring
04.06.2024 13:38:39 ERROR: DHT Runtime Exception: DHT sensor not found, check wiring
04.06.2024 13:38:50 ERROR: DHT Runtime Exception: DHT sensor not found, check wiring
04.06.2024 13:39:00 ERROR: DHT Runtime Exception: DHT sensor not found, check wiring
04.06.2024 13:39:11 ERROR: DHT Runtime Exception: DHT sensor not found, check wiring
04.06.2024 13:39:21 ERROR: DHT Runtime Exception: DHT sensor not found, check wiring
04.06.2024 13:39:31 ERROR: DHT Runtime Exception: DHT sensor not found, check wiring
04.06.2024 13:39:42 ERROR: DHT Runtime Exception: DHT sensor not found, check wiring
04.06.2024 13:39:52 ERROR: DHT Runtime Exception: DHT sensor not found, check wiring
04.06.2024 13:40:02 ERROR: DHT Runtime Exception: DHT sensor not found, check wiring
04.06.2024 13:40:13 ERROR: DHT Runtime Exception: DHT sensor not found, check wiring
04.06.2024 13:40:23 ERROR: DHT Runtime Exception: DHT sensor not found, check wiring
04.06.2024 13:40:34 ERROR: DHT Runtime Exception: DHT sensor not found, check wiring
04.06.2024 13:40:44 ERROR: DHT Runtime Exception: DHT sensor not found, check wiring
04.06.2024 13:40:54 ERROR: DHT Runtime Exception: DHT sensor not found, check wiring
04.06.2024 13:41:05 ERROR: DHT Runtime Exception: DHT sensor not found, check wiring
04.06.2024 13:41:15 ERROR: DHT Runtime Exception: DHT sensor not found, check wiring
04.06.2024 13:41:26 ERROR: DHT Runtime Exception: DHT sensor not found, check wiring
04.06.2024 13:41:36 ERROR: DHT Runtime Exception: DHT sensor not found, check wiring
04.06.2024 13:41:46 ERROR: DHT Runtime Exception: DHT sensor not found, check wiring
04.06.2024 13:41:57 ERROR: DHT Runtime Exception: DHT sensor not found, check wiring
04.06.2024 13:42:07 ERROR: DHT Runtime Exception: DHT sensor not found, check wiring
04.06.2024 13:42:17 ERROR: DHT Runtime Exception: DHT sensor not found, check wiring
04.06.2024 13:42:28 ERROR: DHT Runtime Exception: DHT sensor not found, check wiring
04.06.2024 13:42:38 ERROR: DHT Runtime Exception: DHT sensor not found, check wiring
04.06.2024 13:42:49 ERROR: DHT Runtime Exception: DHT sensor not found, check wiring
04.06.2024 13:42:59 ERROR: DHT Runtime Exception: DHT sensor not found, check wiring
04.06.2024 13:43:09 ERROR: DHT Runtime Exception: DHT sensor not found, check wiring
04.06.2024 13:43:20 ERROR: DHT Runtime Exception: DHT sensor not found, check wiring
04.06.2024 13:43:30 ERROR: DHT Runtime Exception: DHT sensor not found, check wiring
04.06.2024 13:43:41 ERROR: DHT Runtime Exception: DHT sensor not found, check wiring
04.06.2024 13:43:51 ERROR: DHT Runtime Exception: DHT sensor not found, check wiring
04.06.2024 13:44:01 ERROR: DHT Runtime Exception: DHT sensor not found, check wiring
04.06.2024 13:44:12 ERROR: DHT Runtime Exception: DHT sensor not found, check wiring
04.06.2024 13:44:22 ERROR: DHT Runtime Exception: DHT sensor not found, check wiring
04.06.2024 13:44:32 ERROR: DHT Runtime Exception: DHT sensor not found, check wiring
04.06.2024 13:44:43 ERROR: DHT Runtime Exception: DHT sensor not found, check wiring
04.06.2024 13:44:53 ERROR: DHT Runtime Exception: DHT sensor not found, check wiring
04.06.2024 13:45:04 ERROR: DHT Runtime Exception: DHT sensor not found, check wiring
04.06.2024 13:45:14 ERROR: DHT Runtime Exception: DHT sensor not found, check wiring
04.06.2024 13:45:24 ERROR: DHT Runtime Exception: DHT sensor not found, check wiring
04.06.2024 13:45:35 ERROR: DHT Runtime Exception: DHT sensor not found, check wiring
04.06.2024 13:45:45 ERROR: DHT Runtime Exception: DHT sensor not found, check wiring
04.06.2024 13:45:56 ERROR: DHT Runtime Exception: DHT sensor not found, check wiring
04.06.2024 13:46:06 ERROR: DHT Runtime Exception: DHT sensor not found, check wiring
04.06.2024 13:46:16 ERROR: DHT Runtime Exception: DHT sensor not found, check wiring
04.06.2024 13:46:27 ERROR: DHT Runtime Exception: DHT sensor not found, check wiring
04.06.2024 13:46:37 ERROR: DHT Runtime Exception: DHT sensor not found, check wiring
04.06.2024 13:46:48 ERROR: DHT Runtime Exception: DHT sensor not found, check wiring
04.06.2024 13:46:58 ERROR: DHT Runtime Exception: DHT sensor not found, check wiring
04.06.2024 13:47:08 ERROR: DHT Runtime Exception: DHT sensor not found, check wiring
04.06.2024 13:47:19 ERROR: DHT Runtime Exception: DHT sensor not found, check wiring
04.06.2024 13:47:29 ERROR: DHT Runtime Exception: DHT sensor not found, check wiring
04.06.2024 13:47:40 ERROR: DHT Runtime Exception: DHT sensor not found, check wiring
04.06.2024 13:47:50 ERROR: DHT Runtime Exception: DHT sensor not found, check wiring
04.06.2024 13:48:00 ERROR: DHT Runtime Exception: DHT sensor not found, check wiring
04.06.2024 13:48:11 ERROR: DHT Runtime Exception: DHT sensor not found, check wiring
04.06.2024 13:48:21 ERROR: DHT Runtime Exception: DHT sensor not found, check wiring
04.06.2024 13:48:32 ERROR: DHT Runtime Exception: DHT sensor not found, check wiring
04.06.2024 13:48:42 ERROR: DHT Runtime Exception: DHT sensor not found, check wiring
04.06.2024 13:48:52 ERROR: DHT Runtime Exception: DHT sensor not found, check wiring
04.06.2024 13:49:03 ERROR: DHT Runtime Exception: DHT sensor not found, check wiring
04.06.2024 13:49:13 ERROR: DHT Runtime Exception: DHT sensor not found, check wiring
04.06.2024 13:49:23 ERROR: DHT Runtime Exception: DHT sensor not found, check wiring
04.06.2024 13:49:34 ERROR: DHT Runtime Exception: DHT sensor not found, check wiring
04.06.2024 13:49:44 ERROR: DHT Runtime Exception: DHT sensor not found, check wiring
04.06.2024 13:49:55 ERROR: DHT Runtime Exception: DHT sensor not found, check wiring
04.06.2024 13:50:05 ERROR: DHT Runtime Exception: DHT sensor not found, check wiring
04.06.2024 13:50:15 ERROR: DHT Runtime Exception: DHT sensor not found, check wiring
04.06.2024 13:50:26 ERROR: DHT Runtime Exception: DHT sensor not found, check wiring
04.06.2024 13:50:36 ERROR: DHT Runtime Exception: DHT sensor not found, check wiring
04.06.2024 13:50:47 ERROR: DHT Runtime Exception: DHT sensor not found, check wiring
04.06.2024 13:50:57 ERROR: DHT Runtime Exception: DHT sensor not found, check wiring
04.06.2024 13:51:07 ERROR: DHT Runtime Exception: DHT sensor not found, check wiring
04.06.2024 13:51:18 ERROR: DHT Runtime Exception: DHT sensor not found, check wiring
04.06.2024 13:51:28 ERROR: DHT Runtime Exception: DHT sensor not found, check wiring
04.06.2024 13:51:38 ERROR: DHT Runtime Exception: DHT sensor not found, check wiring
04.06.2024 13:51:49 ERROR: DHT Runtime Exception: DHT sensor not found, check wiring
04.06.2024 13:51:59 ERROR: DHT Runtime Exception: DHT sensor not found, check wiring
04.06.2024 13:52:10 ERROR: DHT Runtime Exception: DHT sensor not found, check wiring
04.06.2024 13:52:20 ERROR: DHT Runtime Exception: DHT sensor not found, check wiring
04.06.2024 13:52:30 ERROR: DHT Runtime Exception: DHT sensor not found, check wiring
04.06.2024 13:52:41 ERROR: DHT Runtime Exception: DHT sensor not found, check wiring
04.06.2024 13:52:51 ERROR: DHT Runtime Exception: DHT sensor not found, check wiring
04.06.2024 13:53:02 ERROR: DHT Runtime Exception: DHT sensor not found, check wiring
04.06.2024 13:53:12 ERROR: DHT Runtime Exception: DHT sensor not found, check wiring
04.06.2024 13:53:22 ERROR: DHT Runtime Exception: DHT sensor not found, check wiring
04.06.2024 13:53:33 ERROR: DHT Runtime Exception: DHT sensor not found, check wiring
04.06.2024 13:53:43 ERROR: DHT Runtime Exception: DHT sensor not found, check wiring
04.06.2024 13:53:54 ERROR: DHT Runtime Exception: DHT sensor not found, check wiring
04.06.2024 13:54:04 ERROR: DHT Runtime Exception: DHT sensor not found, check wiring
04.06.2024 13:54:14 ERROR: DHT Runtime Exception: DHT sensor not found, check wiring
04.06.2024 13:54:25 ERROR: DHT Runtime Exception: DHT sensor not found, check wiring
04.06.2024 13:54:35 ERROR: DHT Runtime Exception: DHT sensor not found, check wiring
04.06.2024 13:54:45 ERROR: DHT Runtime Exception: DHT sensor not found, check wiring
04.06.2024 13:54:56 ERROR: DHT Runtime Exception: DHT sensor not found, check wiring
04.06.2024 13:55:06 ERROR: DHT Runtime Exception: DHT sensor not found, check wiring
04.06.2024 13:55:17 ERROR: DHT Runtime Exception: DHT sensor not found, check wiring
04.06.2024 13:55:27 ERROR: DHT Runtime Exception: DHT sensor not found, check wiring
04.06.2024 13:55:37 ERROR: DHT Runtime Exception: DHT sensor not found, check wiring
04.06.2024 13:55:48 ERROR: DHT Runtime Exception: DHT sensor not found, check wiring
04.06.2024 13:55:58 ERROR: DHT Runtime Exception: DHT sensor not found, check wiring
04.06.2024 13:56:08 ERROR: DHT Runtime Exception: DHT sensor not found, check wiring
04.06.2024 13:56:19 ERROR: DHT Runtime Exception: DHT sensor not found, check wiring
04.06.2024 13:56:29 ERROR: DHT Runtime Exception: DHT sensor not found, check wiring
04.06.2024 13:56:40 ERROR: DHT Runtime Exception: DHT sensor not found, check wiring
04.06.2024 13:56:50 ERROR: DHT Runtime Exception: DHT sensor not found, check wiring
04.06.2024 13:57:00 ERROR: DHT Runtime Exception: DHT sensor not found, check wiring
04.06.2024 13:57:11 ERROR: DHT Runtime Exception: DHT sensor not found, check wiring
04.06.2024 13:57:21 ERROR: DHT Runtime Exception: DHT sensor not found, check wiring
04.06.2024 13:57:32 ERROR: DHT Runtime Exception: DHT sensor not found, check wiring
04.06.2024 13:57:42 ERROR: DHT Runtime Exception: DHT sensor not found, check wiring
04.06.2024 13:57:52 ERROR: DHT Runtime Exception: DHT sensor not found, check wiring
04.06.2024 13:58:03 ERROR: DHT Runtime Exception: DHT sensor not found, check wiring
04.06.2024 13:58:13 ERROR: DHT Runtime Exception: DHT sensor not found, check wiring
04.06.2024 13:58:23 ERROR: DHT Runtime Exception: DHT sensor not found, check wiring
04.06.2024 13:58:34 ERROR: DHT Runtime Exception: DHT sensor not found, check wiring
04.06.2024 13:58:44 ERROR: DHT Runtime Exception: DHT sensor not found, check wiring
04.06.2024 13:58:55 ERROR: DHT Runtime Exception: DHT sensor not found, check wiring
04.06.2024 13:59:05 ERROR: DHT Runtime Exception: DHT sensor not found, check wiring
04.06.2024 13:59:15 ERROR: DHT Runtime Exception: DHT sensor not found, check wiring
04.06.2024 13:59:26 ERROR: DHT Runtime Exception: DHT sensor not found, check wiring
04.06.2024 13:59:36 ERROR: DHT Runtime Exception: DHT sensor not found, check wiring
04.06.2024 13:59:47 ERROR: DHT Runtime Exception: DHT sensor not found, check wiring
04.06.2024 13:59:57 ERROR: DHT Runtime Exception: DHT sensor not found, check wiring
04.06.2024 14:00:07 ERROR: DHT Runtime Exception: DHT sensor not found, check wiring
04.06.2024 14:00:18 ERROR: DHT Runtime Exception: DHT sensor not found, check wiring
04.06.2024 14:00:28 ERROR: DHT Runtime Exception: DHT sensor not found, check wiring
04.06.2024 14:00:38 ERROR: DHT Runtime Exception: DHT sensor not found, check wiring
04.06.2024 14:00:49 ERROR: DHT Runtime Exception: DHT sensor not found, check wiring
04.06.2024 14:00:59 ERROR: DHT Runtime Exception: DHT sensor not found, check wiring
04.06.2024 14:01:10 ERROR: DHT Runtime Exception: DHT sensor not found, check wiring
04.06.2024 14:01:20 ERROR: DHT Runtime Exception: DHT sensor not found, check wiring
04.06.2024 14:01:30 ERROR: DHT Runtime Exception: DHT sensor not found, check wiring
04.06.2024 14:01:41 ERROR: DHT Runtime Exception: DHT sensor not found, check wiring
04.06.2024 14:01:51 ERROR: DHT Runtime Exception: DHT sensor not found, check wiring
04.06.2024 14:02:02 ERROR: DHT Runtime Exception: DHT sensor not found, check wiring
04.06.2024 14:02:12 ERROR: DHT Runtime Exception: DHT sensor not found, check wiring
04.06.2024 14:02:22 ERROR: DHT Runtime Exception: DHT sensor not found, check wiring
04.06.2024 14:02:33 ERROR: DHT Runtime Exception: DHT sensor not found, check wiring
04.06.2024 14:02:43 ERROR: DHT Runtime Exception: DHT sensor not found, check wiring
04.06.2024 14:02:53 ERROR: DHT Runtime Exception: DHT sensor not found, check wiring
04.06.2024 14:03:04 ERROR: DHT Runtime Exception: DHT sensor not found, check wiring
04.06.2024 14:03:14 ERROR: DHT Runtime Exception: DHT sensor not found, check wiring
04.06.2024 14:03:25 ERROR: DHT Runtime Exception: DHT sensor not found, check wiring
04.06.2024 14:03:35 ERROR: DHT Runtime Exception: DHT sensor not found, check wiring
04.06.2024 14:03:45 ERROR: DHT Runtime Exception: DHT sensor not found, check wiring
04.06.2024 14:03:56 ERROR: DHT Runtime Exception: DHT sensor not found, check wiring
04.06.2024 14:04:06 ERROR: DHT Runtime Exception: DHT sensor not found, check wiring
04.06.2024 14:04:17 ERROR: DHT Runtime Exception: DHT sensor not found, check wiring
04.06.2024 14:04:27 ERROR: DHT Runtime Exception: DHT sensor not found, check wiring
04.06.2024 14:04:37 ERROR: DHT Runtime Exception: DHT sensor not found, check wiring
04.06.2024 14:04:48 ERROR: DHT Runtime Exception: DHT sensor not found, check wiring
04.06.2024 14:04:58 ERROR: DHT Runtime Exception: DHT sensor not found, check wiring
04.06.2024 14:05:08 ERROR: DHT Runtime Exception: DHT sensor not found, check wiring
04.06.2024 14:05:19 ERROR: DHT Runtime Exception: DHT sensor not found, check wiring
04.06.2024 14:05:29 ERROR: DHT Runtime Exception: DHT sensor not found, check wiring
04.06.2024 14:05:40 ERROR: DHT Runtime Exception: DHT sensor not found, check wiring
04.06.2024 14:05:50 ERROR: DHT Runtime Exception: DHT sensor not found, check wiring
04.06.2024 14:06:00 ERROR: DHT Runtime Exception: DHT sensor not found, check wiring
04.06.2024 14:06:11 ERROR: DHT Runtime Exception: DHT sensor not found, check wiring
04.06.2024 14:06:21 ERROR: DHT Runtime Exception: DHT sensor not found, check wiring
04.06.2024 14:06:32 ERROR: DHT Runtime Exception: DHT sensor not found, check wiring
04.06.2024 14:06:42 ERROR: DHT Runtime Exception: DHT sensor not found, check wiring
04.06.2024 14:06:52 ERROR: DHT Runtime Exception: DHT sensor not found, check wiring
04.06.2024 14:07:03 ERROR: DHT Runtime Exception: DHT sensor not found, check wiring
04.06.2024 14:07:13 ERROR: DHT Runtime Exception: DHT sensor not found, check wiring
04.06.2024 14:07:23 ERROR: DHT Runtime Exception: DHT sensor not found, check wiring
04.06.2024 14:07:34 ERROR: DHT Runtime Exception: DHT sensor not found, check wiring
04.06.2024 14:07:44 ERROR: DHT Runtime Exception: DHT sensor not found, check wiring
04.06.2024 14:07:55 ERROR: DHT Runtime Exception: DHT sensor not found, check wiring
04.06.2024 14:08:05 ERROR: DHT Runtime Exception: DHT sensor not found, check wiring
04.06.2024 14:08:15 ERROR: DHT Runtime Exception: DHT sensor not found, check wiring
04.06.2024 14:08:26 ERROR: DHT Runtime Exception: DHT sensor not found, check wiring
04.06.2024 14:08:36 ERROR: DHT Runtime Exception: DHT sensor not found, check wiring
04.06.2024 14:08:47 ERROR: DHT Runtime Exception: DHT sensor not found, check wiring
04.06.2024 14:08:57 ERROR: DHT Runtime Exception: DHT sensor not found, check wiring
04.06.2024 14:09:07 ERROR: DHT Runtime Exception: DHT sensor not found, check wiring
04.06.2024 14:09:18 ERROR: DHT Runtime Exception: DHT sensor not found, check wiring
04.06.2024 14:09:28 ERROR: DHT Runtime Exception: DHT sensor not found, check wiring
04.06.2024 14:09:39 ERROR: DHT Runtime Exception: DHT sensor not found, check wiring
04.06.2024 14:09:49 ERROR: DHT Runtime Exception: DHT sensor not found, check wiring
04.06.2024 14:09:59 ERROR: DHT Runtime Exception: DHT sensor not found, check wiring
04.06.2024 14:10:10 ERROR: DHT Runtime Exception: DHT sensor not found, check wiring
04.06.2024 14:10:20 ERROR: DHT Runtime Exception: DHT sensor not found, check wiring
04.06.2024 14:10:30 ERROR: DHT Runtime Exception: DHT sensor not found, check wiring
04.06.2024 14:10:41 ERROR: DHT Runtime Exception: DHT sensor not found, check wiring
04.06.2024 14:10:51 ERROR: DHT Runtime Exception: DHT sensor not found, check wiring
04.06.2024 14:11:02 ERROR: DHT Runtime Exception: DHT sensor not found, check wiring
04.06.2024 14:11:12 ERROR: DHT Runtime Exception: DHT sensor not found, check wiring
04.06.2024 14:11:22 ERROR: DHT Runtime Exception: DHT sensor not found, check wiring
04.06.2024 14:11:33 ERROR: DHT Runtime Exception: DHT sensor not found, check wiring
04.06.2024 14:11:43 ERROR: DHT Runtime Exception: DHT sensor not found, check wiring
04.06.2024 14:11:54 ERROR: DHT Runtime Exception: DHT sensor not found, check wiring
04.06.2024 14:12:04 ERROR: DHT Runtime Exception: DHT sensor not found, check wiring
04.06.2024 14:12:14 ERROR: DHT Runtime Exception: DHT sensor not found, check wiring
04.06.2024 14:12:25 ERROR: DHT Runtime Exception: DHT sensor not found, check wiring
04.06.2024 14:12:35 ERROR: DHT Runtime Exception: DHT sensor not found, check wiring
04.06.2024 14:12:46 ERROR: DHT Runtime Exception: DHT sensor not found, check wiring
04.06.2024 14:12:56 ERROR: DHT Runtime Exception: DHT sensor not found, check wiring
04.06.2024 14:13:06 ERROR: DHT Runtime Exception: DHT sensor not found, check wiring
04.06.2024 14:13:17 ERROR: DHT Runtime Exception: DHT sensor not found, check wiring
04.06.2024 14:13:27 ERROR: DHT Runtime Exception: DHT sensor not found, check wiring
04.06.2024 14:13:38 ERROR: DHT Runtime Exception: DHT sensor not found, check wiring
04.06.2024 14:13:48 ERROR: DHT Runtime Exception: DHT sensor not found, check wiring
04.06.2024 14:13:58 ERROR: DHT Runtime Exception: DHT sensor not found, check wiring
04.06.2024 14:14:09 ERROR: DHT Runtime Exception: DHT sensor not found, check wiring
04.06.2024 14:14:19 ERROR: DHT Runtime Exception: DHT sensor not found, check wiring
04.06.2024 14:14:30 ERROR: DHT Runtime Exception: DHT sensor not found, check wiring
04.06.2024 14:14:40 ERROR: DHT Runtime Exception: DHT sensor not found, check wiring
04.06.2024 14:14:50 ERROR: DHT Runtime Exception: DHT sensor not found, check wiring
04.06.2024 14:15:01 ERROR: DHT Runtime Exception: DHT sensor not found, check wiring
04.06.2024 14:15:11 ERROR: DHT Runtime Exception: DHT sensor not found, check wiring
04.06.2024 14:15:22 ERROR: DHT Runtime Exception: DHT sensor not found, check wiring
04.06.2024 14:15:32 ERROR: DHT Runtime Exception: DHT sensor not found, check wiring
04.06.2024 14:15:43 ERROR: DHT Runtime Exception: DHT sensor not found, check wiring
04.06.2024 14:15:53 ERROR: DHT Runtime Exception: DHT sensor not found, check wiring
04.06.2024 14:16:03 ERROR: DHT Runtime Exception: DHT sensor not found, check wiring
04.06.2024 14:16:14 ERROR: DHT Runtime Exception: DHT sensor not found, check wiring
04.06.2024 14:16:24 ERROR: DHT Runtime Exception: DHT sensor not found, check wiring
04.06.2024 14:16:35 ERROR: DHT Runtime Exception: DHT sensor not found, check wiring
04.06.2024 14:16:45 ERROR: DHT Runtime Exception: DHT sensor not found, check wiring
04.06.2024 14:16:55 ERROR: DHT Runtime Exception: DHT sensor not found, check wiring
04.06.2024 14:17:06 ERROR: DHT Runtime Exception: DHT sensor not found, check wiring
04.06.2024 14:17:16 ERROR: DHT Runtime Exception: DHT sensor not found, check wiring
04.06.2024 14:17:27 ERROR: DHT Runtime Exception: DHT sensor not found, check wiring
04.06.2024 14:17:37 ERROR: DHT Runtime Exception: DHT sensor not found, check wiring
04.06.2024 14:17:47 ERROR: DHT Runtime Exception: DHT sensor not found, check wiring
04.06.2024 14:17:58 ERROR: DHT Runtime Exception: DHT sensor not found, check wiring
04.06.2024 14:18:08 ERROR: DHT Runtime Exception: DHT sensor not found, check wiring
04.06.2024 14:18:18 ERROR: DHT Runtime Exception: DHT sensor not found, check wiring
04.06.2024 14:18:29 ERROR: DHT Runtime Exception: DHT sensor not found, check wiring
04.06.2024 14:18:39 ERROR: DHT Runtime Exception: DHT sensor not found, check wiring
04.06.2024 14:18:50 ERROR: DHT Runtime Exception: DHT sensor not found, check wiring
04.06.2024 14:19:00 ERROR: DHT Runtime Exception: DHT sensor not found, check wiring
04.06.2024 14:19:10 ERROR: DHT Runtime Exception: DHT sensor not found, check wiring
04.06.2024 14:19:21 ERROR: DHT Runtime Exception: DHT sensor not found, check wiring
04.06.2024 14:19:31 ERROR: DHT Runtime Exception: DHT sensor not found, check wiring
04.06.2024 14:19:42 ERROR: DHT Runtime Exception: DHT sensor not found, check wiring
04.06.2024 14:19:52 ERROR: DHT Runtime Exception: DHT sensor not found, check wiring
04.06.2024 14:20:02 ERROR: DHT Runtime Exception: DHT sensor not found, check wiring
04.06.2024 14:20:13 ERROR: DHT Runtime Exception: DHT sensor not found, check wiring
04.06.2024 14:20:23 ERROR: DHT Runtime Exception: DHT sensor not found, check wiring
04.06.2024 14:20:34 ERROR: DHT Runtime Exception: DHT sensor not found, check wiring
04.06.2024 14:20:44 ERROR: DHT Runtime Exception: DHT sensor not found, check wiring
04.06.2024 14:20:54 ERROR: DHT Runtime Exception: DHT sensor not found, check wiring
04.06.2024 14:21:05 ERROR: DHT Runtime Exception: DHT sensor not found, check wiring
04.06.2024 14:21:15 ERROR: DHT Runtime Exception: DHT sensor not found, check wiring
04.06.2024 14:21:26 ERROR: DHT Runtime Exception: DHT sensor not found, check wiring
04.06.2024 14:21:36 ERROR: DHT Runtime Exception: DHT sensor not found, check wiring
04.06.2024 14:21:46 ERROR: DHT Runtime Exception: DHT sensor not found, check wiring
04.06.2024 14:21:57 ERROR: DHT Runtime Exception: DHT sensor not found, check wiring
04.06.2024 14:22:07 ERROR: DHT Runtime Exception: DHT sensor not found, check wiring
04.06.2024 14:22:18 ERROR: DHT Runtime Exception: DHT sensor not found, check wiring
04.06.2024 14:22:28 ERROR: DHT Runtime Exception: DHT sensor not found, check wiring
04.06.2024 14:22:38 ERROR: DHT Runtime Exception: DHT sensor not found, check wiring
04.06.2024 14:22:49 ERROR: DHT Runtime Exception: DHT sensor not found, check wiring
04.06.2024 14:22:59 ERROR: DHT Runtime Exception: DHT sensor not found, check wiring
04.06.2024 14:23:10 ERROR: DHT Runtime Exception: DHT sensor not found, check wiring
04.06.2024 14:23:20 ERROR: DHT Runtime Exception: DHT sensor not found, check wiring
04.06.2024 14:23:30 ERROR: DHT Runtime Exception: DHT sensor not found, check wiring
04.06.2024 14:23:41 ERROR: DHT Runtime Exception: DHT sensor not found, check wiring
04.06.2024 14:23:51 ERROR: DHT Runtime Exception: DHT sensor not found, check wiring
04.06.2024 14:24:01 ERROR: DHT Runtime Exception: DHT sensor not found, check wiring
04.06.2024 14:24:12 ERROR: DHT Runtime Exception: DHT sensor not found, check wiring
04.06.2024 14:24:22 ERROR: DHT Runtime Exception: DHT sensor not found, check wiring
04.06.2024 14:24:33 ERROR: DHT Runtime Exception: DHT sensor not found, check wiring
04.06.2024 14:24:43 ERROR: DHT Runtime Exception: DHT sensor not found, check wiring
04.06.2024 14:24:53 ERROR: DHT Runtime Exception: DHT sensor not found, check wiring
04.06.2024 14:25:04 ERROR: DHT Runtime Exception: DHT sensor not found, check wiring
04.06.2024 14:25:14 ERROR: DHT Runtime Exception: DHT sensor not found, check wiring
04.06.2024 14:25:25 ERROR: DHT Runtime Exception: DHT sensor not found, check wiring
04.06.2024 14:25:35 ERROR: DHT Runtime Exception: DHT sensor not found, check wiring
04.06.2024 14:25:45 ERROR: DHT Runtime Exception: DHT sensor not found, check wiring
04.06.2024 14:25:56 ERROR: DHT Runtime Exception: DHT sensor not found, check wiring
04.06.2024 14:26:06 ERROR: DHT Runtime Exception: DHT sensor not found, check wiring
04.06.2024 14:26:16 ERROR: DHT Runtime Exception: DHT sensor not found, check wiring
04.06.2024 14:26:27 ERROR: DHT Runtime Exception: DHT sensor not found, check wiring
04.06.2024 14:26:37 ERROR: DHT Runtime Exception: DHT sensor not found, check wiring
04.06.2024 14:26:48 ERROR: DHT Runtime Exception: DHT sensor not found, check wiring
04.06.2024 14:26:58 ERROR: DHT Runtime Exception: DHT sensor not found, check wiring
04.06.2024 14:27:08 ERROR: DHT Runtime Exception: DHT sensor not found, check wiring
04.06.2024 14:27:19 ERROR: DHT Runtime Exception: DHT sensor not found, check wiring
04.06.2024 14:27:29 ERROR: DHT Runtime Exception: DHT sensor not found, check wiring
04.06.2024 14:27:39 ERROR: DHT Runtime Exception: DHT sensor not found, check wiring
04.06.2024 14:27:50 ERROR: DHT Runtime Exception: DHT sensor not found, check wiring
04.06.2024 14:28:00 ERROR: DHT Runtime Exception: DHT sensor not found, check wiring
04.06.2024 14:28:11 ERROR: DHT Runtime Exception: DHT sensor not found, check wiring
04.06.2024 14:28:21 ERROR: DHT Runtime Exception: DHT sensor not found, check wiring
04.06.2024 14:28:31 ERROR: DHT Runtime Exception: DHT sensor not found, check wiring
04.06.2024 14:28:42 ERROR: DHT Runtime Exception: DHT sensor not found, check wiring
04.06.2024 14:28:52 ERROR: DHT Runtime Exception: DHT sensor not found, check wiring
04.06.2024 14:29:03 ERROR: DHT Runtime Exception: DHT sensor not found, check wiring
04.06.2024 14:29:13 ERROR: DHT Runtime Exception: DHT sensor not found, check wiring
04.06.2024 14:29:23 ERROR: DHT Runtime Exception: DHT sensor not found, check wiring
04.06.2024 14:29:34 ERROR: DHT Runtime Exception: DHT sensor not found, check wiring
04.06.2024 14:29:44 ERROR: DHT Runtime Exception: DHT sensor not found, check wiring
04.06.2024 14:29:54 ERROR: DHT Runtime Exception: DHT sensor not found, check wiring
04.06.2024 14:30:05 ERROR: DHT Runtime Exception: DHT sensor not found, check wiring
04.06.2024 14:30:15 ERROR: DHT Runtime Exception: DHT sensor not found, check wiring
04.06.2024 14:30:26 ERROR: DHT Runtime Exception: DHT sensor not found, check wiring
04.06.2024 14:30:36 ERROR: DHT Runtime Exception: DHT sensor not found, check wiring
04.06.2024 14:30:46 ERROR: DHT Runtime Exception: DHT sensor not found, check wiring
04.06.2024 14:30:57 ERROR: DHT Runtime Exception: DHT sensor not found, check wiring
04.06.2024 14:31:07 ERROR: DHT Runtime Exception: DHT sensor not found, check wiring
04.06.2024 14:31:17 ERROR: DHT Runtime Exception: DHT sensor not found, check wiring
04.06.2024 14:31:28 ERROR: DHT Runtime Exception: DHT sensor not found, check wiring
04.06.2024 14:31:38 ERROR: DHT Runtime Exception: DHT sensor not found, check wiring
04.06.2024 14:31:49 ERROR: DHT Runtime Exception: DHT sensor not found, check wiring
04.06.2024 14:31:59 ERROR: DHT Runtime Exception: DHT sensor not found, check wiring
04.06.2024 14:32:09 ERROR: DHT Runtime Exception: DHT sensor not found, check wiring
04.06.2024 14:32:20 ERROR: DHT Runtime Exception: DHT sensor not found, check wiring
04.06.2024 14:32:30 ERROR: DHT Runtime Exception: DHT sensor not found, check wiring
04.06.2024 14:32:41 ERROR: DHT Runtime Exception: DHT sensor not found, check wiring
04.06.2024 14:32:51 ERROR: DHT Runtime Exception: DHT sensor not found, check wiring
04.06.2024 14:33:01 ERROR: DHT Runtime Exception: DHT sensor not found, check wiring
04.06.2024 14:33:12 ERROR: DHT Runtime Exception: DHT sensor not found, check wiring
04.06.2024 14:33:22 ERROR: DHT Runtime Exception: DHT sensor not found, check wiring
04.06.2024 14:33:32 ERROR: DHT Runtime Exception: DHT sensor not found, check wiring
04.06.2024 14:33:43 ERROR: DHT Runtime Exception: DHT sensor not found, check wiring
04.06.2024 14:33:53 ERROR: DHT Runtime Exception: DHT sensor not found, check wiring
04.06.2024 14:34:04 ERROR: DHT Runtime Exception: DHT sensor not found, check wiring
04.06.2024 14:34:14 ERROR: DHT Runtime Exception: DHT sensor not found, check wiring
04.06.2024 14:34:24 ERROR: DHT Runtime Exception: DHT sensor not found, check wiring
04.06.2024 14:34:35 ERROR: DHT Runtime Exception: DHT sensor not found, check wiring
04.06.2024 14:34:45 ERROR: DHT Runtime Exception: DHT sensor not found, check wiring
04.06.2024 14:34:56 ERROR: DHT Runtime Exception: DHT sensor not found, check wiring
04.06.2024 14:35:06 ERROR: DHT Runtime Exception: DHT sensor not found, check wiring
04.06.2024 14:35:16 ERROR: DHT Runtime Exception: DHT sensor not found, check wiring
04.06.2024 14:35:27 ERROR: DHT Runtime Exception: DHT sensor not found, check wiring
04.06.2024 14:35:37 ERROR: DHT Runtime Exception: DHT sensor not found, check wiring
04.06.2024 14:35:48 ERROR: DHT Runtime Exception: DHT sensor not found, check wiring
04.06.2024 14:35:58 ERROR: DHT Runtime Exception: DHT sensor not found, check wiring
04.06.2024 14:36:08 ERROR: DHT Runtime Exception: DHT sensor not found, check wiring
04.06.2024 14:36:19 ERROR: DHT Runtime Exception: DHT sensor not found, check wiring
04.06.2024 14:36:29 ERROR: DHT Runtime Exception: DHT sensor not found, check wiring
04.06.2024 14:36:40 ERROR: DHT Runtime Exception: DHT sensor not found, check wiring
04.06.2024 14:36:50 ERROR: DHT Runtime Exception: DHT sensor not found, check wiring
04.06.2024 14:37:00 ERROR: DHT Runtime Exception: DHT sensor not found, check wiring
04.06.2024 14:37:11 ERROR: DHT Runtime Exception: DHT sensor not found, check wiring
04.06.2024 14:37:21 ERROR: DHT Runtime Exception: DHT sensor not found, check wiring
04.06.2024 14:37:31 ERROR: DHT Runtime Exception: DHT sensor not found, check wiring
04.06.2024 14:37:42 ERROR: DHT Runtime Exception: DHT sensor not found, check wiring
04.06.2024 14:37:52 ERROR: DHT Runtime Exception: DHT sensor not found, check wiring
04.06.2024 14:38:03 ERROR: DHT Runtime Exception: DHT sensor not found, check wiring
04.06.2024 14:38:13 ERROR: DHT Runtime Exception: DHT sensor not found, check wiring
04.06.2024 14:38:23 ERROR: DHT Runtime Exception: DHT sensor not found, check wiring
04.06.2024 14:38:34 ERROR: DHT Runtime Exception: DHT sensor not found, check wiring
04.06.2024 14:38:44 ERROR: DHT Runtime Exception: DHT sensor not found, check wiring
04.06.2024 14:38:55 ERROR: DHT Runtime Exception: DHT sensor not found, check wiring
04.06.2024 14:39:05 ERROR: DHT Runtime Exception: DHT sensor not found, check wiring
04.06.2024 14:39:15 ERROR: DHT Runtime Exception: DHT sensor not found, check wiring
04.06.2024 14:39:26 ERROR: DHT Runtime Exception: DHT sensor not found, check wiring
04.06.2024 14:39:36 ERROR: DHT Runtime Exception: DHT sensor not found, check wiring
04.06.2024 14:39:46 ERROR: DHT Runtime Exception: DHT sensor not found, check wiring
04.06.2024 14:39:57 ERROR: DHT Runtime Exception: DHT sensor not found, check wiring
04.06.2024 14:40:07 ERROR: DHT Runtime Exception: DHT sensor not found, check wiring
04.06.2024 14:40:18 ERROR: DHT Runtime Exception: DHT sensor not found, check wiring
04.06.2024 14:40:28 ERROR: DHT Runtime Exception: DHT sensor not found, check wiring
04.06.2024 14:40:38 ERROR: DHT Runtime Exception: DHT sensor not found, check wiring
04.06.2024 14:40:49 ERROR: DHT Runtime Exception: DHT sensor not found, check wiring
04.06.2024 14:40:59 ERROR: DHT Runtime Exception: DHT sensor not found, check wiring
04.06.2024 14:41:10 ERROR: DHT Runtime Exception: DHT sensor not found, check wiring
04.06.2024 14:41:20 ERROR: DHT Runtime Exception: DHT sensor not found, check wiring
04.06.2024 14:41:30 ERROR: DHT Runtime Exception: DHT sensor not found, check wiring
04.06.2024 14:41:41 ERROR: DHT Runtime Exception: DHT sensor not found, check wiring
04.06.2024 14:41:51 ERROR: DHT Runtime Exception: DHT sensor not found, check wiring
04.06.2024 14:42:01 ERROR: DHT Runtime Exception: DHT sensor not found, check wiring
04.06.2024 14:43:56 ERROR: DHT Runtime Exception: Checksum did not validate. Try again.
04.06.2024 14:49:08 ERROR: DHT Runtime Exception: Checksum did not validate. Try again.
04.06.2024 14:49:19 ERROR: DHT Runtime Exception: Checksum did not validate. Try again.
04.06.2024 14:52:57 ERROR: DHT Runtime Exception: A full buffer was not returned. Try again.
04.06.2024 14:54:51 ERROR: DHT Runtime Exception: Checksum did not validate. Try again.
04.06.2024 15:03:51 ERROR: DHT Runtime Exception: A full buffer was not returned. Try again.
04.06.2024 15:06:07 ERROR: DHT Runtime Exception: Checksum did not validate. Try again.
04.06.2024 15:10:48 ERROR: DHT Runtime Exception: Checksum did not validate. Try again.
04.06.2024 15:11:50 ERROR: DHT Runtime Exception: Checksum did not validate. Try again.
04.06.2024 15:13:34 ERROR: DHT Runtime Exception: Checksum did not validate. Try again.
04.06.2024 15:22:45 ERROR: DHT Runtime Exception: Checksum did not validate. Try again.
04.06.2024 15:26:44 ERROR: DHT Runtime Exception: Checksum did not validate. Try again.
04.06.2024 15:28:59 ERROR: DHT Runtime Exception: Checksum did not validate. Try again.
04.06.2024 15:32:27 ERROR: DHT Runtime Exception: A full buffer was not returned. Try again.
04.06.2024 15:33:08 ERROR: DHT Runtime Exception: Checksum did not validate. Try again.
04.06.2024 15:34:31 ERROR: DHT Runtime Exception: Checksum did not validate. Try again.
04.06.2024 15:36:05 ERROR: DHT Runtime Exception: Checksum did not validate. Try again.
04.06.2024 15:42:09 ERROR: DHT Runtime Exception: Checksum did not validate. Try again.
04.06.2024 15:46:08 ERROR: DHT Runtime Exception: Checksum did not validate. Try again.
04.06.2024 15:46:29 ERROR: DHT Runtime Exception: A full buffer was not returned. Try again.
04.06.2024 15:48:12 ERROR: DHT Runtime Exception: A full buffer was not returned. Try again.
04.06.2024 15:50:48 ERROR: DHT Runtime Exception: Checksum did not validate. Try again.
04.06.2024 15:51:51 ERROR: DHT Runtime Exception: Checksum did not validate. Try again.
04.06.2024 15:59:18 ERROR: DHT Runtime Exception: Checksum did not validate. Try again.
04.06.2024 15:59:59 ERROR: DHT Runtime Exception: Checksum did not validate. Try again.
04.06.2024 16:02:35 ERROR: DHT Runtime Exception: A full buffer was not returned. Try again.
04.06.2024 16:11:04 ERROR: DHT Runtime Exception: Checksum did not validate. Try again.
04.06.2024 16:15:06 ERROR: DHT Runtime Exception: DHT sensor not found, check wiring
04.06.2024 16:15:17 ERROR: DHT Runtime Exception: DHT sensor not found, check wiring
04.06.2024 16:15:27 ERROR: DHT Runtime Exception: DHT sensor not found, check wiring
04.06.2024 16:15:37 ERROR: DHT Runtime Exception: DHT sensor not found, check wiring
04.06.2024 16:15:48 ERROR: DHT Runtime Exception: DHT sensor not found, check wiring
04.06.2024 16:15:58 ERROR: DHT Runtime Exception: DHT sensor not found, check wiring
04.06.2024 16:16:09 ERROR: DHT Runtime Exception: DHT sensor not found, check wiring
04.06.2024 16:16:19 ERROR: DHT Runtime Exception: DHT sensor not found, check wiring
04.06.2024 16:16:29 ERROR: DHT Runtime Exception: DHT sensor not found, check wiring
04.06.2024 16:16:40 ERROR: DHT Runtime Exception: DHT sensor not found, check wiring
04.06.2024 16:16:50 ERROR: DHT Runtime Exception: DHT sensor not found, check wiring
04.06.2024 16:17:00 ERROR: DHT Runtime Exception: DHT sensor not found, check wiring
04.06.2024 16:17:11 ERROR: DHT Runtime Exception: DHT sensor not found, check wiring
04.06.2024 16:17:21 ERROR: DHT Runtime Exception: DHT sensor not found, check wiring
04.06.2024 16:17:32 ERROR: DHT Runtime Exception: DHT sensor not found, check wiring
04.06.2024 16:17:42 ERROR: DHT Runtime Exception: DHT sensor not found, check wiring
04.06.2024 16:17:52 ERROR: DHT Runtime Exception: DHT sensor not found, check wiring
04.06.2024 16:18:03 ERROR: DHT Runtime Exception: DHT sensor not found, check wiring
04.06.2024 16:18:13 ERROR: DHT Runtime Exception: DHT sensor not found, check wiring
04.06.2024 16:18:24 ERROR: DHT Runtime Exception: DHT sensor not found, check wiring
04.06.2024 16:18:34 ERROR: DHT Runtime Exception: DHT sensor not found, check wiring
04.06.2024 16:18:44 ERROR: DHT Runtime Exception: DHT sensor not found, check wiring
04.06.2024 16:18:55 ERROR: DHT Runtime Exception: DHT sensor not found, check wiring
04.06.2024 16:19:05 ERROR: DHT Runtime Exception: DHT sensor not found, check wiring
04.06.2024 16:19:16 ERROR: DHT Runtime Exception: DHT sensor not found, check wiring
04.06.2024 16:19:26 ERROR: DHT Runtime Exception: DHT sensor not found, check wiring
04.06.2024 16:19:36 ERROR: DHT Runtime Exception: DHT sensor not found, check wiring
04.06.2024 16:19:47 ERROR: DHT Runtime Exception: DHT sensor not found, check wiring
04.06.2024 16:19:57 ERROR: DHT Runtime Exception: DHT sensor not found, check wiring
04.06.2024 16:20:08 ERROR: DHT Runtime Exception: DHT sensor not found, check wiring
04.06.2024 16:20:18 ERROR: DHT Runtime Exception: DHT sensor not found, check wiring
04.06.2024 16:20:28 ERROR: DHT Runtime Exception: DHT sensor not found, check wiring
04.06.2024 16:20:39 ERROR: DHT Runtime Exception: DHT sensor not found, check wiring
04.06.2024 16:20:49 ERROR: DHT Runtime Exception: DHT sensor not found, check wiring
04.06.2024 16:21:00 ERROR: DHT Runtime Exception: DHT sensor not found, check wiring
04.06.2024 16:21:10 ERROR: DHT Runtime Exception: DHT sensor not found, check wiring
04.06.2024 16:21:20 ERROR: DHT Runtime Exception: DHT sensor not found, check wiring
04.06.2024 16:21:31 ERROR: DHT Runtime Exception: DHT sensor not found, check wiring
04.06.2024 16:21:41 ERROR: DHT Runtime Exception: DHT sensor not found, check wiring
04.06.2024 16:21:52 ERROR: DHT Runtime Exception: DHT sensor not found, check wiring
04.06.2024 16:22:02 ERROR: DHT Runtime Exception: DHT sensor not found, check wiring
04.06.2024 16:22:13 ERROR: DHT Runtime Exception: DHT sensor not found, check wiring
04.06.2024 16:22:23 ERROR: DHT Runtime Exception: DHT sensor not found, check wiring
04.06.2024 16:22:34 ERROR: DHT Runtime Exception: DHT sensor not found, check wiring
04.06.2024 16:22:44 ERROR: DHT Runtime Exception: DHT sensor not found, check wiring
04.06.2024 16:22:55 ERROR: DHT Runtime Exception: DHT sensor not found, check wiring
04.06.2024 16:23:05 ERROR: DHT Runtime Exception: DHT sensor not found, check wiring
04.06.2024 16:23:15 ERROR: DHT Runtime Exception: DHT sensor not found, check wiring
04.06.2024 16:23:26 ERROR: DHT Runtime Exception: DHT sensor not found, check wiring
04.06.2024 16:23:36 ERROR: DHT Runtime Exception: DHT sensor not found, check wiring
04.06.2024 16:23:47 ERROR: DHT Runtime Exception: DHT sensor not found, check wiring
04.06.2024 16:23:57 ERROR: DHT Runtime Exception: DHT sensor not found, check wiring
04.06.2024 16:24:07 ERROR: DHT Runtime Exception: DHT sensor not found, check wiring
04.06.2024 16:24:18 ERROR: DHT Runtime Exception: DHT sensor not found, check wiring
04.06.2024 16:24:28 ERROR: DHT Runtime Exception: DHT sensor not found, check wiring
04.06.2024 16:24:39 ERROR: DHT Runtime Exception: DHT sensor not found, check wiring
04.06.2024 16:24:49 ERROR: DHT Runtime Exception: DHT sensor not found, check wiring
04.06.2024 16:24:59 ERROR: DHT Runtime Exception: DHT sensor not found, check wiring
04.06.2024 16:25:10 ERROR: DHT Runtime Exception: DHT sensor not found, check wiring
04.06.2024 16:25:20 ERROR: DHT Runtime Exception: DHT sensor not found, check wiring
04.06.2024 16:25:31 ERROR: DHT Runtime Exception: DHT sensor not found, check wiring
04.06.2024 16:25:41 ERROR: DHT Runtime Exception: DHT sensor not found, check wiring
04.06.2024 16:25:51 ERROR: DHT Runtime Exception: DHT sensor not found, check wiring
04.06.2024 16:26:02 ERROR: DHT Runtime Exception: DHT sensor not found, check wiring
04.06.2024 16:26:12 ERROR: DHT Runtime Exception: DHT sensor not found, check wiring
04.06.2024 16:26:23 ERROR: DHT Runtime Exception: DHT sensor not found, check wiring
04.06.2024 16:26:33 ERROR: DHT Runtime Exception: DHT sensor not found, check wiring
04.06.2024 16:26:43 ERROR: DHT Runtime Exception: DHT sensor not found, check wiring
04.06.2024 16:26:54 ERROR: DHT Runtime Exception: DHT sensor not found, check wiring
04.06.2024 16:27:04 ERROR: DHT Runtime Exception: DHT sensor not found, check wiring
04.06.2024 16:27:15 ERROR: DHT Runtime Exception: DHT sensor not found, check wiring
04.06.2024 16:27:25 ERROR: DHT Runtime Exception: DHT sensor not found, check wiring
04.06.2024 16:27:35 ERROR: DHT Runtime Exception: DHT sensor not found, check wiring
04.06.2024 16:27:46 ERROR: DHT Runtime Exception: DHT sensor not found, check wiring
04.06.2024 16:27:56 ERROR: DHT Runtime Exception: DHT sensor not found, check wiring
04.06.2024 16:28:07 ERROR: DHT Runtime Exception: DHT sensor not found, check wiring
04.06.2024 16:28:19 ERROR: DHT Runtime Exception: DHT sensor not found, check wiring
04.06.2024 16:28:31 ERROR: DHT Runtime Exception: DHT sensor not found, check wiring
04.06.2024 16:28:42 ERROR: DHT Runtime Exception: DHT sensor not found, check wiring
04.06.2024 16:28:52 ERROR: DHT Runtime Exception: DHT sensor not found, check wiring
04.06.2024 16:29:03 ERROR: DHT Runtime Exception: DHT sensor not found, check wiring
04.06.2024 16:29:13 ERROR: DHT Runtime Exception: DHT sensor not found, check wiring
04.06.2024 16:29:23 ERROR: DHT Runtime Exception: DHT sensor not found, check wiring
04.06.2024 16:29:34 ERROR: DHT Runtime Exception: DHT sensor not found, check wiring
04.06.2024 16:29:44 ERROR: DHT Runtime Exception: DHT sensor not found, check wiring
04.06.2024 16:29:55 ERROR: DHT Runtime Exception: DHT sensor not found, check wiring
04.06.2024 16:30:05 ERROR: DHT Runtime Exception: DHT sensor not found, check wiring
04.06.2024 16:30:15 ERROR: DHT Runtime Exception: DHT sensor not found, check wiring
04.06.2024 16:30:26 ERROR: DHT Runtime Exception: DHT sensor not found, check wiring
04.06.2024 16:30:36 ERROR: DHT Runtime Exception: DHT sensor not found, check wiring
04.06.2024 16:30:47 ERROR: DHT Runtime Exception: DHT sensor not found, check wiring
04.06.2024 16:30:57 ERROR: DHT Runtime Exception: DHT sensor not found, check wiring
04.06.2024 16:31:07 ERROR: DHT Runtime Exception: DHT sensor not found, check wiring
04.06.2024 16:31:18 ERROR: DHT Runtime Exception: DHT sensor not found, check wiring
04.06.2024 16:31:28 ERROR: DHT Runtime Exception: DHT sensor not found, check wiring
04.06.2024 16:31:39 ERROR: DHT Runtime Exception: DHT sensor not found, check wiring
04.06.2024 16:31:49 ERROR: DHT Runtime Exception: DHT sensor not found, check wiring
04.06.2024 16:31:59 ERROR: DHT Runtime Exception: DHT sensor not found, check wiring
04.06.2024 16:32:10 ERROR: DHT Runtime Exception: DHT sensor not found, check wiring
04.06.2024 16:32:20 ERROR: DHT Runtime Exception: DHT sensor not found, check wiring
04.06.2024 16:32:30 ERROR: DHT Runtime Exception: DHT sensor not found, check wiring
04.06.2024 16:32:41 ERROR: DHT Runtime Exception: DHT sensor not found, check wiring
04.06.2024 16:32:51 ERROR: DHT Runtime Exception: DHT sensor not found, check wiring
04.06.2024 16:33:02 ERROR: DHT Runtime Exception: DHT sensor not found, check wiring
04.06.2024 16:33:12 ERROR: DHT Runtime Exception: DHT sensor not found, check wiring
04.06.2024 16:33:22 ERROR: DHT Runtime Exception: DHT sensor not found, check wiring
04.06.2024 16:33:33 ERROR: DHT Runtime Exception: DHT sensor not found, check wiring
04.06.2024 16:33:43 ERROR: DHT Runtime Exception: DHT sensor not found, check wiring
04.06.2024 16:33:54 ERROR: DHT Runtime Exception: DHT sensor not found, check wiring
04.06.2024 16:34:04 ERROR: DHT Runtime Exception: DHT sensor not found, check wiring
04.06.2024 16:34:14 ERROR: DHT Runtime Exception: DHT sensor not found, check wiring
04.06.2024 16:34:25 ERROR: DHT Runtime Exception: DHT sensor not found, check wiring
04.06.2024 16:34:35 ERROR: DHT Runtime Exception: DHT sensor not found, check wiring
04.06.2024 16:34:46 ERROR: DHT Runtime Exception: DHT sensor not found, check wiring
04.06.2024 16:34:56 ERROR: DHT Runtime Exception: DHT sensor not found, check wiring
04.06.2024 16:35:07 ERROR: DHT Runtime Exception: DHT sensor not found, check wiring
04.06.2024 16:35:20 ERROR: DHT Runtime Exception: DHT sensor not found, check wiring
04.06.2024 16:35:30 ERROR: DHT Runtime Exception: DHT sensor not found, check wiring
04.06.2024 16:35:40 ERROR: DHT Runtime Exception: DHT sensor not found, check wiring
04.06.2024 16:35:51 ERROR: DHT Runtime Exception: DHT sensor not found, check wiring
04.06.2024 16:36:01 ERROR: DHT Runtime Exception: DHT sensor not found, check wiring
04.06.2024 16:36:14 ERROR: DHT Runtime Exception: DHT sensor not found, check wiring
04.06.2024 16:36:28 ERROR: DHT Runtime Exception: DHT sensor not found, check wiring
04.06.2024 16:36:43 ERROR: DHT Runtime Exception: DHT sensor not found, check wiring
04.06.2024 16:36:53 ERROR: DHT Runtime Exception: DHT sensor not found, check wiring
04.06.2024 16:37:04 ERROR: DHT Runtime Exception: DHT sensor not found, check wiring
04.06.2024 16:37:14 ERROR: DHT Runtime Exception: DHT sensor not found, check wiring
04.06.2024 16:37:25 ERROR: DHT Runtime Exception: DHT sensor not found, check wiring
04.06.2024 16:37:35 ERROR: DHT Runtime Exception: DHT sensor not found, check wiring
04.06.2024 16:37:46 ERROR: DHT Runtime Exception: DHT sensor not found, check wiring
04.06.2024 16:37:56 ERROR: DHT Runtime Exception: DHT sensor not found, check wiring
04.06.2024 16:38:07 ERROR: DHT Runtime Exception: DHT sensor not found, check wiring
04.06.2024 16:38:21 ERROR: DHT Runtime Exception: DHT sensor not found, check wiring
04.06.2024 16:38:31 ERROR: DHT Runtime Exception: DHT sensor not found, check wiring
04.06.2024 16:38:42 ERROR: DHT Runtime Exception: DHT sensor not found, check wiring
04.06.2024 16:38:52 ERROR: DHT Runtime Exception: DHT sensor not found, check wiring
04.06.2024 16:39:02 ERROR: DHT Runtime Exception: DHT sensor not found, check wiring
04.06.2024 16:39:13 ERROR: DHT Runtime Exception: DHT sensor not found, check wiring
04.06.2024 16:39:23 ERROR: DHT Runtime Exception: DHT sensor not found, check wiring
04.06.2024 16:39:34 ERROR: DHT Runtime Exception: DHT sensor not found, check wiring
04.06.2024 16:39:44 ERROR: DHT Runtime Exception: DHT sensor not found, check wiring
04.06.2024 16:39:54 ERROR: DHT Runtime Exception: DHT sensor not found, check wiring
04.06.2024 16:40:05 ERROR: DHT Runtime Exception: DHT sensor not found, check wiring
04.06.2024 16:40:15 ERROR: DHT Runtime Exception: DHT sensor not found, check wiring
04.06.2024 16:40:25 ERROR: DHT Runtime Exception: DHT sensor not found, check wiring
04.06.2024 16:40:36 ERROR: DHT Runtime Exception: DHT sensor not found, check wiring
04.06.2024 16:40:46 ERROR: DHT Runtime Exception: DHT sensor not found, check wiring
04.06.2024 16:40:57 ERROR: DHT Runtime Exception: DHT sensor not found, check wiring
04.06.2024 16:41:07 ERROR: DHT Runtime Exception: DHT sensor not found, check wiring
04.06.2024 16:41:17 ERROR: DHT Runtime Exception: DHT sensor not found, check wiring
04.06.2024 16:41:28 ERROR: DHT Runtime Exception: DHT sensor not found, check wiring
04.06.2024 16:41:38 ERROR: DHT Runtime Exception: DHT sensor not found, check wiring
04.06.2024 16:41:49 ERROR: DHT Runtime Exception: DHT sensor not found, check wiring
04.06.2024 16:41:59 ERROR: DHT Runtime Exception: DHT sensor not found, check wiring
04.06.2024 16:42:09 ERROR: DHT Runtime Exception: DHT sensor not found, check wiring
04.06.2024 16:42:20 ERROR: DHT Runtime Exception: DHT sensor not found, check wiring
04.06.2024 16:42:30 ERROR: DHT Runtime Exception: DHT sensor not found, check wiring
04.06.2024 16:42:40 ERROR: DHT Runtime Exception: DHT sensor not found, check wiring
04.06.2024 16:42:51 ERROR: DHT Runtime Exception: DHT sensor not found, check wiring
04.06.2024 16:43:01 ERROR: DHT Runtime Exception: DHT sensor not found, check wiring
04.06.2024 16:43:12 ERROR: DHT Runtime Exception: DHT sensor not found, check wiring
04.06.2024 16:43:22 ERROR: DHT Runtime Exception: DHT sensor not found, check wiring
04.06.2024 16:43:32 ERROR: DHT Runtime Exception: DHT sensor not found, check wiring
04.06.2024 16:43:43 ERROR: DHT Runtime Exception: DHT sensor not found, check wiring
04.06.2024 16:43:53 ERROR: DHT Runtime Exception: DHT sensor not found, check wiring
04.06.2024 16:44:03 ERROR: DHT Runtime Exception: DHT sensor not found, check wiring
04.06.2024 16:44:14 ERROR: DHT Runtime Exception: DHT sensor not found, check wiring
04.06.2024 16:44:24 ERROR: DHT Runtime Exception: DHT sensor not found, check wiring
04.06.2024 16:44:35 ERROR: DHT Runtime Exception: DHT sensor not found, check wiring
04.06.2024 16:44:45 ERROR: DHT Runtime Exception: DHT sensor not found, check wiring
04.06.2024 16:44:55 ERROR: DHT Runtime Exception: DHT sensor not found, check wiring
04.06.2024 16:45:06 ERROR: DHT Runtime Exception: DHT sensor not found, check wiring
04.06.2024 16:45:16 ERROR: DHT Runtime Exception: DHT sensor not found, check wiring
04.06.2024 16:45:27 ERROR: DHT Runtime Exception: DHT sensor not found, check wiring
04.06.2024 16:45:37 ERROR: DHT Runtime Exception: DHT sensor not found, check wiring
04.06.2024 16:45:47 ERROR: DHT Runtime Exception: DHT sensor not found, check wiring
04.06.2024 16:45:58 ERROR: DHT Runtime Exception: DHT sensor not found, check wiring
04.06.2024 16:46:08 ERROR: DHT Runtime Exception: DHT sensor not found, check wiring
04.06.2024 16:46:18 ERROR: DHT Runtime Exception: DHT sensor not found, check wiring
04.06.2024 16:46:29 ERROR: DHT Runtime Exception: DHT sensor not found, check wiring
04.06.2024 16:46:39 ERROR: DHT Runtime Exception: DHT sensor not found, check wiring
04.06.2024 16:46:50 ERROR: DHT Runtime Exception: DHT sensor not found, check wiring
04.06.2024 16:47:00 ERROR: DHT Runtime Exception: DHT sensor not found, check wiring
04.06.2024 16:47:10 ERROR: DHT Runtime Exception: DHT sensor not found, check wiring
04.06.2024 16:47:21 ERROR: DHT Runtime Exception: DHT sensor not found, check wiring
04.06.2024 16:47:31 ERROR: DHT Runtime Exception: DHT sensor not found, check wiring
04.06.2024 16:47:42 ERROR: DHT Runtime Exception: DHT sensor not found, check wiring
04.06.2024 16:47:52 ERROR: DHT Runtime Exception: DHT sensor not found, check wiring
04.06.2024 16:48:02 ERROR: DHT Runtime Exception: DHT sensor not found, check wiring
04.06.2024 16:48:13 ERROR: DHT Runtime Exception: DHT sensor not found, check wiring
04.06.2024 16:48:23 ERROR: DHT Runtime Exception: DHT sensor not found, check wiring
04.06.2024 16:48:34 ERROR: DHT Runtime Exception: DHT sensor not found, check wiring
04.06.2024 16:48:44 ERROR: DHT Runtime Exception: DHT sensor not found, check wiring
04.06.2024 16:48:54 ERROR: DHT Runtime Exception: DHT sensor not found, check wiring
04.06.2024 16:49:05 ERROR: DHT Runtime Exception: DHT sensor not found, check wiring
04.06.2024 16:49:15 ERROR: DHT Runtime Exception: DHT sensor not found, check wiring
04.06.2024 16:49:25 ERROR: DHT Runtime Exception: DHT sensor not found, check wiring
04.06.2024 16:49:36 ERROR: DHT Runtime Exception: DHT sensor not found, check wiring
04.06.2024 16:49:46 ERROR: DHT Runtime Exception: DHT sensor not found, check wiring
04.06.2024 16:49:57 ERROR: DHT Runtime Exception: DHT sensor not found, check wiring
04.06.2024 16:50:07 ERROR: DHT Runtime Exception: DHT sensor not found, check wiring
04.06.2024 16:50:17 ERROR: DHT Runtime Exception: DHT sensor not found, check wiring
04.06.2024 16:50:28 ERROR: DHT Runtime Exception: DHT sensor not found, check wiring
04.06.2024 16:50:38 ERROR: DHT Runtime Exception: DHT sensor not found, check wiring
04.06.2024 16:50:49 ERROR: DHT Runtime Exception: DHT sensor not found, check wiring
04.06.2024 16:50:59 ERROR: DHT Runtime Exception: DHT sensor not found, check wiring
04.06.2024 16:51:09 ERROR: DHT Runtime Exception: DHT sensor not found, check wiring
04.06.2024 16:51:20 ERROR: DHT Runtime Exception: DHT sensor not found, check wiring
04.06.2024 16:51:30 ERROR: DHT Runtime Exception: DHT sensor not found, check wiring
04.06.2024 16:51:40 ERROR: DHT Runtime Exception: DHT sensor not found, check wiring
04.06.2024 16:51:51 ERROR: DHT Runtime Exception: DHT sensor not found, check wiring
04.06.2024 16:52:01 ERROR: DHT Runtime Exception: DHT sensor not found, check wiring
04.06.2024 16:52:12 ERROR: DHT Runtime Exception: DHT sensor not found, check wiring
04.06.2024 16:52:22 ERROR: DHT Runtime Exception: DHT sensor not found, check wiring
04.06.2024 16:52:32 ERROR: DHT Runtime Exception: DHT sensor not found, check wiring
04.06.2024 16:52:43 ERROR: DHT Runtime Exception: DHT sensor not found, check wiring
04.06.2024 16:52:53 ERROR: DHT Runtime Exception: DHT sensor not found, check wiring
04.06.2024 16:53:03 ERROR: DHT Runtime Exception: DHT sensor not found, check wiring
04.06.2024 16:53:14 ERROR: DHT Runtime Exception: DHT sensor not found, check wiring
04.06.2024 16:53:24 ERROR: DHT Runtime Exception: DHT sensor not found, check wiring
04.06.2024 16:53:35 ERROR: DHT Runtime Exception: DHT sensor not found, check wiring
04.06.2024 16:53:45 ERROR: DHT Runtime Exception: DHT sensor not found, check wiring
04.06.2024 16:53:55 ERROR: DHT Runtime Exception: DHT sensor not found, check wiring
04.06.2024 16:54:06 ERROR: DHT Runtime Exception: DHT sensor not found, check wiring
04.06.2024 16:54:16 ERROR: DHT Runtime Exception: DHT sensor not found, check wiring
04.06.2024 16:54:27 ERROR: DHT Runtime Exception: DHT sensor not found, check wiring
04.06.2024 16:54:37 ERROR: DHT Runtime Exception: DHT sensor not found, check wiring
04.06.2024 16:54:47 ERROR: DHT Runtime Exception: DHT sensor not found, check wiring
04.06.2024 16:54:58 ERROR: DHT Runtime Exception: DHT sensor not found, check wiring
04.06.2024 16:55:08 ERROR: DHT Runtime Exception: DHT sensor not found, check wiring
04.06.2024 16:55:18 ERROR: DHT Runtime Exception: DHT sensor not found, check wiring
04.06.2024 16:55:29 ERROR: DHT Runtime Exception: DHT sensor not found, check wiring
04.06.2024 16:55:39 ERROR: DHT Runtime Exception: DHT sensor not found, check wiring
04.06.2024 16:55:50 ERROR: DHT Runtime Exception: DHT sensor not found, check wiring
04.06.2024 16:56:00 ERROR: DHT Runtime Exception: DHT sensor not found, check wiring
04.06.2024 16:56:10 ERROR: DHT Runtime Exception: DHT sensor not found, check wiring
04.06.2024 16:56:21 ERROR: DHT Runtime Exception: DHT sensor not found, check wiring
04.06.2024 16:56:31 ERROR: DHT Runtime Exception: DHT sensor not found, check wiring
04.06.2024 16:56:42 ERROR: DHT Runtime Exception: DHT sensor not found, check wiring
04.06.2024 16:56:52 ERROR: DHT Runtime Exception: DHT sensor not found, check wiring
04.06.2024 16:57:02 ERROR: DHT Runtime Exception: DHT sensor not found, check wiring
04.06.2024 16:57:13 ERROR: DHT Runtime Exception: DHT sensor not found, check wiring
04.06.2024 16:57:23 ERROR: DHT Runtime Exception: DHT sensor not found, check wiring
04.06.2024 16:57:33 ERROR: DHT Runtime Exception: DHT sensor not found, check wiring
04.06.2024 16:57:44 ERROR: DHT Runtime Exception: DHT sensor not found, check wiring
04.06.2024 16:57:54 ERROR: DHT Runtime Exception: DHT sensor not found, check wiring
04.06.2024 16:58:05 ERROR: DHT Runtime Exception: DHT sensor not found, check wiring
04.06.2024 16:58:15 ERROR: DHT Runtime Exception: DHT sensor not found, check wiring
04.06.2024 16:58:25 ERROR: DHT Runtime Exception: DHT sensor not found, check wiring
04.06.2024 16:58:36 ERROR: DHT Runtime Exception: DHT sensor not found, check wiring
04.06.2024 16:58:47 ERROR: DHT Runtime Exception: DHT sensor not found, check wiring
04.06.2024 16:58:57 ERROR: DHT Runtime Exception: DHT sensor not found, check wiring
04.06.2024 16:59:08 ERROR: DHT Runtime Exception: DHT sensor not found, check wiring
04.06.2024 16:59:18 ERROR: DHT Runtime Exception: DHT sensor not found, check wiring
04.06.2024 16:59:28 ERROR: DHT Runtime Exception: DHT sensor not found, check wiring
04.06.2024 16:59:39 ERROR: DHT Runtime Exception: DHT sensor not found, check wiring
04.06.2024 16:59:49 ERROR: DHT Runtime Exception: DHT sensor not found, check wiring
04.06.2024 16:59:59 ERROR: DHT Runtime Exception: DHT sensor not found, check wiring
04.06.2024 17:00:10 ERROR: DHT Runtime Exception: DHT sensor not found, check wiring
04.06.2024 17:00:20 ERROR: DHT Runtime Exception: DHT sensor not found, check wiring
04.06.2024 17:00:31 ERROR: DHT Runtime Exception: DHT sensor not found, check wiring
04.06.2024 17:00:41 ERROR: DHT Runtime Exception: DHT sensor not found, check wiring
04.06.2024 17:00:51 ERROR: DHT Runtime Exception: DHT sensor not found, check wiring
04.06.2024 17:01:02 ERROR: DHT Runtime Exception: DHT sensor not found, check wiring
04.06.2024 17:01:12 ERROR: DHT Runtime Exception: DHT sensor not found, check wiring
04.06.2024 17:01:23 ERROR: DHT Runtime Exception: DHT sensor not found, check wiring
04.06.2024 17:01:33 ERROR: DHT Runtime Exception: DHT sensor not found, check wiring
04.06.2024 17:01:43 ERROR: DHT Runtime Exception: DHT sensor not found, check wiring
04.06.2024 17:01:54 ERROR: DHT Runtime Exception: DHT sensor not found, check wiring
04.06.2024 17:02:04 ERROR: DHT Runtime Exception: DHT sensor not found, check wiring
04.06.2024 17:02:14 ERROR: DHT Runtime Exception: DHT sensor not found, check wiring
04.06.2024 17:02:25 ERROR: DHT Runtime Exception: DHT sensor not found, check wiring
04.06.2024 17:02:35 ERROR: DHT Runtime Exception: DHT sensor not found, check wiring
04.06.2024 17:02:46 ERROR: DHT Runtime Exception: DHT sensor not found, check wiring
04.06.2024 17:02:56 ERROR: DHT Runtime Exception: DHT sensor not found, check wiring
04.06.2024 17:03:06 ERROR: DHT Runtime Exception: DHT sensor not found, check wiring
04.06.2024 17:03:17 ERROR: DHT Runtime Exception: DHT sensor not found, check wiring
04.06.2024 17:03:27 ERROR: DHT Runtime Exception: DHT sensor not found, check wiring
04.06.2024 17:03:38 ERROR: DHT Runtime Exception: DHT sensor not found, check wiring
04.06.2024 17:03:48 ERROR: DHT Runtime Exception: DHT sensor not found, check wiring
04.06.2024 17:03:58 ERROR: DHT Runtime Exception: DHT sensor not found, check wiring
04.06.2024 17:04:09 ERROR: DHT Runtime Exception: DHT sensor not found, check wiring
04.06.2024 17:04:19 ERROR: DHT Runtime Exception: DHT sensor not found, check wiring
04.06.2024 17:04:29 ERROR: DHT Runtime Exception: DHT sensor not found, check wiring
04.06.2024 17:04:40 ERROR: DHT Runtime Exception: DHT sensor not found, check wiring
04.06.2024 17:04:50 ERROR: DHT Runtime Exception: DHT sensor not found, check wiring
04.06.2024 17:05:01 ERROR: DHT Runtime Exception: DHT sensor not found, check wiring
04.06.2024 17:05:11 ERROR: DHT Runtime Exception: DHT sensor not found, check wiring
04.06.2024 17:05:21 ERROR: DHT Runtime Exception: DHT sensor not found, check wiring
04.06.2024 17:05:32 ERROR: DHT Runtime Exception: DHT sensor not found, check wiring
04.06.2024 17:05:42 ERROR: DHT Runtime Exception: DHT sensor not found, check wiring
04.06.2024 17:05:52 ERROR: DHT Runtime Exception: DHT sensor not found, check wiring
04.06.2024 17:06:03 ERROR: DHT Runtime Exception: DHT sensor not found, check wiring
04.06.2024 17:06:13 ERROR: DHT Runtime Exception: DHT sensor not found, check wiring
04.06.2024 17:06:24 ERROR: DHT Runtime Exception: DHT sensor not found, check wiring
04.06.2024 17:06:34 ERROR: DHT Runtime Exception: DHT sensor not found, check wiring
04.06.2024 17:06:44 ERROR: DHT Runtime Exception: DHT sensor not found, check wiring
04.06.2024 17:06:55 ERROR: DHT Runtime Exception: DHT sensor not found, check wiring
04.06.2024 17:07:05 ERROR: DHT Runtime Exception: DHT sensor not found, check wiring
04.06.2024 17:07:16 ERROR: DHT Runtime Exception: DHT sensor not found, check wiring
04.06.2024 17:07:26 ERROR: DHT Runtime Exception: DHT sensor not found, check wiring
04.06.2024 17:07:36 ERROR: DHT Runtime Exception: DHT sensor not found, check wiring
04.06.2024 17:07:47 ERROR: DHT Runtime Exception: DHT sensor not found, check wiring
04.06.2024 17:07:57 ERROR: DHT Runtime Exception: DHT sensor not found, check wiring
04.06.2024 17:08:07 ERROR: DHT Runtime Exception: DHT sensor not found, check wiring
04.06.2024 17:08:18 ERROR: DHT Runtime Exception: DHT sensor not found, check wiring
04.06.2024 17:08:28 ERROR: DHT Runtime Exception: DHT sensor not found, check wiring
04.06.2024 17:08:39 ERROR: DHT Runtime Exception: DHT sensor not found, check wiring
04.06.2024 17:08:49 ERROR: DHT Runtime Exception: DHT sensor not found, check wiring
04.06.2024 17:08:59 ERROR: DHT Runtime Exception: DHT sensor not found, check wiring
04.06.2024 17:09:10 ERROR: DHT Runtime Exception: DHT sensor not found, check wiring
04.06.2024 17:09:20 ERROR: DHT Runtime Exception: DHT sensor not found, check wiring
04.06.2024 17:09:31 ERROR: DHT Runtime Exception: DHT sensor not found, check wiring
04.06.2024 17:09:41 ERROR: DHT Runtime Exception: DHT sensor not found, check wiring
04.06.2024 17:09:51 ERROR: DHT Runtime Exception: DHT sensor not found, check wiring
04.06.2024 17:10:02 ERROR: DHT Runtime Exception: DHT sensor not found, check wiring
04.06.2024 17:10:12 ERROR: DHT Runtime Exception: DHT sensor not found, check wiring
04.06.2024 17:10:23 ERROR: DHT Runtime Exception: DHT sensor not found, check wiring
04.06.2024 17:10:33 ERROR: DHT Runtime Exception: DHT sensor not found, check wiring
04.06.2024 17:10:44 ERROR: DHT Runtime Exception: DHT sensor not found, check wiring
04.06.2024 17:10:54 ERROR: DHT Runtime Exception: DHT sensor not found, check wiring
04.06.2024 17:11:04 ERROR: DHT Runtime Exception: DHT sensor not found, check wiring
04.06.2024 17:11:15 ERROR: DHT Runtime Exception: DHT sensor not found, check wiring
04.06.2024 17:11:25 ERROR: DHT Runtime Exception: DHT sensor not found, check wiring
04.06.2024 17:11:36 ERROR: DHT Runtime Exception: DHT sensor not found, check wiring
04.06.2024 17:11:46 ERROR: DHT Runtime Exception: DHT sensor not found, check wiring
04.06.2024 17:11:56 ERROR: DHT Runtime Exception: DHT sensor not found, check wiring
04.06.2024 17:12:07 ERROR: DHT Runtime Exception: DHT sensor not found, check wiring
04.06.2024 17:12:17 ERROR: DHT Runtime Exception: DHT sensor not found, check wiring
04.06.2024 17:12:28 ERROR: DHT Runtime Exception: DHT sensor not found, check wiring
04.06.2024 17:12:38 ERROR: DHT Runtime Exception: DHT sensor not found, check wiring
04.06.2024 17:12:48 ERROR: DHT Runtime Exception: DHT sensor not found, check wiring
04.06.2024 17:12:59 ERROR: DHT Runtime Exception: DHT sensor not found, check wiring
04.06.2024 17:13:09 ERROR: DHT Runtime Exception: DHT sensor not found, check wiring
04.06.2024 17:13:19 ERROR: DHT Runtime Exception: DHT sensor not found, check wiring
04.06.2024 17:13:30 ERROR: DHT Runtime Exception: DHT sensor not found, check wiring
04.06.2024 17:13:40 ERROR: DHT Runtime Exception: DHT sensor not found, check wiring
04.06.2024 17:13:51 ERROR: DHT Runtime Exception: DHT sensor not found, check wiring
04.06.2024 17:14:01 ERROR: DHT Runtime Exception: DHT sensor not found, check wiring
04.06.2024 17:14:11 ERROR: DHT Runtime Exception: DHT sensor not found, check wiring
04.06.2024 17:14:22 ERROR: DHT Runtime Exception: DHT sensor not found, check wiring
04.06.2024 17:14:32 ERROR: DHT Runtime Exception: DHT sensor not found, check wiring
04.06.2024 17:14:42 ERROR: DHT Runtime Exception: DHT sensor not found, check wiring
04.06.2024 17:14:53 ERROR: DHT Runtime Exception: DHT sensor not found, check wiring
04.06.2024 17:15:03 ERROR: DHT Runtime Exception: DHT sensor not found, check wiring
04.06.2024 17:15:14 ERROR: DHT Runtime Exception: DHT sensor not found, check wiring
04.06.2024 17:15:24 ERROR: DHT Runtime Exception: DHT sensor not found, check wiring
04.06.2024 17:15:34 ERROR: DHT Runtime Exception: DHT sensor not found, check wiring
04.06.2024 17:15:45 ERROR: DHT Runtime Exception: DHT sensor not found, check wiring
04.06.2024 17:15:55 ERROR: DHT Runtime Exception: DHT sensor not found, check wiring
04.06.2024 17:16:06 ERROR: DHT Runtime Exception: DHT sensor not found, check wiring
04.06.2024 17:16:16 ERROR: DHT Runtime Exception: DHT sensor not found, check wiring
04.06.2024 17:16:26 ERROR: DHT Runtime Exception: DHT sensor not found, check wiring
04.06.2024 17:16:37 ERROR: DHT Runtime Exception: DHT sensor not found, check wiring
04.06.2024 17:16:47 ERROR: DHT Runtime Exception: DHT sensor not found, check wiring
04.06.2024 17:16:57 ERROR: DHT Runtime Exception: DHT sensor not found, check wiring
04.06.2024 17:17:08 ERROR: DHT Runtime Exception: DHT sensor not found, check wiring
04.06.2024 17:17:18 ERROR: DHT Runtime Exception: DHT sensor not found, check wiring
04.06.2024 17:17:29 ERROR: DHT Runtime Exception: DHT sensor not found, check wiring
04.06.2024 17:17:39 ERROR: DHT Runtime Exception: DHT sensor not found, check wiring
04.06.2024 17:17:49 ERROR: DHT Runtime Exception: DHT sensor not found, check wiring
04.06.2024 17:18:00 ERROR: DHT Runtime Exception: DHT sensor not found, check wiring
04.06.2024 17:18:10 ERROR: DHT Runtime Exception: DHT sensor not found, check wiring
04.06.2024 17:18:21 ERROR: DHT Runtime Exception: DHT sensor not found, check wiring
04.06.2024 17:18:31 ERROR: DHT Runtime Exception: DHT sensor not found, check wiring
04.06.2024 17:18:41 ERROR: DHT Runtime Exception: DHT sensor not found, check wiring
04.06.2024 17:18:52 ERROR: DHT Runtime Exception: DHT sensor not found, check wiring
04.06.2024 17:19:02 ERROR: DHT Runtime Exception: DHT sensor not found, check wiring
04.06.2024 17:19:12 ERROR: DHT Runtime Exception: DHT sensor not found, check wiring
04.06.2024 17:19:23 ERROR: DHT Runtime Exception: DHT sensor not found, check wiring
04.06.2024 17:19:33 ERROR: DHT Runtime Exception: DHT sensor not found, check wiring
04.06.2024 17:19:44 ERROR: DHT Runtime Exception: DHT sensor not found, check wiring
04.06.2024 17:19:54 ERROR: DHT Runtime Exception: DHT sensor not found, check wiring
04.06.2024 17:20:04 ERROR: DHT Runtime Exception: DHT sensor not found, check wiring
04.06.2024 17:20:15 ERROR: DHT Runtime Exception: DHT sensor not found, check wiring
04.06.2024 17:20:25 ERROR: DHT Runtime Exception: DHT sensor not found, check wiring
04.06.2024 17:20:35 ERROR: DHT Runtime Exception: DHT sensor not found, check wiring
04.06.2024 17:20:46 ERROR: DHT Runtime Exception: DHT sensor not found, check wiring
04.06.2024 17:20:56 ERROR: DHT Runtime Exception: DHT sensor not found, check wiring
04.06.2024 17:21:07 ERROR: DHT Runtime Exception: DHT sensor not found, check wiring
04.06.2024 17:21:17 ERROR: DHT Runtime Exception: DHT sensor not found, check wiring
04.06.2024 17:21:27 ERROR: DHT Runtime Exception: DHT sensor not found, check wiring
04.06.2024 17:21:38 ERROR: DHT Runtime Exception: DHT sensor not found, check wiring
04.06.2024 17:21:48 ERROR: DHT Runtime Exception: DHT sensor not found, check wiring
04.06.2024 17:21:58 ERROR: DHT Runtime Exception: DHT sensor not found, check wiring
04.06.2024 17:22:09 ERROR: DHT Runtime Exception: DHT sensor not found, check wiring
04.06.2024 17:22:19 ERROR: DHT Runtime Exception: DHT sensor not found, check wiring
04.06.2024 17:22:30 ERROR: DHT Runtime Exception: DHT sensor not found, check wiring
04.06.2024 17:22:40 ERROR: DHT Runtime Exception: DHT sensor not found, check wiring
04.06.2024 17:22:50 ERROR: DHT Runtime Exception: DHT sensor not found, check wiring
04.06.2024 17:23:01 ERROR: DHT Runtime Exception: DHT sensor not found, check wiring
04.06.2024 17:23:11 ERROR: DHT Runtime Exception: DHT sensor not found, check wiring
04.06.2024 17:23:22 ERROR: DHT Runtime Exception: DHT sensor not found, check wiring
04.06.2024 17:23:32 ERROR: DHT Runtime Exception: DHT sensor not found, check wiring
04.06.2024 17:23:42 ERROR: DHT Runtime Exception: DHT sensor not found, check wiring
04.06.2024 17:23:53 ERROR: DHT Runtime Exception: DHT sensor not found, check wiring
04.06.2024 17:24:03 ERROR: DHT Runtime Exception: DHT sensor not found, check wiring
04.06.2024 17:24:13 ERROR: DHT Runtime Exception: DHT sensor not found, check wiring
04.06.2024 17:24:24 ERROR: DHT Runtime Exception: DHT sensor not found, check wiring
04.06.2024 17:24:34 ERROR: DHT Runtime Exception: DHT sensor not found, check wiring
04.06.2024 17:24:45 ERROR: DHT Runtime Exception: DHT sensor not found, check wiring
04.06.2024 17:24:55 ERROR: DHT Runtime Exception: DHT sensor not found, check wiring
04.06.2024 17:25:05 ERROR: DHT Runtime Exception: DHT sensor not found, check wiring
04.06.2024 17:25:16 ERROR: DHT Runtime Exception: DHT sensor not found, check wiring
04.06.2024 17:25:26 ERROR: DHT Runtime Exception: DHT sensor not found, check wiring
04.06.2024 17:25:36 ERROR: DHT Runtime Exception: DHT sensor not found, check wiring
04.06.2024 17:25:47 ERROR: DHT Runtime Exception: DHT sensor not found, check wiring
04.06.2024 17:25:57 ERROR: DHT Runtime Exception: DHT sensor not found, check wiring
04.06.2024 17:26:08 ERROR: DHT Runtime Exception: DHT sensor not found, check wiring
04.06.2024 17:26:18 ERROR: DHT Runtime Exception: DHT sensor not found, check wiring
04.06.2024 17:26:28 ERROR: DHT Runtime Exception: DHT sensor not found, check wiring
04.06.2024 17:26:39 ERROR: DHT Runtime Exception: DHT sensor not found, check wiring
04.06.2024 17:26:49 ERROR: DHT Runtime Exception: DHT sensor not found, check wiring
04.06.2024 17:27:00 ERROR: DHT Runtime Exception: DHT sensor not found, check wiring
04.06.2024 17:27:10 ERROR: DHT Runtime Exception: DHT sensor not found, check wiring
04.06.2024 17:27:20 ERROR: DHT Runtime Exception: DHT sensor not found, check wiring
04.06.2024 17:27:31 ERROR: DHT Runtime Exception: DHT sensor not found, check wiring
04.06.2024 17:27:41 ERROR: DHT Runtime Exception: DHT sensor not found, check wiring
04.06.2024 17:27:51 ERROR: DHT Runtime Exception: DHT sensor not found, check wiring
04.06.2024 17:28:02 ERROR: DHT Runtime Exception: DHT sensor not found, check wiring
04.06.2024 17:28:12 ERROR: DHT Runtime Exception: DHT sensor not found, check wiring
04.06.2024 17:28:23 ERROR: DHT Runtime Exception: DHT sensor not found, check wiring
04.06.2024 17:28:33 ERROR: DHT Runtime Exception: DHT sensor not found, check wiring
04.06.2024 17:28:43 ERROR: DHT Runtime Exception: DHT sensor not found, check wiring
04.06.2024 17:28:54 ERROR: DHT Runtime Exception: DHT sensor not found, check wiring
04.06.2024 17:29:04 ERROR: DHT Runtime Exception: DHT sensor not found, check wiring
04.06.2024 17:29:14 ERROR: DHT Runtime Exception: DHT sensor not found, check wiring
04.06.2024 17:29:25 ERROR: DHT Runtime Exception: DHT sensor not found, check wiring
04.06.2024 17:29:35 ERROR: DHT Runtime Exception: DHT sensor not found, check wiring
04.06.2024 17:29:46 ERROR: DHT Runtime Exception: DHT sensor not found, check wiring
04.06.2024 17:29:56 ERROR: DHT Runtime Exception: DHT sensor not found, check wiring
04.06.2024 17:30:06 ERROR: DHT Runtime Exception: DHT sensor not found, check wiring
04.06.2024 17:30:17 ERROR: DHT Runtime Exception: DHT sensor not found, check wiring
04.06.2024 17:30:27 ERROR: DHT Runtime Exception: DHT sensor not found, check wiring
04.06.2024 17:30:38 ERROR: DHT Runtime Exception: DHT sensor not found, check wiring
04.06.2024 17:30:48 ERROR: DHT Runtime Exception: DHT sensor not found, check wiring
04.06.2024 17:30:58 ERROR: DHT Runtime Exception: DHT sensor not found, check wiring
04.06.2024 17:31:09 ERROR: DHT Runtime Exception: DHT sensor not found, check wiring
04.06.2024 17:31:19 ERROR: DHT Runtime Exception: DHT sensor not found, check wiring
04.06.2024 17:31:30 ERROR: DHT Runtime Exception: DHT sensor not found, check wiring
04.06.2024 17:31:40 ERROR: DHT Runtime Exception: DHT sensor not found, check wiring
04.06.2024 17:31:50 ERROR: DHT Runtime Exception: DHT sensor not found, check wiring
04.06.2024 17:32:01 ERROR: DHT Runtime Exception: DHT sensor not found, check wiring
04.06.2024 17:32:11 ERROR: DHT Runtime Exception: DHT sensor not found, check wiring
04.06.2024 17:32:21 ERROR: DHT Runtime Exception: DHT sensor not found, check wiring
04.06.2024 17:32:32 ERROR: DHT Runtime Exception: DHT sensor not found, check wiring
04.06.2024 17:32:42 ERROR: DHT Runtime Exception: DHT sensor not found, check wiring
04.06.2024 17:32:53 ERROR: DHT Runtime Exception: DHT sensor not found, check wiring
04.06.2024 17:33:03 ERROR: DHT Runtime Exception: DHT sensor not found, check wiring
04.06.2024 17:33:13 ERROR: DHT Runtime Exception: DHT sensor not found, check wiring
04.06.2024 17:33:24 ERROR: DHT Runtime Exception: DHT sensor not found, check wiring
04.06.2024 17:33:34 ERROR: DHT Runtime Exception: DHT sensor not found, check wiring
04.06.2024 17:33:44 ERROR: DHT Runtime Exception: DHT sensor not found, check wiring
04.06.2024 17:33:55 ERROR: DHT Runtime Exception: DHT sensor not found, check wiring
04.06.2024 17:34:05 ERROR: DHT Runtime Exception: DHT sensor not found, check wiring
04.06.2024 17:34:16 ERROR: DHT Runtime Exception: DHT sensor not found, check wiring
04.06.2024 17:34:26 ERROR: DHT Runtime Exception: DHT sensor not found, check wiring
04.06.2024 17:34:36 ERROR: DHT Runtime Exception: DHT sensor not found, check wiring
04.06.2024 17:34:47 ERROR: DHT Runtime Exception: DHT sensor not found, check wiring
04.06.2024 17:34:57 ERROR: DHT Runtime Exception: DHT sensor not found, check wiring
04.06.2024 17:35:08 ERROR: DHT Runtime Exception: DHT sensor not found, check wiring
04.06.2024 17:35:18 ERROR: DHT Runtime Exception: DHT sensor not found, check wiring
04.06.2024 17:35:28 ERROR: DHT Runtime Exception: DHT sensor not found, check wiring
04.06.2024 17:35:39 ERROR: DHT Runtime Exception: DHT sensor not found, check wiring
04.06.2024 17:35:49 ERROR: DHT Runtime Exception: DHT sensor not found, check wiring
04.06.2024 17:36:00 ERROR: DHT Runtime Exception: DHT sensor not found, check wiring
04.06.2024 17:36:10 ERROR: DHT Runtime Exception: DHT sensor not found, check wiring
04.06.2024 17:36:20 ERROR: DHT Runtime Exception: DHT sensor not found, check wiring
04.06.2024 17:36:31 ERROR: DHT Runtime Exception: DHT sensor not found, check wiring
04.06.2024 17:36:41 ERROR: DHT Runtime Exception: DHT sensor not found, check wiring
04.06.2024 17:36:51 ERROR: DHT Runtime Exception: DHT sensor not found, check wiring
04.06.2024 17:37:02 ERROR: DHT Runtime Exception: DHT sensor not found, check wiring
04.06.2024 17:37:12 ERROR: DHT Runtime Exception: DHT sensor not found, check wiring
04.06.2024 17:37:23 ERROR: DHT Runtime Exception: DHT sensor not found, check wiring
04.06.2024 17:37:33 ERROR: DHT Runtime Exception: DHT sensor not found, check wiring
04.06.2024 17:37:43 ERROR: DHT Runtime Exception: DHT sensor not found, check wiring
04.06.2024 17:37:54 ERROR: DHT Runtime Exception: DHT sensor not found, check wiring
04.06.2024 17:38:04 ERROR: DHT Runtime Exception: DHT sensor not found, check wiring
04.06.2024 17:38:14 ERROR: DHT Runtime Exception: DHT sensor not found, check wiring
04.06.2024 17:38:25 ERROR: DHT Runtime Exception: DHT sensor not found, check wiring
04.06.2024 17:38:35 ERROR: DHT Runtime Exception: DHT sensor not found, check wiring
04.06.2024 17:38:46 ERROR: DHT Runtime Exception: DHT sensor not found, check wiring
04.06.2024 17:38:58 ERROR: DHT Runtime Exception: DHT sensor not found, check wiring
04.06.2024 17:39:08 ERROR: DHT Runtime Exception: DHT sensor not found, check wiring
04.06.2024 17:39:18 ERROR: DHT Runtime Exception: DHT sensor not found, check wiring
04.06.2024 17:39:29 ERROR: DHT Runtime Exception: DHT sensor not found, check wiring
04.06.2024 17:39:39 ERROR: DHT Runtime Exception: DHT sensor not found, check wiring
04.06.2024 17:39:50 ERROR: DHT Runtime Exception: DHT sensor not found, check wiring
04.06.2024 17:40:00 ERROR: DHT Runtime Exception: DHT sensor not found, check wiring
04.06.2024 17:40:10 ERROR: DHT Runtime Exception: DHT sensor not found, check wiring
04.06.2024 17:40:21 ERROR: DHT Runtime Exception: DHT sensor not found, check wiring
04.06.2024 17:40:31 ERROR: DHT Runtime Exception: DHT sensor not found, check wiring
04.06.2024 17:40:42 ERROR: DHT Runtime Exception: DHT sensor not found, check wiring
04.06.2024 17:40:52 ERROR: DHT Runtime Exception: DHT sensor not found, check wiring
04.06.2024 17:41:02 ERROR: DHT Runtime Exception: DHT sensor not found, check wiring
04.06.2024 17:41:13 ERROR: DHT Runtime Exception: DHT sensor not found, check wiring
04.06.2024 17:41:23 ERROR: DHT Runtime Exception: DHT sensor not found, check wiring
04.06.2024 17:41:34 ERROR: DHT Runtime Exception: DHT sensor not found, check wiring
04.06.2024 17:41:44 ERROR: DHT Runtime Exception: DHT sensor not found, check wiring
04.06.2024 17:41:54 ERROR: DHT Runtime Exception: DHT sensor not found, check wiring
04.06.2024 17:42:05 ERROR: DHT Runtime Exception: DHT sensor not found, check wiring
04.06.2024 17:42:15 ERROR: DHT Runtime Exception: DHT sensor not found, check wiring
04.06.2024 17:42:25 ERROR: DHT Runtime Exception: DHT sensor not found, check wiring
04.06.2024 17:42:36 ERROR: DHT Runtime Exception: DHT sensor not found, check wiring
04.06.2024 17:42:46 ERROR: DHT Runtime Exception: DHT sensor not found, check wiring
04.06.2024 17:42:57 ERROR: DHT Runtime Exception: DHT sensor not found, check wiring
04.06.2024 17:43:07 ERROR: DHT Runtime Exception: DHT sensor not found, check wiring
04.06.2024 17:43:17 ERROR: DHT Runtime Exception: DHT sensor not found, check wiring
04.06.2024 17:43:28 ERROR: DHT Runtime Exception: DHT sensor not found, check wiring
04.06.2024 17:43:38 ERROR: DHT Runtime Exception: DHT sensor not found, check wiring
04.06.2024 17:43:49 ERROR: DHT Runtime Exception: DHT sensor not found, check wiring
04.06.2024 17:43:59 ERROR: DHT Runtime Exception: DHT sensor not found, check wiring
04.06.2024 17:44:09 ERROR: DHT Runtime Exception: DHT sensor not found, check wiring
04.06.2024 17:44:20 ERROR: DHT Runtime Exception: DHT sensor not found, check wiring
04.06.2024 17:44:30 ERROR: DHT Runtime Exception: DHT sensor not found, check wiring
04.06.2024 17:44:40 ERROR: DHT Runtime Exception: DHT sensor not found, check wiring
04.06.2024 17:44:51 ERROR: DHT Runtime Exception: DHT sensor not found, check wiring
04.06.2024 17:45:01 ERROR: DHT Runtime Exception: DHT sensor not found, check wiring
04.06.2024 17:45:12 ERROR: DHT Runtime Exception: DHT sensor not found, check wiring
04.06.2024 17:45:22 ERROR: DHT Runtime Exception: DHT sensor not found, check wiring
04.06.2024 17:45:32 ERROR: DHT Runtime Exception: DHT sensor not found, check wiring
04.06.2024 17:45:43 ERROR: DHT Runtime Exception: DHT sensor not found, check wiring
04.06.2024 17:45:53 ERROR: DHT Runtime Exception: DHT sensor not found, check wiring
04.06.2024 17:46:04 ERROR: DHT Runtime Exception: DHT sensor not found, check wiring
04.06.2024 17:46:14 ERROR: DHT Runtime Exception: DHT sensor not found, check wiring
04.06.2024 17:46:24 ERROR: DHT Runtime Exception: DHT sensor not found, check wiring
04.06.2024 17:46:35 ERROR: DHT Runtime Exception: DHT sensor not found, check wiring
04.06.2024 17:46:45 ERROR: DHT Runtime Exception: DHT sensor not found, check wiring
04.06.2024 17:46:55 ERROR: DHT Runtime Exception: DHT sensor not found, check wiring
04.06.2024 17:47:06 ERROR: DHT Runtime Exception: DHT sensor not found, check wiring
04.06.2024 17:47:16 ERROR: DHT Runtime Exception: DHT sensor not found, check wiring
04.06.2024 17:47:27 ERROR: DHT Runtime Exception: DHT sensor not found, check wiring
04.06.2024 17:47:37 ERROR: DHT Runtime Exception: DHT sensor not found, check wiring
04.06.2024 17:47:47 ERROR: DHT Runtime Exception: DHT sensor not found, check wiring
04.06.2024 17:47:58 ERROR: DHT Runtime Exception: DHT sensor not found, check wiring
04.06.2024 17:48:08 ERROR: DHT Runtime Exception: DHT sensor not found, check wiring
04.06.2024 17:48:19 ERROR: DHT Runtime Exception: DHT sensor not found, check wiring
04.06.2024 17:48:29 ERROR: DHT Runtime Exception: DHT sensor not found, check wiring
04.06.2024 17:48:39 ERROR: DHT Runtime Exception: DHT sensor not found, check wiring
04.06.2024 17:48:50 ERROR: DHT Runtime Exception: DHT sensor not found, check wiring
04.06.2024 17:49:00 ERROR: DHT Runtime Exception: DHT sensor not found, check wiring
04.06.2024 17:49:10 ERROR: DHT Runtime Exception: DHT sensor not found, check wiring
04.06.2024 17:49:21 ERROR: DHT Runtime Exception: DHT sensor not found, check wiring
04.06.2024 17:49:31 ERROR: DHT Runtime Exception: DHT sensor not found, check wiring
04.06.2024 17:49:42 ERROR: DHT Runtime Exception: DHT sensor not found, check wiring
04.06.2024 17:49:52 ERROR: DHT Runtime Exception: DHT sensor not found, check wiring
04.06.2024 17:50:02 ERROR: DHT Runtime Exception: DHT sensor not found, check wiring
04.06.2024 17:50:13 ERROR: DHT Runtime Exception: DHT sensor not found, check wiring
04.06.2024 17:50:23 ERROR: DHT Runtime Exception: DHT sensor not found, check wiring
04.06.2024 17:50:34 ERROR: DHT Runtime Exception: DHT sensor not found, check wiring
04.06.2024 17:50:44 ERROR: DHT Runtime Exception: DHT sensor not found, check wiring
04.06.2024 17:50:54 ERROR: DHT Runtime Exception: DHT sensor not found, check wiring
04.06.2024 17:51:05 ERROR: DHT Runtime Exception: DHT sensor not found, check wiring
04.06.2024 17:51:15 ERROR: DHT Runtime Exception: DHT sensor not found, check wiring
04.06.2024 17:51:26 ERROR: DHT Runtime Exception: DHT sensor not found, check wiring
04.06.2024 17:51:36 ERROR: DHT Runtime Exception: DHT sensor not found, check wiring
04.06.2024 17:51:46 ERROR: DHT Runtime Exception: DHT sensor not found, check wiring
04.06.2024 17:51:57 ERROR: DHT Runtime Exception: DHT sensor not found, check wiring
04.06.2024 17:52:07 ERROR: DHT Runtime Exception: DHT sensor not found, check wiring
04.06.2024 17:52:18 ERROR: DHT Runtime Exception: DHT sensor not found, check wiring
04.06.2024 17:52:28 ERROR: DHT Runtime Exception: DHT sensor not found, check wiring
04.06.2024 17:52:38 ERROR: DHT Runtime Exception: DHT sensor not found, check wiring
04.06.2024 17:52:49 ERROR: DHT Runtime Exception: DHT sensor not found, check wiring
04.06.2024 17:52:59 ERROR: DHT Runtime Exception: DHT sensor not found, check wiring
04.06.2024 17:53:09 ERROR: DHT Runtime Exception: DHT sensor not found, check wiring
04.06.2024 17:53:20 ERROR: DHT Runtime Exception: DHT sensor not found, check wiring
04.06.2024 17:53:30 ERROR: DHT Runtime Exception: DHT sensor not found, check wiring
04.06.2024 17:53:41 ERROR: DHT Runtime Exception: DHT sensor not found, check wiring
04.06.2024 17:53:51 ERROR: DHT Runtime Exception: DHT sensor not found, check wiring
04.06.2024 17:54:01 ERROR: DHT Runtime Exception: DHT sensor not found, check wiring
04.06.2024 17:54:12 ERROR: DHT Runtime Exception: DHT sensor not found, check wiring
04.06.2024 17:54:22 ERROR: DHT Runtime Exception: DHT sensor not found, check wiring
04.06.2024 17:54:33 ERROR: DHT Runtime Exception: DHT sensor not found, check wiring
04.06.2024 17:54:43 ERROR: DHT Runtime Exception: DHT sensor not found, check wiring
04.06.2024 17:54:53 ERROR: DHT Runtime Exception: DHT sensor not found, check wiring
04.06.2024 17:55:04 ERROR: DHT Runtime Exception: DHT sensor not found, check wiring
04.06.2024 17:55:14 ERROR: DHT Runtime Exception: DHT sensor not found, check wiring
04.06.2024 17:55:24 ERROR: DHT Runtime Exception: DHT sensor not found, check wiring
04.06.2024 17:55:35 ERROR: DHT Runtime Exception: DHT sensor not found, check wiring
04.06.2024 17:55:45 ERROR: DHT Runtime Exception: DHT sensor not found, check wiring
04.06.2024 17:55:56 ERROR: DHT Runtime Exception: DHT sensor not found, check wiring
04.06.2024 17:56:06 ERROR: DHT Runtime Exception: DHT sensor not found, check wiring
04.06.2024 17:56:16 ERROR: DHT Runtime Exception: DHT sensor not found, check wiring
04.06.2024 17:56:27 ERROR: DHT Runtime Exception: DHT sensor not found, check wiring
04.06.2024 17:56:37 ERROR: DHT Runtime Exception: DHT sensor not found, check wiring
04.06.2024 17:56:48 ERROR: DHT Runtime Exception: DHT sensor not found, check wiring
04.06.2024 17:56:58 ERROR: DHT Runtime Exception: DHT sensor not found, check wiring
04.06.2024 17:57:08 ERROR: DHT Runtime Exception: DHT sensor not found, check wiring
04.06.2024 17:57:19 ERROR: DHT Runtime Exception: DHT sensor not found, check wiring
04.06.2024 17:57:29 ERROR: DHT Runtime Exception: DHT sensor not found, check wiring
04.06.2024 17:57:39 ERROR: DHT Runtime Exception: DHT sensor not found, check wiring
04.06.2024 17:57:50 ERROR: DHT Runtime Exception: DHT sensor not found, check wiring
04.06.2024 17:58:00 ERROR: DHT Runtime Exception: DHT sensor not found, check wiring
04.06.2024 17:58:11 ERROR: DHT Runtime Exception: DHT sensor not found, check wiring
04.06.2024 17:58:21 ERROR: DHT Runtime Exception: DHT sensor not found, check wiring
04.06.2024 17:58:31 ERROR: DHT Runtime Exception: DHT sensor not found, check wiring
04.06.2024 17:58:42 ERROR: DHT Runtime Exception: DHT sensor not found, check wiring
04.06.2024 17:58:52 ERROR: DHT Runtime Exception: DHT sensor not found, check wiring
04.06.2024 17:59:02 ERROR: DHT Runtime Exception: DHT sensor not found, check wiring
04.06.2024 17:59:13 ERROR: DHT Runtime Exception: DHT sensor not found, check wiring
04.06.2024 17:59:23 ERROR: DHT Runtime Exception: DHT sensor not found, check wiring
04.06.2024 17:59:34 ERROR: DHT Runtime Exception: DHT sensor not found, check wiring
04.06.2024 17:59:44 ERROR: DHT Runtime Exception: DHT sensor not found, check wiring
04.06.2024 17:59:54 ERROR: DHT Runtime Exception: DHT sensor not found, check wiring
04.06.2024 18:00:05 ERROR: DHT Runtime Exception: DHT sensor not found, check wiring
04.06.2024 18:00:15 ERROR: DHT Runtime Exception: DHT sensor not found, check wiring
04.06.2024 18:00:26 ERROR: DHT Runtime Exception: DHT sensor not found, check wiring
04.06.2024 18:00:36 ERROR: DHT Runtime Exception: DHT sensor not found, check wiring
04.06.2024 18:00:46 ERROR: DHT Runtime Exception: DHT sensor not found, check wiring
04.06.2024 18:00:57 ERROR: DHT Runtime Exception: DHT sensor not found, check wiring
04.06.2024 18:01:07 ERROR: DHT Runtime Exception: DHT sensor not found, check wiring
04.06.2024 18:01:17 ERROR: DHT Runtime Exception: DHT sensor not found, check wiring
04.06.2024 18:01:28 ERROR: DHT Runtime Exception: DHT sensor not found, check wiring
04.06.2024 18:01:38 ERROR: DHT Runtime Exception: DHT sensor not found, check wiring
04.06.2024 18:01:49 ERROR: DHT Runtime Exception: DHT sensor not found, check wiring
04.06.2024 18:01:59 ERROR: DHT Runtime Exception: DHT sensor not found, check wiring
04.06.2024 18:02:09 ERROR: DHT Runtime Exception: DHT sensor not found, check wiring
04.06.2024 18:02:20 ERROR: DHT Runtime Exception: DHT sensor not found, check wiring
04.06.2024 18:02:30 ERROR: DHT Runtime Exception: DHT sensor not found, check wiring
04.06.2024 18:02:41 ERROR: DHT Runtime Exception: DHT sensor not found, check wiring
04.06.2024 18:02:51 ERROR: DHT Runtime Exception: DHT sensor not found, check wiring
04.06.2024 18:03:01 ERROR: DHT Runtime Exception: DHT sensor not found, check wiring
04.06.2024 18:03:12 ERROR: DHT Runtime Exception: DHT sensor not found, check wiring
04.06.2024 18:03:22 ERROR: DHT Runtime Exception: DHT sensor not found, check wiring
04.06.2024 18:03:32 ERROR: DHT Runtime Exception: DHT sensor not found, check wiring
04.06.2024 18:03:43 ERROR: DHT Runtime Exception: DHT sensor not found, check wiring
04.06.2024 18:03:53 ERROR: DHT Runtime Exception: DHT sensor not found, check wiring
04.06.2024 18:04:04 ERROR: DHT Runtime Exception: DHT sensor not found, check wiring
04.06.2024 18:04:14 ERROR: DHT Runtime Exception: DHT sensor not found, check wiring
04.06.2024 18:04:24 ERROR: DHT Runtime Exception: DHT sensor not found, check wiring
04.06.2024 18:04:35 ERROR: DHT Runtime Exception: DHT sensor not found, check wiring
04.06.2024 18:04:45 ERROR: DHT Runtime Exception: DHT sensor not found, check wiring
04.06.2024 18:04:56 ERROR: DHT Runtime Exception: DHT sensor not found, check wiring
04.06.2024 18:05:06 ERROR: DHT Runtime Exception: DHT sensor not found, check wiring
04.06.2024 18:05:16 ERROR: DHT Runtime Exception: DHT sensor not found, check wiring
04.06.2024 18:05:27 ERROR: DHT Runtime Exception: DHT sensor not found, check wiring
04.06.2024 18:05:37 ERROR: DHT Runtime Exception: DHT sensor not found, check wiring
04.06.2024 18:05:47 ERROR: DHT Runtime Exception: DHT sensor not found, check wiring
04.06.2024 18:05:58 ERROR: DHT Runtime Exception: DHT sensor not found, check wiring
04.06.2024 18:06:08 ERROR: DHT Runtime Exception: DHT sensor not found, check wiring
04.06.2024 18:06:19 ERROR: DHT Runtime Exception: DHT sensor not found, check wiring
04.06.2024 18:06:29 ERROR: DHT Runtime Exception: DHT sensor not found, check wiring
04.06.2024 18:06:39 ERROR: DHT Runtime Exception: DHT sensor not found, check wiring
04.06.2024 18:06:50 ERROR: DHT Runtime Exception: DHT sensor not found, check wiring
04.06.2024 18:07:00 ERROR: DHT Runtime Exception: DHT sensor not found, check wiring
04.06.2024 18:07:10 ERROR: DHT Runtime Exception: DHT sensor not found, check wiring
04.06.2024 18:07:21 ERROR: DHT Runtime Exception: DHT sensor not found, check wiring
04.06.2024 18:07:31 ERROR: DHT Runtime Exception: DHT sensor not found, check wiring
04.06.2024 18:07:42 ERROR: DHT Runtime Exception: DHT sensor not found, check wiring
04.06.2024 18:07:52 ERROR: DHT Runtime Exception: DHT sensor not found, check wiring
04.06.2024 18:08:02 ERROR: DHT Runtime Exception: DHT sensor not found, check wiring
04.06.2024 18:08:13 ERROR: DHT Runtime Exception: DHT sensor not found, check wiring
04.06.2024 18:08:23 ERROR: DHT Runtime Exception: DHT sensor not found, check wiring
04.06.2024 18:08:34 ERROR: DHT Runtime Exception: DHT sensor not found, check wiring
04.06.2024 18:08:44 ERROR: DHT Runtime Exception: DHT sensor not found, check wiring
04.06.2024 18:08:54 ERROR: DHT Runtime Exception: DHT sensor not found, check wiring
04.06.2024 18:09:05 ERROR: DHT Runtime Exception: DHT sensor not found, check wiring
04.06.2024 18:09:15 ERROR: DHT Runtime Exception: DHT sensor not found, check wiring
04.06.2024 18:09:25 ERROR: DHT Runtime Exception: DHT sensor not found, check wiring
04.06.2024 18:09:36 ERROR: DHT Runtime Exception: DHT sensor not found, check wiring
04.06.2024 18:09:46 ERROR: DHT Runtime Exception: DHT sensor not found, check wiring
04.06.2024 18:09:57 ERROR: DHT Runtime Exception: DHT sensor not found, check wiring
04.06.2024 18:10:07 ERROR: DHT Runtime Exception: DHT sensor not found, check wiring
04.06.2024 18:10:17 ERROR: DHT Runtime Exception: DHT sensor not found, check wiring
04.06.2024 18:10:28 ERROR: DHT Runtime Exception: DHT sensor not found, check wiring
04.06.2024 18:10:38 ERROR: DHT Runtime Exception: DHT sensor not found, check wiring
04.06.2024 18:10:48 ERROR: DHT Runtime Exception: DHT sensor not found, check wiring
04.06.2024 18:10:59 ERROR: DHT Runtime Exception: DHT sensor not found, check wiring
04.06.2024 18:11:09 ERROR: DHT Runtime Exception: DHT sensor not found, check wiring
04.06.2024 18:11:20 ERROR: DHT Runtime Exception: DHT sensor not found, check wiring
04.06.2024 18:11:30 ERROR: DHT Runtime Exception: DHT sensor not found, check wiring
04.06.2024 18:11:40 ERROR: DHT Runtime Exception: DHT sensor not found, check wiring
04.06.2024 18:11:51 ERROR: DHT Runtime Exception: DHT sensor not found, check wiring
04.06.2024 18:12:01 ERROR: DHT Runtime Exception: DHT sensor not found, check wiring
04.06.2024 18:12:12 ERROR: DHT Runtime Exception: DHT sensor not found, check wiring
04.06.2024 18:12:22 ERROR: DHT Runtime Exception: DHT sensor not found, check wiring
04.06.2024 18:12:32 ERROR: DHT Runtime Exception: DHT sensor not found, check wiring
04.06.2024 18:12:43 ERROR: DHT Runtime Exception: DHT sensor not found, check wiring
04.06.2024 18:12:53 ERROR: DHT Runtime Exception: DHT sensor not found, check wiring
04.06.2024 18:13:04 ERROR: DHT Runtime Exception: DHT sensor not found, check wiring
04.06.2024 18:13:14 ERROR: DHT Runtime Exception: DHT sensor not found, check wiring
04.06.2024 18:13:24 ERROR: DHT Runtime Exception: DHT sensor not found, check wiring
04.06.2024 18:13:35 ERROR: DHT Runtime Exception: DHT sensor not found, check wiring
04.06.2024 18:13:45 ERROR: DHT Runtime Exception: DHT sensor not found, check wiring
04.06.2024 18:13:55 ERROR: DHT Runtime Exception: DHT sensor not found, check wiring
04.06.2024 18:14:06 ERROR: DHT Runtime Exception: DHT sensor not found, check wiring
04.06.2024 18:14:16 ERROR: DHT Runtime Exception: DHT sensor not found, check wiring
04.06.2024 18:14:27 ERROR: DHT Runtime Exception: DHT sensor not found, check wiring
04.06.2024 18:14:37 ERROR: DHT Runtime Exception: DHT sensor not found, check wiring
04.06.2024 18:14:47 ERROR: DHT Runtime Exception: DHT sensor not found, check wiring
04.06.2024 18:14:58 ERROR: DHT Runtime Exception: DHT sensor not found, check wiring
04.06.2024 18:15:08 ERROR: DHT Runtime Exception: DHT sensor not found, check wiring
04.06.2024 18:15:19 ERROR: DHT Runtime Exception: DHT sensor not found, check wiring
04.06.2024 18:15:29 ERROR: DHT Runtime Exception: DHT sensor not found, check wiring
04.06.2024 18:15:39 ERROR: DHT Runtime Exception: DHT sensor not found, check wiring
04.06.2024 18:15:50 ERROR: DHT Runtime Exception: DHT sensor not found, check wiring
04.06.2024 18:16:00 ERROR: DHT Runtime Exception: DHT sensor not found, check wiring
04.06.2024 18:16:10 ERROR: DHT Runtime Exception: DHT sensor not found, check wiring
04.06.2024 18:16:21 ERROR: DHT Runtime Exception: DHT sensor not found, check wiring
04.06.2024 18:16:31 ERROR: DHT Runtime Exception: DHT sensor not found, check wiring
04.06.2024 18:16:42 ERROR: DHT Runtime Exception: DHT sensor not found, check wiring
04.06.2024 18:16:52 ERROR: DHT Runtime Exception: DHT sensor not found, check wiring
04.06.2024 18:17:02 ERROR: DHT Runtime Exception: DHT sensor not found, check wiring
04.06.2024 18:17:13 ERROR: DHT Runtime Exception: DHT sensor not found, check wiring
04.06.2024 18:17:23 ERROR: DHT Runtime Exception: DHT sensor not found, check wiring
04.06.2024 18:17:33 ERROR: DHT Runtime Exception: DHT sensor not found, check wiring
04.06.2024 18:17:44 ERROR: DHT Runtime Exception: DHT sensor not found, check wiring
04.06.2024 18:17:54 ERROR: DHT Runtime Exception: DHT sensor not found, check wiring
04.06.2024 18:18:05 ERROR: DHT Runtime Exception: DHT sensor not found, check wiring
04.06.2024 18:18:15 ERROR: DHT Runtime Exception: DHT sensor not found, check wiring
04.06.2024 18:18:25 ERROR: DHT Runtime Exception: DHT sensor not found, check wiring
04.06.2024 18:18:36 ERROR: DHT Runtime Exception: DHT sensor not found, check wiring
04.06.2024 18:18:46 ERROR: DHT Runtime Exception: DHT sensor not found, check wiring
04.06.2024 18:18:57 ERROR: DHT Runtime Exception: DHT sensor not found, check wiring
04.06.2024 18:19:07 ERROR: DHT Runtime Exception: DHT sensor not found, check wiring
04.06.2024 18:19:17 ERROR: DHT Runtime Exception: DHT sensor not found, check wiring
04.06.2024 18:19:28 ERROR: DHT Runtime Exception: DHT sensor not found, check wiring
04.06.2024 18:19:38 ERROR: DHT Runtime Exception: DHT sensor not found, check wiring
04.06.2024 18:19:48 ERROR: DHT Runtime Exception: DHT sensor not found, check wiring
04.06.2024 18:19:59 ERROR: DHT Runtime Exception: DHT sensor not found, check wiring
04.06.2024 18:20:09 ERROR: DHT Runtime Exception: DHT sensor not found, check wiring
04.06.2024 18:20:20 ERROR: DHT Runtime Exception: DHT sensor not found, check wiring
04.06.2024 18:20:30 ERROR: DHT Runtime Exception: DHT sensor not found, check wiring
04.06.2024 18:20:40 ERROR: DHT Runtime Exception: DHT sensor not found, check wiring
04.06.2024 18:20:51 ERROR: DHT Runtime Exception: DHT sensor not found, check wiring
04.06.2024 18:21:01 ERROR: DHT Runtime Exception: DHT sensor not found, check wiring
04.06.2024 18:21:12 ERROR: DHT Runtime Exception: DHT sensor not found, check wiring
04.06.2024 18:21:22 ERROR: DHT Runtime Exception: DHT sensor not found, check wiring
04.06.2024 18:21:32 ERROR: DHT Runtime Exception: DHT sensor not found, check wiring
04.06.2024 18:21:43 ERROR: DHT Runtime Exception: DHT sensor not found, check wiring
04.06.2024 18:21:53 ERROR: DHT Runtime Exception: DHT sensor not found, check wiring
04.06.2024 18:22:03 ERROR: DHT Runtime Exception: DHT sensor not found, check wiring
04.06.2024 18:22:14 ERROR: DHT Runtime Exception: DHT sensor not found, check wiring
04.06.2024 18:22:24 ERROR: DHT Runtime Exception: DHT sensor not found, check wiring
04.06.2024 18:22:35 ERROR: DHT Runtime Exception: DHT sensor not found, check wiring
04.06.2024 18:22:45 ERROR: DHT Runtime Exception: DHT sensor not found, check wiring
04.06.2024 18:22:55 ERROR: DHT Runtime Exception: DHT sensor not found, check wiring
04.06.2024 18:23:06 ERROR: DHT Runtime Exception: DHT sensor not found, check wiring
04.06.2024 18:23:16 ERROR: DHT Runtime Exception: DHT sensor not found, check wiring
04.06.2024 18:23:26 ERROR: DHT Runtime Exception: DHT sensor not found, check wiring
04.06.2024 18:23:37 ERROR: DHT Runtime Exception: DHT sensor not found, check wiring
04.06.2024 18:23:47 ERROR: DHT Runtime Exception: DHT sensor not found, check wiring
04.06.2024 18:23:58 ERROR: DHT Runtime Exception: DHT sensor not found, check wiring
04.06.2024 18:24:08 ERROR: DHT Runtime Exception: DHT sensor not found, check wiring
04.06.2024 18:24:18 ERROR: DHT Runtime Exception: DHT sensor not found, check wiring
04.06.2024 18:24:29 ERROR: DHT Runtime Exception: DHT sensor not found, check wiring
04.06.2024 18:24:39 ERROR: DHT Runtime Exception: DHT sensor not found, check wiring
04.06.2024 18:24:50 ERROR: DHT Runtime Exception: DHT sensor not found, check wiring
04.06.2024 18:25:00 ERROR: DHT Runtime Exception: DHT sensor not found, check wiring
04.06.2024 18:25:10 ERROR: DHT Runtime Exception: DHT sensor not found, check wiring
04.06.2024 18:25:21 ERROR: DHT Runtime Exception: DHT sensor not found, check wiring
04.06.2024 18:25:31 ERROR: DHT Runtime Exception: DHT sensor not found, check wiring
04.06.2024 18:25:41 ERROR: DHT Runtime Exception: DHT sensor not found, check wiring
04.06.2024 18:25:52 ERROR: DHT Runtime Exception: DHT sensor not found, check wiring
04.06.2024 18:26:02 ERROR: DHT Runtime Exception: DHT sensor not found, check wiring
04.06.2024 18:26:13 ERROR: DHT Runtime Exception: DHT sensor not found, check wiring
04.06.2024 18:26:23 ERROR: DHT Runtime Exception: DHT sensor not found, check wiring
04.06.2024 18:26:33 ERROR: DHT Runtime Exception: DHT sensor not found, check wiring
04.06.2024 18:26:44 ERROR: DHT Runtime Exception: DHT sensor not found, check wiring
04.06.2024 18:26:54 ERROR: DHT Runtime Exception: DHT sensor not found, check wiring
04.06.2024 18:27:05 ERROR: DHT Runtime Exception: DHT sensor not found, check wiring
04.06.2024 18:27:15 ERROR: DHT Runtime Exception: DHT sensor not found, check wiring
04.06.2024 18:27:25 ERROR: DHT Runtime Exception: DHT sensor not found, check wiring
04.06.2024 18:27:36 ERROR: DHT Runtime Exception: DHT sensor not found, check wiring
04.06.2024 18:27:46 ERROR: DHT Runtime Exception: DHT sensor not found, check wiring
04.06.2024 18:27:56 ERROR: DHT Runtime Exception: DHT sensor not found, check wiring
04.06.2024 18:28:07 ERROR: DHT Runtime Exception: DHT sensor not found, check wiring
04.06.2024 18:28:17 ERROR: DHT Runtime Exception: DHT sensor not found, check wiring
04.06.2024 18:28:28 ERROR: DHT Runtime Exception: DHT sensor not found, check wiring
04.06.2024 18:28:38 ERROR: DHT Runtime Exception: DHT sensor not found, check wiring
04.06.2024 18:28:48 ERROR: DHT Runtime Exception: DHT sensor not found, check wiring
04.06.2024 18:28:59 ERROR: DHT Runtime Exception: DHT sensor not found, check wiring
04.06.2024 18:29:09 ERROR: DHT Runtime Exception: DHT sensor not found, check wiring
04.06.2024 18:29:19 ERROR: DHT Runtime Exception: DHT sensor not found, check wiring
04.06.2024 18:29:30 ERROR: DHT Runtime Exception: DHT sensor not found, check wiring
04.06.2024 18:29:40 ERROR: DHT Runtime Exception: DHT sensor not found, check wiring
04.06.2024 18:29:51 ERROR: DHT Runtime Exception: DHT sensor not found, check wiring
04.06.2024 18:30:01 ERROR: DHT Runtime Exception: DHT sensor not found, check wiring
04.06.2024 18:30:11 ERROR: DHT Runtime Exception: DHT sensor not found, check wiring
04.06.2024 18:30:22 ERROR: DHT Runtime Exception: DHT sensor not found, check wiring
04.06.2024 18:30:32 ERROR: DHT Runtime Exception: DHT sensor not found, check wiring
04.06.2024 18:30:43 ERROR: DHT Runtime Exception: DHT sensor not found, check wiring
04.06.2024 18:30:53 ERROR: DHT Runtime Exception: DHT sensor not found, check wiring
04.06.2024 18:31:03 ERROR: DHT Runtime Exception: DHT sensor not found, check wiring
04.06.2024 18:31:14 ERROR: DHT Runtime Exception: DHT sensor not found, check wiring
04.06.2024 18:31:24 ERROR: DHT Runtime Exception: DHT sensor not found, check wiring
04.06.2024 18:31:35 ERROR: DHT Runtime Exception: DHT sensor not found, check wiring
04.06.2024 18:31:45 ERROR: DHT Runtime Exception: DHT sensor not found, check wiring
04.06.2024 18:31:55 ERROR: DHT Runtime Exception: DHT sensor not found, check wiring
04.06.2024 18:32:06 ERROR: DHT Runtime Exception: DHT sensor not found, check wiring
04.06.2024 18:32:16 ERROR: DHT Runtime Exception: DHT sensor not found, check wiring
04.06.2024 18:32:26 ERROR: DHT Runtime Exception: DHT sensor not found, check wiring
04.06.2024 18:32:37 ERROR: DHT Runtime Exception: DHT sensor not found, check wiring
04.06.2024 18:32:47 ERROR: DHT Runtime Exception: DHT sensor not found, check wiring
04.06.2024 18:32:58 ERROR: DHT Runtime Exception: DHT sensor not found, check wiring
04.06.2024 18:33:08 ERROR: DHT Runtime Exception: DHT sensor not found, check wiring
04.06.2024 18:33:18 ERROR: DHT Runtime Exception: DHT sensor not found, check wiring
04.06.2024 18:33:29 ERROR: DHT Runtime Exception: DHT sensor not found, check wiring
04.06.2024 18:33:39 ERROR: DHT Runtime Exception: DHT sensor not found, check wiring
04.06.2024 18:33:49 ERROR: DHT Runtime Exception: DHT sensor not found, check wiring
04.06.2024 18:34:00 ERROR: DHT Runtime Exception: DHT sensor not found, check wiring
04.06.2024 18:34:10 ERROR: DHT Runtime Exception: DHT sensor not found, check wiring
04.06.2024 18:34:21 ERROR: DHT Runtime Exception: DHT sensor not found, check wiring
04.06.2024 18:34:31 ERROR: DHT Runtime Exception: DHT sensor not found, check wiring
04.06.2024 18:34:41 ERROR: DHT Runtime Exception: DHT sensor not found, check wiring
04.06.2024 18:34:52 ERROR: DHT Runtime Exception: DHT sensor not found, check wiring
04.06.2024 18:35:02 ERROR: DHT Runtime Exception: DHT sensor not found, check wiring
04.06.2024 18:35:13 ERROR: DHT Runtime Exception: DHT sensor not found, check wiring
04.06.2024 18:35:23 ERROR: DHT Runtime Exception: DHT sensor not found, check wiring
04.06.2024 18:35:33 ERROR: DHT Runtime Exception: DHT sensor not found, check wiring
04.06.2024 18:35:44 ERROR: DHT Runtime Exception: DHT sensor not found, check wiring
04.06.2024 18:35:54 ERROR: DHT Runtime Exception: DHT sensor not found, check wiring
04.06.2024 18:36:04 ERROR: DHT Runtime Exception: DHT sensor not found, check wiring
04.06.2024 18:36:15 ERROR: DHT Runtime Exception: DHT sensor not found, check wiring
04.06.2024 18:36:25 ERROR: DHT Runtime Exception: DHT sensor not found, check wiring
04.06.2024 18:36:36 ERROR: DHT Runtime Exception: DHT sensor not found, check wiring
04.06.2024 18:36:46 ERROR: DHT Runtime Exception: DHT sensor not found, check wiring
04.06.2024 18:36:56 ERROR: DHT Runtime Exception: DHT sensor not found, check wiring
04.06.2024 18:37:07 ERROR: DHT Runtime Exception: DHT sensor not found, check wiring
04.06.2024 18:37:17 ERROR: DHT Runtime Exception: DHT sensor not found, check wiring
04.06.2024 18:37:27 ERROR: DHT Runtime Exception: DHT sensor not found, check wiring
04.06.2024 18:37:38 ERROR: DHT Runtime Exception: DHT sensor not found, check wiring
04.06.2024 18:37:48 ERROR: DHT Runtime Exception: DHT sensor not found, check wiring
04.06.2024 18:37:59 ERROR: DHT Runtime Exception: DHT sensor not found, check wiring
04.06.2024 18:38:09 ERROR: DHT Runtime Exception: DHT sensor not found, check wiring
04.06.2024 18:38:19 ERROR: DHT Runtime Exception: DHT sensor not found, check wiring
04.06.2024 18:38:30 ERROR: DHT Runtime Exception: DHT sensor not found, check wiring
04.06.2024 18:38:40 ERROR: DHT Runtime Exception: DHT sensor not found, check wiring
04.06.2024 18:38:50 ERROR: DHT Runtime Exception: DHT sensor not found, check wiring
04.06.2024 18:39:01 ERROR: DHT Runtime Exception: DHT sensor not found, check wiring
04.06.2024 18:39:11 ERROR: DHT Runtime Exception: DHT sensor not found, check wiring
04.06.2024 18:39:22 ERROR: DHT Runtime Exception: DHT sensor not found, check wiring
04.06.2024 18:39:32 ERROR: DHT Runtime Exception: DHT sensor not found, check wiring
04.06.2024 18:39:42 ERROR: DHT Runtime Exception: DHT sensor not found, check wiring
04.06.2024 18:39:53 ERROR: DHT Runtime Exception: DHT sensor not found, check wiring
04.06.2024 18:40:03 ERROR: DHT Runtime Exception: DHT sensor not found, check wiring
04.06.2024 18:40:14 ERROR: DHT Runtime Exception: DHT sensor not found, check wiring
04.06.2024 18:40:24 ERROR: DHT Runtime Exception: DHT sensor not found, check wiring
04.06.2024 18:40:34 ERROR: DHT Runtime Exception: DHT sensor not found, check wiring
04.06.2024 18:40:45 ERROR: DHT Runtime Exception: DHT sensor not found, check wiring
04.06.2024 18:40:55 ERROR: DHT Runtime Exception: DHT sensor not found, check wiring
04.06.2024 18:41:05 ERROR: DHT Runtime Exception: DHT sensor not found, check wiring
04.06.2024 18:41:16 ERROR: DHT Runtime Exception: DHT sensor not found, check wiring
04.06.2024 18:41:26 ERROR: DHT Runtime Exception: DHT sensor not found, check wiring
04.06.2024 18:41:37 ERROR: DHT Runtime Exception: DHT sensor not found, check wiring
04.06.2024 18:41:47 ERROR: DHT Runtime Exception: DHT sensor not found, check wiring
04.06.2024 18:41:57 ERROR: DHT Runtime Exception: DHT sensor not found, check wiring
04.06.2024 18:42:08 ERROR: DHT Runtime Exception: DHT sensor not found, check wiring
04.06.2024 18:42:18 ERROR: DHT Runtime Exception: DHT sensor not found, check wiring
04.06.2024 18:42:29 ERROR: DHT Runtime Exception: DHT sensor not found, check wiring
04.06.2024 18:42:39 ERROR: DHT Runtime Exception: DHT sensor not found, check wiring
04.06.2024 18:42:49 ERROR: DHT Runtime Exception: DHT sensor not found, check wiring
04.06.2024 18:43:00 ERROR: DHT Runtime Exception: DHT sensor not found, check wiring
04.06.2024 18:43:10 ERROR: DHT Runtime Exception: DHT sensor not found, check wiring
04.06.2024 18:43:20 ERROR: DHT Runtime Exception: DHT sensor not found, check wiring
04.06.2024 18:43:31 ERROR: DHT Runtime Exception: DHT sensor not found, check wiring
04.06.2024 18:43:41 ERROR: DHT Runtime Exception: DHT sensor not found, check wiring
04.06.2024 18:43:52 ERROR: DHT Runtime Exception: DHT sensor not found, check wiring
04.06.2024 18:44:02 ERROR: DHT Runtime Exception: DHT sensor not found, check wiring
04.06.2024 18:44:12 ERROR: DHT Runtime Exception: DHT sensor not found, check wiring
04.06.2024 18:44:23 ERROR: DHT Runtime Exception: DHT sensor not found, check wiring
04.06.2024 18:44:33 ERROR: DHT Runtime Exception: DHT sensor not found, check wiring
04.06.2024 18:44:44 ERROR: DHT Runtime Exception: DHT sensor not found, check wiring
04.06.2024 18:44:54 ERROR: DHT Runtime Exception: DHT sensor not found, check wiring
04.06.2024 18:45:04 ERROR: DHT Runtime Exception: DHT sensor not found, check wiring
04.06.2024 18:45:15 ERROR: DHT Runtime Exception: DHT sensor not found, check wiring
04.06.2024 18:45:25 ERROR: DHT Runtime Exception: DHT sensor not found, check wiring
04.06.2024 18:45:35 ERROR: DHT Runtime Exception: DHT sensor not found, check wiring
04.06.2024 18:45:46 ERROR: DHT Runtime Exception: DHT sensor not found, check wiring
04.06.2024 18:45:56 ERROR: DHT Runtime Exception: DHT sensor not found, check wiring
04.06.2024 18:46:07 ERROR: DHT Runtime Exception: DHT sensor not found, check wiring
04.06.2024 18:46:17 ERROR: DHT Runtime Exception: DHT sensor not found, check wiring
04.06.2024 18:46:27 ERROR: DHT Runtime Exception: DHT sensor not found, check wiring
04.06.2024 18:46:38 ERROR: DHT Runtime Exception: DHT sensor not found, check wiring
04.06.2024 18:46:48 ERROR: DHT Runtime Exception: DHT sensor not found, check wiring
04.06.2024 18:46:58 ERROR: DHT Runtime Exception: DHT sensor not found, check wiring
04.06.2024 18:47:09 ERROR: DHT Runtime Exception: DHT sensor not found, check wiring
04.06.2024 18:47:19 ERROR: DHT Runtime Exception: DHT sensor not found, check wiring
04.06.2024 18:47:30 ERROR: DHT Runtime Exception: DHT sensor not found, check wiring
04.06.2024 18:47:40 ERROR: DHT Runtime Exception: DHT sensor not found, check wiring
04.06.2024 18:47:50 ERROR: DHT Runtime Exception: DHT sensor not found, check wiring
04.06.2024 18:48:01 ERROR: DHT Runtime Exception: DHT sensor not found, check wiring
04.06.2024 18:48:11 ERROR: DHT Runtime Exception: DHT sensor not found, check wiring
04.06.2024 18:48:22 ERROR: DHT Runtime Exception: DHT sensor not found, check wiring
04.06.2024 18:48:32 ERROR: DHT Runtime Exception: DHT sensor not found, check wiring
04.06.2024 18:48:42 ERROR: DHT Runtime Exception: DHT sensor not found, check wiring
04.06.2024 18:48:53 ERROR: DHT Runtime Exception: DHT sensor not found, check wiring
04.06.2024 18:49:03 ERROR: DHT Runtime Exception: DHT sensor not found, check wiring
04.06.2024 18:49:13 ERROR: DHT Runtime Exception: DHT sensor not found, check wiring
04.06.2024 18:49:24 ERROR: DHT Runtime Exception: DHT sensor not found, check wiring
04.06.2024 18:49:34 ERROR: DHT Runtime Exception: DHT sensor not found, check wiring
04.06.2024 18:49:45 ERROR: DHT Runtime Exception: DHT sensor not found, check wiring
04.06.2024 18:49:55 ERROR: DHT Runtime Exception: DHT sensor not found, check wiring
04.06.2024 18:50:05 ERROR: DHT Runtime Exception: DHT sensor not found, check wiring
04.06.2024 18:50:16 ERROR: DHT Runtime Exception: DHT sensor not found, check wiring
04.06.2024 18:50:26 ERROR: DHT Runtime Exception: DHT sensor not found, check wiring
04.06.2024 18:50:36 ERROR: DHT Runtime Exception: DHT sensor not found, check wiring
04.06.2024 18:50:47 ERROR: DHT Runtime Exception: DHT sensor not found, check wiring
04.06.2024 18:50:57 ERROR: DHT Runtime Exception: DHT sensor not found, check wiring
04.06.2024 18:51:08 ERROR: DHT Runtime Exception: DHT sensor not found, check wiring
04.06.2024 18:51:18 ERROR: DHT Runtime Exception: DHT sensor not found, check wiring
04.06.2024 18:51:28 ERROR: DHT Runtime Exception: DHT sensor not found, check wiring
04.06.2024 18:51:39 ERROR: DHT Runtime Exception: DHT sensor not found, check wiring
04.06.2024 18:51:49 ERROR: DHT Runtime Exception: DHT sensor not found, check wiring
04.06.2024 18:52:00 ERROR: DHT Runtime Exception: DHT sensor not found, check wiring
04.06.2024 18:52:10 ERROR: DHT Runtime Exception: DHT sensor not found, check wiring
04.06.2024 18:52:20 ERROR: DHT Runtime Exception: DHT sensor not found, check wiring
04.06.2024 18:52:31 ERROR: DHT Runtime Exception: DHT sensor not found, check wiring
04.06.2024 18:52:41 ERROR: DHT Runtime Exception: DHT sensor not found, check wiring
04.06.2024 18:52:51 ERROR: DHT Runtime Exception: DHT sensor not found, check wiring
04.06.2024 18:53:02 ERROR: DHT Runtime Exception: DHT sensor not found, check wiring
04.06.2024 18:53:12 ERROR: DHT Runtime Exception: DHT sensor not found, check wiring
04.06.2024 18:53:23 ERROR: DHT Runtime Exception: DHT sensor not found, check wiring
04.06.2024 18:53:33 ERROR: DHT Runtime Exception: DHT sensor not found, check wiring
04.06.2024 18:53:43 ERROR: DHT Runtime Exception: DHT sensor not found, check wiring
04.06.2024 18:53:54 ERROR: DHT Runtime Exception: DHT sensor not found, check wiring
04.06.2024 18:54:04 ERROR: DHT Runtime Exception: DHT sensor not found, check wiring
04.06.2024 18:54:15 ERROR: DHT Runtime Exception: DHT sensor not found, check wiring
04.06.2024 18:54:25 ERROR: DHT Runtime Exception: DHT sensor not found, check wiring
04.06.2024 18:54:35 ERROR: DHT Runtime Exception: DHT sensor not found, check wiring
04.06.2024 18:54:46 ERROR: DHT Runtime Exception: DHT sensor not found, check wiring
04.06.2024 18:54:56 ERROR: DHT Runtime Exception: DHT sensor not found, check wiring
04.06.2024 18:55:06 ERROR: DHT Runtime Exception: DHT sensor not found, check wiring
04.06.2024 18:55:17 ERROR: DHT Runtime Exception: DHT sensor not found, check wiring
04.06.2024 18:55:27 ERROR: DHT Runtime Exception: DHT sensor not found, check wiring
04.06.2024 18:55:38 ERROR: DHT Runtime Exception: DHT sensor not found, check wiring
04.06.2024 18:55:48 ERROR: DHT Runtime Exception: DHT sensor not found, check wiring
04.06.2024 18:55:58 ERROR: DHT Runtime Exception: DHT sensor not found, check wiring
04.06.2024 18:56:09 ERROR: DHT Runtime Exception: DHT sensor not found, check wiring
04.06.2024 18:56:19 ERROR: DHT Runtime Exception: DHT sensor not found, check wiring
04.06.2024 18:56:30 ERROR: DHT Runtime Exception: DHT sensor not found, check wiring
04.06.2024 18:56:40 ERROR: DHT Runtime Exception: DHT sensor not found, check wiring
04.06.2024 18:56:50 ERROR: DHT Runtime Exception: DHT sensor not found, check wiring
04.06.2024 18:57:01 ERROR: DHT Runtime Exception: DHT sensor not found, check wiring
04.06.2024 18:57:11 ERROR: DHT Runtime Exception: DHT sensor not found, check wiring
04.06.2024 18:57:21 ERROR: DHT Runtime Exception: DHT sensor not found, check wiring
04.06.2024 18:57:32 ERROR: DHT Runtime Exception: DHT sensor not found, check wiring
04.06.2024 18:57:42 ERROR: DHT Runtime Exception: DHT sensor not found, check wiring
04.06.2024 18:57:53 ERROR: DHT Runtime Exception: DHT sensor not found, check wiring
04.06.2024 18:58:03 ERROR: DHT Runtime Exception: DHT sensor not found, check wiring
04.06.2024 18:58:13 ERROR: DHT Runtime Exception: DHT sensor not found, check wiring
04.06.2024 18:58:24 ERROR: DHT Runtime Exception: DHT sensor not found, check wiring
04.06.2024 18:58:34 ERROR: DHT Runtime Exception: DHT sensor not found, check wiring
04.06.2024 18:58:45 ERROR: DHT Runtime Exception: DHT sensor not found, check wiring
04.06.2024 18:58:55 ERROR: DHT Runtime Exception: DHT sensor not found, check wiring
04.06.2024 18:59:05 ERROR: DHT Runtime Exception: DHT sensor not found, check wiring
04.06.2024 18:59:16 ERROR: DHT Runtime Exception: DHT sensor not found, check wiring
04.06.2024 18:59:26 ERROR: DHT Runtime Exception: DHT sensor not found, check wiring
04.06.2024 18:59:36 ERROR: DHT Runtime Exception: DHT sensor not found, check wiring
04.06.2024 18:59:47 ERROR: DHT Runtime Exception: DHT sensor not found, check wiring
04.06.2024 18:59:57 ERROR: DHT Runtime Exception: DHT sensor not found, check wiring
04.06.2024 19:00:08 ERROR: DHT Runtime Exception: DHT sensor not found, check wiring
04.06.2024 19:00:18 ERROR: DHT Runtime Exception: DHT sensor not found, check wiring
04.06.2024 19:00:29 ERROR: DHT Runtime Exception: DHT sensor not found, check wiring
04.06.2024 19:00:39 ERROR: DHT Runtime Exception: DHT sensor not found, check wiring
04.06.2024 19:00:49 ERROR: DHT Runtime Exception: DHT sensor not found, check wiring
04.06.2024 19:01:00 ERROR: DHT Runtime Exception: DHT sensor not found, check wiring
04.06.2024 19:01:10 ERROR: DHT Runtime Exception: DHT sensor not found, check wiring
04.06.2024 19:01:21 ERROR: DHT Runtime Exception: DHT sensor not found, check wiring
04.06.2024 19:01:31 ERROR: DHT Runtime Exception: DHT sensor not found, check wiring
04.06.2024 19:01:41 ERROR: DHT Runtime Exception: DHT sensor not found, check wiring
04.06.2024 19:01:52 ERROR: DHT Runtime Exception: DHT sensor not found, check wiring
04.06.2024 19:02:02 ERROR: DHT Runtime Exception: DHT sensor not found, check wiring
04.06.2024 19:02:12 ERROR: DHT Runtime Exception: DHT sensor not found, check wiring
04.06.2024 19:02:23 ERROR: DHT Runtime Exception: DHT sensor not found, check wiring
04.06.2024 19:02:33 ERROR: DHT Runtime Exception: DHT sensor not found, check wiring
04.06.2024 19:02:44 ERROR: DHT Runtime Exception: DHT sensor not found, check wiring
04.06.2024 19:02:54 ERROR: DHT Runtime Exception: DHT sensor not found, check wiring
04.06.2024 19:03:04 ERROR: DHT Runtime Exception: DHT sensor not found, check wiring
04.06.2024 19:03:15 ERROR: DHT Runtime Exception: DHT sensor not found, check wiring
04.06.2024 19:03:25 ERROR: DHT Runtime Exception: DHT sensor not found, check wiring
04.06.2024 19:03:36 ERROR: DHT Runtime Exception: DHT sensor not found, check wiring
04.06.2024 19:03:46 ERROR: DHT Runtime Exception: DHT sensor not found, check wiring
04.06.2024 19:03:56 ERROR: DHT Runtime Exception: DHT sensor not found, check wiring
04.06.2024 19:04:07 ERROR: DHT Runtime Exception: DHT sensor not found, check wiring
04.06.2024 19:04:17 ERROR: DHT Runtime Exception: DHT sensor not found, check wiring
04.06.2024 19:04:27 ERROR: DHT Runtime Exception: DHT sensor not found, check wiring
04.06.2024 19:04:38 ERROR: DHT Runtime Exception: DHT sensor not found, check wiring
04.06.2024 19:04:48 ERROR: DHT Runtime Exception: DHT sensor not found, check wiring
04.06.2024 19:04:59 ERROR: DHT Runtime Exception: DHT sensor not found, check wiring
04.06.2024 19:05:09 ERROR: DHT Runtime Exception: DHT sensor not found, check wiring
04.06.2024 19:05:19 ERROR: DHT Runtime Exception: DHT sensor not found, check wiring
04.06.2024 19:05:30 ERROR: DHT Runtime Exception: DHT sensor not found, check wiring
04.06.2024 19:05:40 ERROR: DHT Runtime Exception: DHT sensor not found, check wiring
04.06.2024 19:05:51 ERROR: DHT Runtime Exception: DHT sensor not found, check wiring
04.06.2024 19:06:01 ERROR: DHT Runtime Exception: DHT sensor not found, check wiring
04.06.2024 19:06:11 ERROR: DHT Runtime Exception: DHT sensor not found, check wiring
04.06.2024 19:06:22 ERROR: DHT Runtime Exception: DHT sensor not found, check wiring
04.06.2024 19:06:32 ERROR: DHT Runtime Exception: DHT sensor not found, check wiring
04.06.2024 19:06:42 ERROR: DHT Runtime Exception: DHT sensor not found, check wiring
04.06.2024 19:06:53 ERROR: DHT Runtime Exception: DHT sensor not found, check wiring
04.06.2024 19:07:03 ERROR: DHT Runtime Exception: DHT sensor not found, check wiring
04.06.2024 19:07:14 ERROR: DHT Runtime Exception: DHT sensor not found, check wiring
04.06.2024 19:07:24 ERROR: DHT Runtime Exception: DHT sensor not found, check wiring
04.06.2024 19:07:34 ERROR: DHT Runtime Exception: DHT sensor not found, check wiring
04.06.2024 19:07:45 ERROR: DHT Runtime Exception: DHT sensor not found, check wiring
04.06.2024 19:07:55 ERROR: DHT Runtime Exception: DHT sensor not found, check wiring
04.06.2024 19:08:06 ERROR: DHT Runtime Exception: DHT sensor not found, check wiring
04.06.2024 19:08:16 ERROR: DHT Runtime Exception: DHT sensor not found, check wiring
04.06.2024 19:08:26 ERROR: DHT Runtime Exception: DHT sensor not found, check wiring
04.06.2024 19:08:37 ERROR: DHT Runtime Exception: DHT sensor not found, check wiring
04.06.2024 19:08:47 ERROR: DHT Runtime Exception: DHT sensor not found, check wiring
04.06.2024 19:08:57 ERROR: DHT Runtime Exception: DHT sensor not found, check wiring
04.06.2024 19:09:08 ERROR: DHT Runtime Exception: DHT sensor not found, check wiring
04.06.2024 19:09:18 ERROR: DHT Runtime Exception: DHT sensor not found, check wiring
04.06.2024 19:09:29 ERROR: DHT Runtime Exception: DHT sensor not found, check wiring
04.06.2024 19:09:39 ERROR: DHT Runtime Exception: DHT sensor not found, check wiring
04.06.2024 19:09:49 ERROR: DHT Runtime Exception: DHT sensor not found, check wiring
04.06.2024 19:10:00 ERROR: DHT Runtime Exception: DHT sensor not found, check wiring
04.06.2024 19:10:10 ERROR: DHT Runtime Exception: DHT sensor not found, check wiring
04.06.2024 19:10:21 ERROR: DHT Runtime Exception: DHT sensor not found, check wiring
04.06.2024 19:10:31 ERROR: DHT Runtime Exception: DHT sensor not found, check wiring
04.06.2024 19:10:41 ERROR: DHT Runtime Exception: DHT sensor not found, check wiring
04.06.2024 19:10:52 ERROR: DHT Runtime Exception: DHT sensor not found, check wiring
04.06.2024 19:11:02 ERROR: DHT Runtime Exception: DHT sensor not found, check wiring
04.06.2024 19:11:12 ERROR: DHT Runtime Exception: DHT sensor not found, check wiring
04.06.2024 19:11:23 ERROR: DHT Runtime Exception: DHT sensor not found, check wiring
04.06.2024 19:11:33 ERROR: DHT Runtime Exception: DHT sensor not found, check wiring
04.06.2024 19:11:44 ERROR: DHT Runtime Exception: DHT sensor not found, check wiring
04.06.2024 19:11:54 ERROR: DHT Runtime Exception: DHT sensor not found, check wiring
04.06.2024 19:12:04 ERROR: DHT Runtime Exception: DHT sensor not found, check wiring
04.06.2024 19:12:15 ERROR: DHT Runtime Exception: DHT sensor not found, check wiring
04.06.2024 19:12:25 ERROR: DHT Runtime Exception: DHT sensor not found, check wiring
04.06.2024 19:12:36 ERROR: DHT Runtime Exception: DHT sensor not found, check wiring
04.06.2024 19:12:46 ERROR: DHT Runtime Exception: DHT sensor not found, check wiring
04.06.2024 19:12:56 ERROR: DHT Runtime Exception: DHT sensor not found, check wiring
04.06.2024 19:13:07 ERROR: DHT Runtime Exception: DHT sensor not found, check wiring
04.06.2024 19:13:17 ERROR: DHT Runtime Exception: DHT sensor not found, check wiring
04.06.2024 19:13:27 ERROR: DHT Runtime Exception: DHT sensor not found, check wiring
04.06.2024 19:13:38 ERROR: DHT Runtime Exception: DHT sensor not found, check wiring
04.06.2024 19:13:48 ERROR: DHT Runtime Exception: DHT sensor not found, check wiring
04.06.2024 19:13:59 ERROR: DHT Runtime Exception: DHT sensor not found, check wiring
04.06.2024 19:14:09 ERROR: DHT Runtime Exception: DHT sensor not found, check wiring
04.06.2024 19:14:19 ERROR: DHT Runtime Exception: DHT sensor not found, check wiring
04.06.2024 19:14:30 ERROR: DHT Runtime Exception: DHT sensor not found, check wiring
04.06.2024 19:14:40 ERROR: DHT Runtime Exception: DHT sensor not found, check wiring
04.06.2024 19:14:51 ERROR: DHT Runtime Exception: DHT sensor not found, check wiring
04.06.2024 19:15:01 ERROR: DHT Runtime Exception: DHT sensor not found, check wiring
04.06.2024 19:15:11 ERROR: DHT Runtime Exception: DHT sensor not found, check wiring
04.06.2024 19:15:22 ERROR: DHT Runtime Exception: DHT sensor not found, check wiring
04.06.2024 19:15:32 ERROR: DHT Runtime Exception: DHT sensor not found, check wiring
04.06.2024 19:15:42 ERROR: DHT Runtime Exception: DHT sensor not found, check wiring
04.06.2024 19:15:53 ERROR: DHT Runtime Exception: DHT sensor not found, check wiring
04.06.2024 19:16:03 ERROR: DHT Runtime Exception: DHT sensor not found, check wiring
04.06.2024 19:16:14 ERROR: DHT Runtime Exception: DHT sensor not found, check wiring
04.06.2024 19:16:24 ERROR: DHT Runtime Exception: DHT sensor not found, check wiring
04.06.2024 19:16:34 ERROR: DHT Runtime Exception: DHT sensor not found, check wiring
04.06.2024 19:16:45 ERROR: DHT Runtime Exception: DHT sensor not found, check wiring
04.06.2024 19:16:55 ERROR: DHT Runtime Exception: DHT sensor not found, check wiring
04.06.2024 19:17:06 ERROR: DHT Runtime Exception: DHT sensor not found, check wiring
04.06.2024 19:17:16 ERROR: DHT Runtime Exception: DHT sensor not found, check wiring
04.06.2024 19:17:26 ERROR: DHT Runtime Exception: DHT sensor not found, check wiring
04.06.2024 19:17:37 ERROR: DHT Runtime Exception: DHT sensor not found, check wiring
04.06.2024 19:17:47 ERROR: DHT Runtime Exception: DHT sensor not found, check wiring
04.06.2024 19:17:57 ERROR: DHT Runtime Exception: DHT sensor not found, check wiring
04.06.2024 19:18:08 ERROR: DHT Runtime Exception: DHT sensor not found, check wiring
04.06.2024 19:18:18 ERROR: DHT Runtime Exception: DHT sensor not found, check wiring
04.06.2024 19:18:29 ERROR: DHT Runtime Exception: DHT sensor not found, check wiring
04.06.2024 19:18:39 ERROR: DHT Runtime Exception: DHT sensor not found, check wiring
04.06.2024 19:18:49 ERROR: DHT Runtime Exception: DHT sensor not found, check wiring
04.06.2024 19:19:00 ERROR: DHT Runtime Exception: DHT sensor not found, check wiring
04.06.2024 19:19:10 ERROR: DHT Runtime Exception: DHT sensor not found, check wiring
04.06.2024 19:19:21 ERROR: DHT Runtime Exception: DHT sensor not found, check wiring
04.06.2024 19:19:31 ERROR: DHT Runtime Exception: DHT sensor not found, check wiring
04.06.2024 19:19:41 ERROR: DHT Runtime Exception: DHT sensor not found, check wiring
04.06.2024 19:19:52 ERROR: DHT Runtime Exception: DHT sensor not found, check wiring
04.06.2024 19:20:02 ERROR: DHT Runtime Exception: DHT sensor not found, check wiring
04.06.2024 19:20:13 ERROR: DHT Runtime Exception: DHT sensor not found, check wiring
04.06.2024 19:20:23 ERROR: DHT Runtime Exception: DHT sensor not found, check wiring
04.06.2024 19:20:33 ERROR: DHT Runtime Exception: DHT sensor not found, check wiring
04.06.2024 19:20:44 ERROR: DHT Runtime Exception: DHT sensor not found, check wiring
04.06.2024 19:20:54 ERROR: DHT Runtime Exception: DHT sensor not found, check wiring
04.06.2024 19:21:05 ERROR: DHT Runtime Exception: DHT sensor not found, check wiring
04.06.2024 19:21:15 ERROR: DHT Runtime Exception: DHT sensor not found, check wiring
04.06.2024 19:21:25 ERROR: DHT Runtime Exception: DHT sensor not found, check wiring
04.06.2024 19:21:36 ERROR: DHT Runtime Exception: DHT sensor not found, check wiring
04.06.2024 19:21:46 ERROR: DHT Runtime Exception: DHT sensor not found, check wiring
04.06.2024 19:21:57 ERROR: DHT Runtime Exception: DHT sensor not found, check wiring
04.06.2024 19:22:07 ERROR: DHT Runtime Exception: DHT sensor not found, check wiring
04.06.2024 19:22:17 ERROR: DHT Runtime Exception: DHT sensor not found, check wiring
04.06.2024 19:22:28 ERROR: DHT Runtime Exception: DHT sensor not found, check wiring
04.06.2024 19:22:38 ERROR: DHT Runtime Exception: DHT sensor not found, check wiring
04.06.2024 19:22:49 ERROR: DHT Runtime Exception: DHT sensor not found, check wiring
04.06.2024 19:22:59 ERROR: DHT Runtime Exception: DHT sensor not found, check wiring
04.06.2024 19:23:09 ERROR: DHT Runtime Exception: DHT sensor not found, check wiring
04.06.2024 19:23:20 ERROR: DHT Runtime Exception: DHT sensor not found, check wiring
04.06.2024 19:23:30 ERROR: DHT Runtime Exception: DHT sensor not found, check wiring
04.06.2024 19:23:41 ERROR: DHT Runtime Exception: DHT sensor not found, check wiring
04.06.2024 19:23:51 ERROR: DHT Runtime Exception: DHT sensor not found, check wiring
04.06.2024 19:24:01 ERROR: DHT Runtime Exception: DHT sensor not found, check wiring
04.06.2024 19:24:12 ERROR: DHT Runtime Exception: DHT sensor not found, check wiring
04.06.2024 19:24:22 ERROR: DHT Runtime Exception: DHT sensor not found, check wiring
04.06.2024 19:24:33 ERROR: DHT Runtime Exception: DHT sensor not found, check wiring
04.06.2024 19:24:43 ERROR: DHT Runtime Exception: DHT sensor not found, check wiring
04.06.2024 19:24:53 ERROR: DHT Runtime Exception: DHT sensor not found, check wiring
04.06.2024 19:25:04 ERROR: DHT Runtime Exception: DHT sensor not found, check wiring
04.06.2024 19:25:14 ERROR: DHT Runtime Exception: DHT sensor not found, check wiring
04.06.2024 19:25:25 ERROR: DHT Runtime Exception: DHT sensor not found, check wiring
04.06.2024 19:25:35 ERROR: DHT Runtime Exception: DHT sensor not found, check wiring
04.06.2024 19:25:45 ERROR: DHT Runtime Exception: DHT sensor not found, check wiring
04.06.2024 19:25:56 ERROR: DHT Runtime Exception: DHT sensor not found, check wiring
04.06.2024 19:26:06 ERROR: DHT Runtime Exception: DHT sensor not found, check wiring
04.06.2024 19:26:16 ERROR: DHT Runtime Exception: DHT sensor not found, check wiring
04.06.2024 19:26:27 ERROR: DHT Runtime Exception: DHT sensor not found, check wiring
04.06.2024 19:26:37 ERROR: DHT Runtime Exception: DHT sensor not found, check wiring
04.06.2024 19:26:48 ERROR: DHT Runtime Exception: DHT sensor not found, check wiring
04.06.2024 19:26:58 ERROR: DHT Runtime Exception: DHT sensor not found, check wiring
04.06.2024 19:27:08 ERROR: DHT Runtime Exception: DHT sensor not found, check wiring
04.06.2024 19:27:19 ERROR: DHT Runtime Exception: DHT sensor not found, check wiring
04.06.2024 19:27:29 ERROR: DHT Runtime Exception: DHT sensor not found, check wiring
04.06.2024 19:27:40 ERROR: DHT Runtime Exception: DHT sensor not found, check wiring
04.06.2024 19:27:50 ERROR: DHT Runtime Exception: DHT sensor not found, check wiring
04.06.2024 19:28:00 ERROR: DHT Runtime Exception: DHT sensor not found, check wiring
04.06.2024 19:28:11 ERROR: DHT Runtime Exception: DHT sensor not found, check wiring
04.06.2024 19:28:21 ERROR: DHT Runtime Exception: DHT sensor not found, check wiring
04.06.2024 19:28:31 ERROR: DHT Runtime Exception: DHT sensor not found, check wiring
04.06.2024 19:28:42 ERROR: DHT Runtime Exception: DHT sensor not found, check wiring
04.06.2024 19:28:52 ERROR: DHT Runtime Exception: DHT sensor not found, check wiring
04.06.2024 19:29:03 ERROR: DHT Runtime Exception: DHT sensor not found, check wiring
04.06.2024 19:29:13 ERROR: DHT Runtime Exception: DHT sensor not found, check wiring
04.06.2024 19:29:23 ERROR: DHT Runtime Exception: DHT sensor not found, check wiring
04.06.2024 19:29:34 ERROR: DHT Runtime Exception: DHT sensor not found, check wiring
04.06.2024 19:29:44 ERROR: DHT Runtime Exception: DHT sensor not found, check wiring
04.06.2024 19:29:55 ERROR: DHT Runtime Exception: DHT sensor not found, check wiring
04.06.2024 19:30:05 ERROR: DHT Runtime Exception: DHT sensor not found, check wiring
04.06.2024 19:30:15 ERROR: DHT Runtime Exception: DHT sensor not found, check wiring
04.06.2024 19:30:26 ERROR: DHT Runtime Exception: DHT sensor not found, check wiring
04.06.2024 19:30:36 ERROR: DHT Runtime Exception: DHT sensor not found, check wiring
04.06.2024 19:30:46 ERROR: DHT Runtime Exception: DHT sensor not found, check wiring
04.06.2024 19:30:57 ERROR: DHT Runtime Exception: DHT sensor not found, check wiring
04.06.2024 19:31:07 ERROR: DHT Runtime Exception: DHT sensor not found, check wiring
04.06.2024 19:31:18 ERROR: DHT Runtime Exception: DHT sensor not found, check wiring
04.06.2024 19:31:28 ERROR: DHT Runtime Exception: DHT sensor not found, check wiring
04.06.2024 19:31:38 ERROR: DHT Runtime Exception: DHT sensor not found, check wiring
04.06.2024 19:31:49 ERROR: DHT Runtime Exception: DHT sensor not found, check wiring
04.06.2024 19:31:59 ERROR: DHT Runtime Exception: DHT sensor not found, check wiring
04.06.2024 19:32:09 ERROR: DHT Runtime Exception: DHT sensor not found, check wiring
04.06.2024 19:32:20 ERROR: DHT Runtime Exception: DHT sensor not found, check wiring
04.06.2024 19:32:30 ERROR: DHT Runtime Exception: DHT sensor not found, check wiring
04.06.2024 19:32:41 ERROR: DHT Runtime Exception: DHT sensor not found, check wiring
04.06.2024 19:32:51 ERROR: DHT Runtime Exception: DHT sensor not found, check wiring
04.06.2024 19:33:01 ERROR: DHT Runtime Exception: DHT sensor not found, check wiring
04.06.2024 19:33:12 ERROR: DHT Runtime Exception: DHT sensor not found, check wiring
04.06.2024 19:33:22 ERROR: DHT Runtime Exception: DHT sensor not found, check wiring
04.06.2024 19:33:33 ERROR: DHT Runtime Exception: DHT sensor not found, check wiring
04.06.2024 19:33:43 ERROR: DHT Runtime Exception: DHT sensor not found, check wiring
04.06.2024 19:33:53 ERROR: DHT Runtime Exception: DHT sensor not found, check wiring
04.06.2024 19:34:04 ERROR: DHT Runtime Exception: DHT sensor not found, check wiring
04.06.2024 19:34:14 ERROR: DHT Runtime Exception: DHT sensor not found, check wiring
04.06.2024 19:34:24 ERROR: DHT Runtime Exception: DHT sensor not found, check wiring
04.06.2024 19:34:35 ERROR: DHT Runtime Exception: DHT sensor not found, check wiring
04.06.2024 19:34:45 ERROR: DHT Runtime Exception: DHT sensor not found, check wiring
04.06.2024 19:34:56 ERROR: DHT Runtime Exception: DHT sensor not found, check wiring
04.06.2024 19:35:06 ERROR: DHT Runtime Exception: DHT sensor not found, check wiring
04.06.2024 19:35:16 ERROR: DHT Runtime Exception: DHT sensor not found, check wiring
04.06.2024 19:35:27 ERROR: DHT Runtime Exception: DHT sensor not found, check wiring
04.06.2024 19:35:37 ERROR: DHT Runtime Exception: DHT sensor not found, check wiring
04.06.2024 19:35:48 ERROR: DHT Runtime Exception: DHT sensor not found, check wiring
04.06.2024 19:35:58 ERROR: DHT Runtime Exception: DHT sensor not found, check wiring
04.06.2024 19:36:08 ERROR: DHT Runtime Exception: DHT sensor not found, check wiring
04.06.2024 19:36:19 ERROR: DHT Runtime Exception: DHT sensor not found, check wiring
04.06.2024 19:36:29 ERROR: DHT Runtime Exception: DHT sensor not found, check wiring
04.06.2024 19:36:40 ERROR: DHT Runtime Exception: DHT sensor not found, check wiring
04.06.2024 19:36:50 ERROR: DHT Runtime Exception: DHT sensor not found, check wiring
04.06.2024 19:37:00 ERROR: DHT Runtime Exception: DHT sensor not found, check wiring
04.06.2024 19:37:11 ERROR: DHT Runtime Exception: DHT sensor not found, check wiring
04.06.2024 19:37:21 ERROR: DHT Runtime Exception: DHT sensor not found, check wiring
04.06.2024 19:37:31 ERROR: DHT Runtime Exception: DHT sensor not found, check wiring
04.06.2024 19:37:42 ERROR: DHT Runtime Exception: DHT sensor not found, check wiring
04.06.2024 19:37:52 ERROR: DHT Runtime Exception: DHT sensor not found, check wiring
04.06.2024 19:38:03 ERROR: DHT Runtime Exception: DHT sensor not found, check wiring
04.06.2024 19:38:13 ERROR: DHT Runtime Exception: DHT sensor not found, check wiring
04.06.2024 19:38:23 ERROR: DHT Runtime Exception: DHT sensor not found, check wiring
04.06.2024 19:38:34 ERROR: DHT Runtime Exception: DHT sensor not found, check wiring
04.06.2024 19:38:44 ERROR: DHT Runtime Exception: DHT sensor not found, check wiring
04.06.2024 19:38:54 ERROR: DHT Runtime Exception: DHT sensor not found, check wiring
04.06.2024 19:39:05 ERROR: DHT Runtime Exception: DHT sensor not found, check wiring
04.06.2024 19:39:15 ERROR: DHT Runtime Exception: DHT sensor not found, check wiring
04.06.2024 19:39:26 ERROR: DHT Runtime Exception: DHT sensor not found, check wiring
04.06.2024 19:39:36 ERROR: DHT Runtime Exception: DHT sensor not found, check wiring
04.06.2024 19:39:46 ERROR: DHT Runtime Exception: DHT sensor not found, check wiring
04.06.2024 19:39:57 ERROR: DHT Runtime Exception: DHT sensor not found, check wiring
04.06.2024 19:40:07 ERROR: DHT Runtime Exception: DHT sensor not found, check wiring
04.06.2024 19:40:18 ERROR: DHT Runtime Exception: DHT sensor not found, check wiring
04.06.2024 19:40:28 ERROR: DHT Runtime Exception: DHT sensor not found, check wiring
04.06.2024 19:40:38 ERROR: DHT Runtime Exception: DHT sensor not found, check wiring
04.06.2024 19:40:49 ERROR: DHT Runtime Exception: DHT sensor not found, check wiring
04.06.2024 19:40:59 ERROR: DHT Runtime Exception: DHT sensor not found, check wiring
04.06.2024 19:41:10 ERROR: DHT Runtime Exception: DHT sensor not found, check wiring
04.06.2024 19:41:20 ERROR: DHT Runtime Exception: DHT sensor not found, check wiring
04.06.2024 19:41:30 ERROR: DHT Runtime Exception: DHT sensor not found, check wiring
04.06.2024 19:41:41 ERROR: DHT Runtime Exception: DHT sensor not found, check wiring
04.06.2024 19:41:51 ERROR: DHT Runtime Exception: DHT sensor not found, check wiring
04.06.2024 19:42:01 ERROR: DHT Runtime Exception: DHT sensor not found, check wiring
04.06.2024 19:42:12 ERROR: DHT Runtime Exception: DHT sensor not found, check wiring
04.06.2024 19:42:22 ERROR: DHT Runtime Exception: DHT sensor not found, check wiring
04.06.2024 19:42:33 ERROR: DHT Runtime Exception: DHT sensor not found, check wiring
04.06.2024 19:42:43 ERROR: DHT Runtime Exception: DHT sensor not found, check wiring
04.06.2024 19:42:53 ERROR: DHT Runtime Exception: DHT sensor not found, check wiring
04.06.2024 19:43:04 ERROR: DHT Runtime Exception: DHT sensor not found, check wiring
04.06.2024 19:43:14 ERROR: DHT Runtime Exception: DHT sensor not found, check wiring
04.06.2024 19:43:24 ERROR: DHT Runtime Exception: DHT sensor not found, check wiring
04.06.2024 19:43:35 ERROR: DHT Runtime Exception: DHT sensor not found, check wiring
04.06.2024 19:43:45 ERROR: DHT Runtime Exception: DHT sensor not found, check wiring
04.06.2024 19:43:56 ERROR: DHT Runtime Exception: DHT sensor not found, check wiring
04.06.2024 19:44:06 ERROR: DHT Runtime Exception: DHT sensor not found, check wiring
04.06.2024 19:44:16 ERROR: DHT Runtime Exception: DHT sensor not found, check wiring
04.06.2024 19:44:27 ERROR: DHT Runtime Exception: DHT sensor not found, check wiring
04.06.2024 19:44:37 ERROR: DHT Runtime Exception: DHT sensor not found, check wiring
04.06.2024 19:44:48 ERROR: DHT Runtime Exception: DHT sensor not found, check wiring
04.06.2024 19:44:58 ERROR: DHT Runtime Exception: DHT sensor not found, check wiring
04.06.2024 19:45:08 ERROR: DHT Runtime Exception: DHT sensor not found, check wiring
04.06.2024 19:45:19 ERROR: DHT Runtime Exception: DHT sensor not found, check wiring
04.06.2024 19:45:29 ERROR: DHT Runtime Exception: DHT sensor not found, check wiring
04.06.2024 19:45:39 ERROR: DHT Runtime Exception: DHT sensor not found, check wiring
04.06.2024 19:45:50 ERROR: DHT Runtime Exception: DHT sensor not found, check wiring
04.06.2024 19:46:00 ERROR: DHT Runtime Exception: DHT sensor not found, check wiring
04.06.2024 19:46:11 ERROR: DHT Runtime Exception: DHT sensor not found, check wiring
04.06.2024 19:46:21 ERROR: DHT Runtime Exception: DHT sensor not found, check wiring
04.06.2024 19:46:31 ERROR: DHT Runtime Exception: DHT sensor not found, check wiring
04.06.2024 19:46:42 ERROR: DHT Runtime Exception: DHT sensor not found, check wiring
04.06.2024 19:46:52 ERROR: DHT Runtime Exception: DHT sensor not found, check wiring
04.06.2024 19:47:02 ERROR: DHT Runtime Exception: DHT sensor not found, check wiring
04.06.2024 19:47:13 ERROR: DHT Runtime Exception: DHT sensor not found, check wiring
04.06.2024 19:47:23 ERROR: DHT Runtime Exception: DHT sensor not found, check wiring
04.06.2024 19:47:34 ERROR: DHT Runtime Exception: DHT sensor not found, check wiring
04.06.2024 19:47:44 ERROR: DHT Runtime Exception: DHT sensor not found, check wiring
04.06.2024 19:47:54 ERROR: DHT Runtime Exception: DHT sensor not found, check wiring
04.06.2024 19:48:05 ERROR: DHT Runtime Exception: DHT sensor not found, check wiring
04.06.2024 19:48:15 ERROR: DHT Runtime Exception: DHT sensor not found, check wiring
04.06.2024 19:48:26 ERROR: DHT Runtime Exception: DHT sensor not found, check wiring
04.06.2024 19:48:36 ERROR: DHT Runtime Exception: DHT sensor not found, check wiring
04.06.2024 19:48:46 ERROR: DHT Runtime Exception: DHT sensor not found, check wiring
04.06.2024 19:48:57 ERROR: DHT Runtime Exception: DHT sensor not found, check wiring
04.06.2024 19:49:07 ERROR: DHT Runtime Exception: DHT sensor not found, check wiring
04.06.2024 19:49:18 ERROR: DHT Runtime Exception: DHT sensor not found, check wiring
04.06.2024 19:49:28 ERROR: DHT Runtime Exception: DHT sensor not found, check wiring
04.06.2024 19:49:38 ERROR: DHT Runtime Exception: DHT sensor not found, check wiring
04.06.2024 19:49:49 ERROR: DHT Runtime Exception: DHT sensor not found, check wiring
04.06.2024 19:49:59 ERROR: DHT Runtime Exception: DHT sensor not found, check wiring
04.06.2024 19:50:09 ERROR: DHT Runtime Exception: DHT sensor not found, check wiring
04.06.2024 19:50:20 ERROR: DHT Runtime Exception: DHT sensor not found, check wiring
04.06.2024 19:50:30 ERROR: DHT Runtime Exception: DHT sensor not found, check wiring
04.06.2024 19:50:41 ERROR: DHT Runtime Exception: DHT sensor not found, check wiring
04.06.2024 19:50:51 ERROR: DHT Runtime Exception: DHT sensor not found, check wiring
04.06.2024 19:51:01 ERROR: DHT Runtime Exception: DHT sensor not found, check wiring
04.06.2024 19:51:12 ERROR: DHT Runtime Exception: DHT sensor not found, check wiring
04.06.2024 19:51:22 ERROR: DHT Runtime Exception: DHT sensor not found, check wiring
04.06.2024 19:51:33 ERROR: DHT Runtime Exception: DHT sensor not found, check wiring
04.06.2024 19:51:44 ERROR: DHT Runtime Exception: DHT sensor not found, check wiring
04.06.2024 19:51:54 ERROR: DHT Runtime Exception: DHT sensor not found, check wiring
04.06.2024 19:52:04 ERROR: DHT Runtime Exception: DHT sensor not found, check wiring
04.06.2024 19:52:15 ERROR: DHT Runtime Exception: DHT sensor not found, check wiring
04.06.2024 19:52:25 ERROR: DHT Runtime Exception: DHT sensor not found, check wiring
04.06.2024 19:52:36 ERROR: DHT Runtime Exception: DHT sensor not found, check wiring
04.06.2024 19:52:46 ERROR: DHT Runtime Exception: DHT sensor not found, check wiring
04.06.2024 19:52:56 ERROR: DHT Runtime Exception: DHT sensor not found, check wiring
04.06.2024 19:53:07 ERROR: DHT Runtime Exception: DHT sensor not found, check wiring
04.06.2024 19:53:17 ERROR: DHT Runtime Exception: DHT sensor not found, check wiring
04.06.2024 19:53:28 ERROR: DHT Runtime Exception: DHT sensor not found, check wiring
04.06.2024 19:53:38 ERROR: DHT Runtime Exception: DHT sensor not found, check wiring
04.06.2024 19:53:48 ERROR: DHT Runtime Exception: DHT sensor not found, check wiring
04.06.2024 19:53:59 ERROR: DHT Runtime Exception: DHT sensor not found, check wiring
04.06.2024 19:54:09 ERROR: DHT Runtime Exception: DHT sensor not found, check wiring
04.06.2024 19:54:20 ERROR: DHT Runtime Exception: DHT sensor not found, check wiring
04.06.2024 19:54:30 ERROR: DHT Runtime Exception: DHT sensor not found, check wiring
04.06.2024 19:54:40 ERROR: DHT Runtime Exception: DHT sensor not found, check wiring
04.06.2024 19:54:51 ERROR: DHT Runtime Exception: DHT sensor not found, check wiring
04.06.2024 19:55:01 ERROR: DHT Runtime Exception: DHT sensor not found, check wiring
04.06.2024 19:55:11 ERROR: DHT Runtime Exception: DHT sensor not found, check wiring
04.06.2024 19:55:22 ERROR: DHT Runtime Exception: DHT sensor not found, check wiring
04.06.2024 19:55:32 ERROR: DHT Runtime Exception: DHT sensor not found, check wiring
04.06.2024 19:55:43 ERROR: DHT Runtime Exception: DHT sensor not found, check wiring
04.06.2024 19:55:53 ERROR: DHT Runtime Exception: DHT sensor not found, check wiring
04.06.2024 19:56:03 ERROR: DHT Runtime Exception: DHT sensor not found, check wiring
04.06.2024 19:56:14 ERROR: DHT Runtime Exception: DHT sensor not found, check wiring
04.06.2024 19:56:24 ERROR: DHT Runtime Exception: DHT sensor not found, check wiring
04.06.2024 19:56:35 ERROR: DHT Runtime Exception: DHT sensor not found, check wiring
04.06.2024 19:56:45 ERROR: DHT Runtime Exception: DHT sensor not found, check wiring
04.06.2024 19:56:55 ERROR: DHT Runtime Exception: DHT sensor not found, check wiring
04.06.2024 19:57:06 ERROR: DHT Runtime Exception: DHT sensor not found, check wiring
04.06.2024 19:57:16 ERROR: DHT Runtime Exception: DHT sensor not found, check wiring
04.06.2024 19:57:26 ERROR: DHT Runtime Exception: DHT sensor not found, check wiring
04.06.2024 19:57:37 ERROR: DHT Runtime Exception: DHT sensor not found, check wiring
04.06.2024 19:57:47 ERROR: DHT Runtime Exception: DHT sensor not found, check wiring
04.06.2024 19:57:58 ERROR: DHT Runtime Exception: DHT sensor not found, check wiring
04.06.2024 19:58:08 ERROR: DHT Runtime Exception: DHT sensor not found, check wiring
04.06.2024 19:58:18 ERROR: DHT Runtime Exception: DHT sensor not found, check wiring
04.06.2024 19:58:29 ERROR: DHT Runtime Exception: DHT sensor not found, check wiring
04.06.2024 19:58:39 ERROR: DHT Runtime Exception: DHT sensor not found, check wiring
04.06.2024 19:58:50 ERROR: DHT Runtime Exception: DHT sensor not found, check wiring
04.06.2024 19:59:00 ERROR: DHT Runtime Exception: DHT sensor not found, check wiring
04.06.2024 19:59:10 ERROR: DHT Runtime Exception: DHT sensor not found, check wiring
04.06.2024 19:59:21 ERROR: DHT Runtime Exception: DHT sensor not found, check wiring
04.06.2024 19:59:31 ERROR: DHT Runtime Exception: DHT sensor not found, check wiring
04.06.2024 19:59:41 ERROR: DHT Runtime Exception: DHT sensor not found, check wiring
04.06.2024 19:59:52 ERROR: DHT Runtime Exception: DHT sensor not found, check wiring
04.06.2024 20:00:02 ERROR: DHT Runtime Exception: DHT sensor not found, check wiring
04.06.2024 20:00:13 ERROR: DHT Runtime Exception: DHT sensor not found, check wiring
04.06.2024 20:00:24 ERROR: DHT Runtime Exception: DHT sensor not found, check wiring
04.06.2024 20:00:34 ERROR: DHT Runtime Exception: DHT sensor not found, check wiring
04.06.2024 20:00:44 ERROR: DHT Runtime Exception: DHT sensor not found, check wiring
04.06.2024 20:00:55 ERROR: DHT Runtime Exception: DHT sensor not found, check wiring
04.06.2024 20:01:05 ERROR: DHT Runtime Exception: DHT sensor not found, check wiring
04.06.2024 20:01:16 ERROR: DHT Runtime Exception: DHT sensor not found, check wiring
04.06.2024 20:01:26 ERROR: DHT Runtime Exception: DHT sensor not found, check wiring
04.06.2024 20:01:36 ERROR: DHT Runtime Exception: DHT sensor not found, check wiring
04.06.2024 20:01:47 ERROR: DHT Runtime Exception: DHT sensor not found, check wiring
04.06.2024 20:01:57 ERROR: DHT Runtime Exception: DHT sensor not found, check wiring
04.06.2024 20:02:07 ERROR: DHT Runtime Exception: DHT sensor not found, check wiring
04.06.2024 20:02:18 ERROR: DHT Runtime Exception: DHT sensor not found, check wiring
04.06.2024 20:02:28 ERROR: DHT Runtime Exception: DHT sensor not found, check wiring
04.06.2024 20:02:39 ERROR: DHT Runtime Exception: DHT sensor not found, check wiring
04.06.2024 20:02:49 ERROR: DHT Runtime Exception: DHT sensor not found, check wiring
04.06.2024 20:02:59 ERROR: DHT Runtime Exception: DHT sensor not found, check wiring
04.06.2024 20:03:10 ERROR: DHT Runtime Exception: DHT sensor not found, check wiring
04.06.2024 20:03:20 ERROR: DHT Runtime Exception: DHT sensor not found, check wiring
04.06.2024 20:03:31 ERROR: DHT Runtime Exception: DHT sensor not found, check wiring
04.06.2024 20:03:41 ERROR: DHT Runtime Exception: DHT sensor not found, check wiring
04.06.2024 20:03:51 ERROR: DHT Runtime Exception: DHT sensor not found, check wiring
04.06.2024 20:04:02 ERROR: DHT Runtime Exception: DHT sensor not found, check wiring
04.06.2024 20:04:12 ERROR: DHT Runtime Exception: DHT sensor not found, check wiring
04.06.2024 20:04:23 ERROR: DHT Runtime Exception: DHT sensor not found, check wiring
04.06.2024 20:04:33 ERROR: DHT Runtime Exception: DHT sensor not found, check wiring
04.06.2024 20:04:43 ERROR: DHT Runtime Exception: DHT sensor not found, check wiring
04.06.2024 20:04:54 ERROR: DHT Runtime Exception: DHT sensor not found, check wiring
04.06.2024 20:05:04 ERROR: DHT Runtime Exception: DHT sensor not found, check wiring
04.06.2024 20:05:15 ERROR: DHT Runtime Exception: DHT sensor not found, check wiring
04.06.2024 20:05:25 ERROR: DHT Runtime Exception: DHT sensor not found, check wiring
04.06.2024 20:05:35 ERROR: DHT Runtime Exception: DHT sensor not found, check wiring
04.06.2024 20:05:46 ERROR: DHT Runtime Exception: DHT sensor not found, check wiring
04.06.2024 20:05:56 ERROR: DHT Runtime Exception: DHT sensor not found, check wiring
04.06.2024 20:06:06 ERROR: DHT Runtime Exception: DHT sensor not found, check wiring
04.06.2024 20:06:17 ERROR: DHT Runtime Exception: DHT sensor not found, check wiring
04.06.2024 20:06:27 ERROR: DHT Runtime Exception: DHT sensor not found, check wiring
04.06.2024 20:06:38 ERROR: DHT Runtime Exception: DHT sensor not found, check wiring
04.06.2024 20:06:48 ERROR: DHT Runtime Exception: DHT sensor not found, check wiring
04.06.2024 20:06:58 ERROR: DHT Runtime Exception: DHT sensor not found, check wiring
04.06.2024 20:07:09 ERROR: DHT Runtime Exception: DHT sensor not found, check wiring
04.06.2024 20:07:19 ERROR: DHT Runtime Exception: DHT sensor not found, check wiring
04.06.2024 20:07:30 ERROR: DHT Runtime Exception: DHT sensor not found, check wiring
04.06.2024 20:07:40 ERROR: DHT Runtime Exception: DHT sensor not found, check wiring
04.06.2024 20:07:50 ERROR: DHT Runtime Exception: DHT sensor not found, check wiring
04.06.2024 20:08:01 ERROR: DHT Runtime Exception: DHT sensor not found, check wiring
04.06.2024 20:08:11 ERROR: DHT Runtime Exception: DHT sensor not found, check wiring
04.06.2024 20:08:22 ERROR: DHT Runtime Exception: DHT sensor not found, check wiring
04.06.2024 20:08:32 ERROR: DHT Runtime Exception: DHT sensor not found, check wiring
04.06.2024 20:08:42 ERROR: DHT Runtime Exception: DHT sensor not found, check wiring
04.06.2024 20:08:53 ERROR: DHT Runtime Exception: DHT sensor not found, check wiring
04.06.2024 20:09:03 ERROR: DHT Runtime Exception: DHT sensor not found, check wiring
04.06.2024 20:09:14 ERROR: DHT Runtime Exception: DHT sensor not found, check wiring
04.06.2024 20:09:24 ERROR: DHT Runtime Exception: DHT sensor not found, check wiring
04.06.2024 20:09:34 ERROR: DHT Runtime Exception: DHT sensor not found, check wiring
04.06.2024 20:09:45 ERROR: DHT Runtime Exception: DHT sensor not found, check wiring
04.06.2024 20:09:55 ERROR: DHT Runtime Exception: DHT sensor not found, check wiring
04.06.2024 20:10:05 ERROR: DHT Runtime Exception: DHT sensor not found, check wiring
04.06.2024 20:10:16 ERROR: DHT Runtime Exception: DHT sensor not found, check wiring
04.06.2024 20:10:26 ERROR: DHT Runtime Exception: DHT sensor not found, check wiring
04.06.2024 20:10:37 ERROR: DHT Runtime Exception: DHT sensor not found, check wiring
04.06.2024 20:10:47 ERROR: DHT Runtime Exception: DHT sensor not found, check wiring
04.06.2024 20:10:57 ERROR: DHT Runtime Exception: DHT sensor not found, check wiring
04.06.2024 20:11:08 ERROR: DHT Runtime Exception: DHT sensor not found, check wiring
04.06.2024 20:11:18 ERROR: DHT Runtime Exception: DHT sensor not found, check wiring
04.06.2024 20:11:29 ERROR: DHT Runtime Exception: DHT sensor not found, check wiring
04.06.2024 20:11:39 ERROR: DHT Runtime Exception: DHT sensor not found, check wiring
04.06.2024 20:11:49 ERROR: DHT Runtime Exception: DHT sensor not found, check wiring
04.06.2024 20:12:00 ERROR: DHT Runtime Exception: DHT sensor not found, check wiring
04.06.2024 20:12:10 ERROR: DHT Runtime Exception: DHT sensor not found, check wiring
04.06.2024 20:12:20 ERROR: DHT Runtime Exception: DHT sensor not found, check wiring
04.06.2024 20:12:31 ERROR: DHT Runtime Exception: DHT sensor not found, check wiring
04.06.2024 20:12:41 ERROR: DHT Runtime Exception: DHT sensor not found, check wiring
04.06.2024 20:12:52 ERROR: DHT Runtime Exception: DHT sensor not found, check wiring
04.06.2024 20:13:02 ERROR: DHT Runtime Exception: DHT sensor not found, check wiring
04.06.2024 20:13:12 ERROR: DHT Runtime Exception: DHT sensor not found, check wiring
04.06.2024 20:13:23 ERROR: DHT Runtime Exception: DHT sensor not found, check wiring
04.06.2024 20:13:33 ERROR: DHT Runtime Exception: DHT sensor not found, check wiring
04.06.2024 20:13:43 ERROR: DHT Runtime Exception: DHT sensor not found, check wiring
04.06.2024 20:13:54 ERROR: DHT Runtime Exception: DHT sensor not found, check wiring
04.06.2024 20:14:04 ERROR: DHT Runtime Exception: DHT sensor not found, check wiring
04.06.2024 20:14:15 ERROR: DHT Runtime Exception: DHT sensor not found, check wiring
04.06.2024 20:14:25 ERROR: DHT Runtime Exception: DHT sensor not found, check wiring
04.06.2024 20:14:35 ERROR: DHT Runtime Exception: DHT sensor not found, check wiring
04.06.2024 20:14:46 ERROR: DHT Runtime Exception: DHT sensor not found, check wiring
04.06.2024 20:14:56 ERROR: DHT Runtime Exception: DHT sensor not found, check wiring
04.06.2024 20:15:07 ERROR: DHT Runtime Exception: DHT sensor not found, check wiring
04.06.2024 20:15:17 ERROR: DHT Runtime Exception: DHT sensor not found, check wiring
04.06.2024 20:15:27 ERROR: DHT Runtime Exception: DHT sensor not found, check wiring
04.06.2024 20:15:38 ERROR: DHT Runtime Exception: DHT sensor not found, check wiring
04.06.2024 20:15:48 ERROR: DHT Runtime Exception: DHT sensor not found, check wiring
04.06.2024 20:15:58 ERROR: DHT Runtime Exception: DHT sensor not found, check wiring
04.06.2024 20:16:09 ERROR: DHT Runtime Exception: DHT sensor not found, check wiring
04.06.2024 20:16:19 ERROR: DHT Runtime Exception: DHT sensor not found, check wiring
04.06.2024 20:16:30 ERROR: DHT Runtime Exception: DHT sensor not found, check wiring
04.06.2024 20:16:40 ERROR: DHT Runtime Exception: DHT sensor not found, check wiring
04.06.2024 20:16:50 ERROR: DHT Runtime Exception: DHT sensor not found, check wiring
04.06.2024 20:17:01 ERROR: DHT Runtime Exception: DHT sensor not found, check wiring
04.06.2024 20:17:11 ERROR: DHT Runtime Exception: DHT sensor not found, check wiring
04.06.2024 20:17:21 ERROR: DHT Runtime Exception: DHT sensor not found, check wiring
04.06.2024 20:17:32 ERROR: DHT Runtime Exception: DHT sensor not found, check wiring
04.06.2024 20:17:42 ERROR: DHT Runtime Exception: DHT sensor not found, check wiring
04.06.2024 20:17:53 ERROR: DHT Runtime Exception: DHT sensor not found, check wiring
04.06.2024 20:18:03 ERROR: DHT Runtime Exception: DHT sensor not found, check wiring
04.06.2024 20:18:13 ERROR: DHT Runtime Exception: DHT sensor not found, check wiring
04.06.2024 20:18:24 ERROR: DHT Runtime Exception: DHT sensor not found, check wiring
04.06.2024 20:18:34 ERROR: DHT Runtime Exception: DHT sensor not found, check wiring
04.06.2024 20:18:45 ERROR: DHT Runtime Exception: DHT sensor not found, check wiring
04.06.2024 20:18:55 ERROR: DHT Runtime Exception: DHT sensor not found, check wiring
04.06.2024 20:19:05 ERROR: DHT Runtime Exception: DHT sensor not found, check wiring
04.06.2024 20:19:16 ERROR: DHT Runtime Exception: DHT sensor not found, check wiring
04.06.2024 20:19:26 ERROR: DHT Runtime Exception: DHT sensor not found, check wiring
04.06.2024 20:19:36 ERROR: DHT Runtime Exception: DHT sensor not found, check wiring
04.06.2024 20:19:47 ERROR: DHT Runtime Exception: DHT sensor not found, check wiring
04.06.2024 20:19:57 ERROR: DHT Runtime Exception: DHT sensor not found, check wiring
04.06.2024 20:20:08 ERROR: DHT Runtime Exception: DHT sensor not found, check wiring
04.06.2024 20:20:18 ERROR: DHT Runtime Exception: DHT sensor not found, check wiring
04.06.2024 20:20:28 ERROR: DHT Runtime Exception: DHT sensor not found, check wiring
04.06.2024 20:20:39 ERROR: DHT Runtime Exception: DHT sensor not found, check wiring
04.06.2024 20:20:49 ERROR: DHT Runtime Exception: DHT sensor not found, check wiring
04.06.2024 20:21:00 ERROR: DHT Runtime Exception: DHT sensor not found, check wiring
04.06.2024 20:21:10 ERROR: DHT Runtime Exception: DHT sensor not found, check wiring
04.06.2024 20:21:20 ERROR: DHT Runtime Exception: DHT sensor not found, check wiring
04.06.2024 20:21:31 ERROR: DHT Runtime Exception: DHT sensor not found, check wiring
04.06.2024 20:21:41 ERROR: DHT Runtime Exception: DHT sensor not found, check wiring
04.06.2024 20:21:51 ERROR: DHT Runtime Exception: DHT sensor not found, check wiring
04.06.2024 20:22:02 ERROR: DHT Runtime Exception: DHT sensor not found, check wiring
04.06.2024 20:22:12 ERROR: DHT Runtime Exception: DHT sensor not found, check wiring
04.06.2024 20:22:23 ERROR: DHT Runtime Exception: DHT sensor not found, check wiring
04.06.2024 20:22:33 ERROR: DHT Runtime Exception: DHT sensor not found, check wiring
04.06.2024 20:22:43 ERROR: DHT Runtime Exception: DHT sensor not found, check wiring
04.06.2024 20:22:54 ERROR: DHT Runtime Exception: DHT sensor not found, check wiring
04.06.2024 20:23:04 ERROR: DHT Runtime Exception: DHT sensor not found, check wiring
04.06.2024 20:23:15 ERROR: DHT Runtime Exception: DHT sensor not found, check wiring
04.06.2024 20:23:25 ERROR: DHT Runtime Exception: DHT sensor not found, check wiring
04.06.2024 20:23:35 ERROR: DHT Runtime Exception: DHT sensor not found, check wiring
04.06.2024 20:23:46 ERROR: DHT Runtime Exception: DHT sensor not found, check wiring
04.06.2024 20:23:56 ERROR: DHT Runtime Exception: DHT sensor not found, check wiring
04.06.2024 20:24:06 ERROR: DHT Runtime Exception: DHT sensor not found, check wiring
04.06.2024 20:24:17 ERROR: DHT Runtime Exception: DHT sensor not found, check wiring
04.06.2024 20:24:27 ERROR: DHT Runtime Exception: DHT sensor not found, check wiring
04.06.2024 20:24:38 ERROR: DHT Runtime Exception: DHT sensor not found, check wiring
04.06.2024 20:24:48 ERROR: DHT Runtime Exception: DHT sensor not found, check wiring
04.06.2024 20:24:58 ERROR: DHT Runtime Exception: DHT sensor not found, check wiring
04.06.2024 20:25:09 ERROR: DHT Runtime Exception: DHT sensor not found, check wiring
04.06.2024 20:25:19 ERROR: DHT Runtime Exception: DHT sensor not found, check wiring
04.06.2024 20:25:30 ERROR: DHT Runtime Exception: DHT sensor not found, check wiring
04.06.2024 20:25:40 ERROR: DHT Runtime Exception: DHT sensor not found, check wiring
04.06.2024 20:25:50 ERROR: DHT Runtime Exception: DHT sensor not found, check wiring
04.06.2024 20:26:01 ERROR: DHT Runtime Exception: DHT sensor not found, check wiring
04.06.2024 20:26:11 ERROR: DHT Runtime Exception: DHT sensor not found, check wiring
04.06.2024 20:26:21 ERROR: DHT Runtime Exception: DHT sensor not found, check wiring
04.06.2024 20:26:32 ERROR: DHT Runtime Exception: DHT sensor not found, check wiring
04.06.2024 20:26:42 ERROR: DHT Runtime Exception: DHT sensor not found, check wiring
04.06.2024 20:26:53 ERROR: DHT Runtime Exception: DHT sensor not found, check wiring
04.06.2024 20:27:03 ERROR: DHT Runtime Exception: DHT sensor not found, check wiring
04.06.2024 20:27:13 ERROR: DHT Runtime Exception: DHT sensor not found, check wiring
04.06.2024 20:27:24 ERROR: DHT Runtime Exception: DHT sensor not found, check wiring
04.06.2024 20:27:34 ERROR: DHT Runtime Exception: DHT sensor not found, check wiring
04.06.2024 20:27:45 ERROR: DHT Runtime Exception: DHT sensor not found, check wiring
04.06.2024 20:27:55 ERROR: DHT Runtime Exception: DHT sensor not found, check wiring
04.06.2024 20:28:05 ERROR: DHT Runtime Exception: DHT sensor not found, check wiring
04.06.2024 20:28:16 ERROR: DHT Runtime Exception: DHT sensor not found, check wiring
04.06.2024 20:28:26 ERROR: DHT Runtime Exception: DHT sensor not found, check wiring
04.06.2024 20:28:36 ERROR: DHT Runtime Exception: DHT sensor not found, check wiring
04.06.2024 20:28:47 ERROR: DHT Runtime Exception: DHT sensor not found, check wiring
04.06.2024 20:28:57 ERROR: DHT Runtime Exception: DHT sensor not found, check wiring
04.06.2024 20:29:08 ERROR: DHT Runtime Exception: DHT sensor not found, check wiring
04.06.2024 20:29:18 ERROR: DHT Runtime Exception: DHT sensor not found, check wiring
04.06.2024 20:29:28 ERROR: DHT Runtime Exception: DHT sensor not found, check wiring
04.06.2024 20:29:39 ERROR: DHT Runtime Exception: DHT sensor not found, check wiring
04.06.2024 20:29:49 ERROR: DHT Runtime Exception: DHT sensor not found, check wiring
04.06.2024 20:30:00 ERROR: DHT Runtime Exception: DHT sensor not found, check wiring
04.06.2024 20:30:10 ERROR: DHT Runtime Exception: DHT sensor not found, check wiring
04.06.2024 20:30:20 ERROR: DHT Runtime Exception: DHT sensor not found, check wiring
04.06.2024 20:30:31 ERROR: DHT Runtime Exception: DHT sensor not found, check wiring
04.06.2024 20:30:41 ERROR: DHT Runtime Exception: DHT sensor not found, check wiring
04.06.2024 20:30:51 ERROR: DHT Runtime Exception: DHT sensor not found, check wiring
04.06.2024 20:31:02 ERROR: DHT Runtime Exception: DHT sensor not found, check wiring
04.06.2024 20:31:12 ERROR: DHT Runtime Exception: DHT sensor not found, check wiring
04.06.2024 20:31:23 ERROR: DHT Runtime Exception: DHT sensor not found, check wiring
04.06.2024 20:31:33 ERROR: DHT Runtime Exception: DHT sensor not found, check wiring
04.06.2024 20:31:43 ERROR: DHT Runtime Exception: DHT sensor not found, check wiring
04.06.2024 20:31:54 ERROR: DHT Runtime Exception: DHT sensor not found, check wiring
04.06.2024 20:32:04 ERROR: DHT Runtime Exception: DHT sensor not found, check wiring
04.06.2024 20:32:15 ERROR: DHT Runtime Exception: DHT sensor not found, check wiring
04.06.2024 20:32:25 ERROR: DHT Runtime Exception: DHT sensor not found, check wiring
04.06.2024 20:32:35 ERROR: DHT Runtime Exception: DHT sensor not found, check wiring
04.06.2024 20:32:46 ERROR: DHT Runtime Exception: DHT sensor not found, check wiring
04.06.2024 20:32:56 ERROR: DHT Runtime Exception: DHT sensor not found, check wiring
04.06.2024 20:33:07 ERROR: DHT Runtime Exception: DHT sensor not found, check wiring
04.06.2024 20:33:17 ERROR: DHT Runtime Exception: DHT sensor not found, check wiring
04.06.2024 20:33:27 ERROR: DHT Runtime Exception: DHT sensor not found, check wiring
04.06.2024 20:33:38 ERROR: DHT Runtime Exception: DHT sensor not found, check wiring
04.06.2024 20:33:48 ERROR: DHT Runtime Exception: DHT sensor not found, check wiring
04.06.2024 20:33:58 ERROR: DHT Runtime Exception: DHT sensor not found, check wiring
04.06.2024 20:34:09 ERROR: DHT Runtime Exception: DHT sensor not found, check wiring
04.06.2024 20:34:19 ERROR: DHT Runtime Exception: DHT sensor not found, check wiring
04.06.2024 20:34:30 ERROR: DHT Runtime Exception: DHT sensor not found, check wiring
04.06.2024 20:34:40 ERROR: DHT Runtime Exception: DHT sensor not found, check wiring
04.06.2024 20:34:50 ERROR: DHT Runtime Exception: DHT sensor not found, check wiring
04.06.2024 20:35:01 ERROR: DHT Runtime Exception: DHT sensor not found, check wiring
04.06.2024 20:35:11 ERROR: DHT Runtime Exception: DHT sensor not found, check wiring
04.06.2024 20:35:21 ERROR: DHT Runtime Exception: DHT sensor not found, check wiring
04.06.2024 20:35:32 ERROR: DHT Runtime Exception: DHT sensor not found, check wiring
04.06.2024 20:35:42 ERROR: DHT Runtime Exception: DHT sensor not found, check wiring
04.06.2024 20:35:53 ERROR: DHT Runtime Exception: DHT sensor not found, check wiring
04.06.2024 20:36:03 ERROR: DHT Runtime Exception: DHT sensor not found, check wiring
04.06.2024 20:36:13 ERROR: DHT Runtime Exception: DHT sensor not found, check wiring
04.06.2024 20:36:24 ERROR: DHT Runtime Exception: DHT sensor not found, check wiring
04.06.2024 20:36:34 ERROR: DHT Runtime Exception: DHT sensor not found, check wiring
04.06.2024 20:36:45 ERROR: DHT Runtime Exception: DHT sensor not found, check wiring
04.06.2024 20:36:55 ERROR: DHT Runtime Exception: DHT sensor not found, check wiring
04.06.2024 20:37:05 ERROR: DHT Runtime Exception: DHT sensor not found, check wiring
04.06.2024 20:37:16 ERROR: DHT Runtime Exception: DHT sensor not found, check wiring
04.06.2024 20:37:26 ERROR: DHT Runtime Exception: DHT sensor not found, check wiring
04.06.2024 20:37:36 ERROR: DHT Runtime Exception: DHT sensor not found, check wiring
04.06.2024 20:37:47 ERROR: DHT Runtime Exception: DHT sensor not found, check wiring
04.06.2024 20:37:57 ERROR: DHT Runtime Exception: DHT sensor not found, check wiring
04.06.2024 20:38:08 ERROR: DHT Runtime Exception: DHT sensor not found, check wiring
04.06.2024 20:38:18 ERROR: DHT Runtime Exception: DHT sensor not found, check wiring
04.06.2024 20:38:28 ERROR: DHT Runtime Exception: DHT sensor not found, check wiring
04.06.2024 20:38:39 ERROR: DHT Runtime Exception: DHT sensor not found, check wiring
04.06.2024 20:38:49 ERROR: DHT Runtime Exception: DHT sensor not found, check wiring
04.06.2024 20:39:00 ERROR: DHT Runtime Exception: DHT sensor not found, check wiring
04.06.2024 20:39:10 ERROR: DHT Runtime Exception: DHT sensor not found, check wiring
04.06.2024 20:39:20 ERROR: DHT Runtime Exception: DHT sensor not found, check wiring
04.06.2024 20:39:31 ERROR: DHT Runtime Exception: DHT sensor not found, check wiring
04.06.2024 20:39:41 ERROR: DHT Runtime Exception: DHT sensor not found, check wiring
04.06.2024 20:39:51 ERROR: DHT Runtime Exception: DHT sensor not found, check wiring
04.06.2024 20:40:02 ERROR: DHT Runtime Exception: DHT sensor not found, check wiring
04.06.2024 20:40:12 ERROR: DHT Runtime Exception: DHT sensor not found, check wiring
04.06.2024 20:40:23 ERROR: DHT Runtime Exception: DHT sensor not found, check wiring
04.06.2024 20:40:33 ERROR: DHT Runtime Exception: DHT sensor not found, check wiring
04.06.2024 20:40:43 ERROR: DHT Runtime Exception: DHT sensor not found, check wiring
04.06.2024 20:40:54 ERROR: DHT Runtime Exception: DHT sensor not found, check wiring
04.06.2024 20:41:04 ERROR: DHT Runtime Exception: DHT sensor not found, check wiring
04.06.2024 20:41:15 ERROR: DHT Runtime Exception: DHT sensor not found, check wiring
04.06.2024 20:41:25 ERROR: DHT Runtime Exception: DHT sensor not found, check wiring
04.06.2024 20:41:35 ERROR: DHT Runtime Exception: DHT sensor not found, check wiring
04.06.2024 20:41:46 ERROR: DHT Runtime Exception: DHT sensor not found, check wiring
04.06.2024 20:41:56 ERROR: DHT Runtime Exception: DHT sensor not found, check wiring
04.06.2024 20:42:06 ERROR: DHT Runtime Exception: DHT sensor not found, check wiring
04.06.2024 20:42:17 ERROR: DHT Runtime Exception: DHT sensor not found, check wiring
04.06.2024 20:42:27 ERROR: DHT Runtime Exception: DHT sensor not found, check wiring
04.06.2024 20:42:38 ERROR: DHT Runtime Exception: DHT sensor not found, check wiring
04.06.2024 20:42:48 ERROR: DHT Runtime Exception: DHT sensor not found, check wiring
04.06.2024 20:42:58 ERROR: DHT Runtime Exception: DHT sensor not found, check wiring
04.06.2024 20:43:09 ERROR: DHT Runtime Exception: DHT sensor not found, check wiring
04.06.2024 20:43:19 ERROR: DHT Runtime Exception: DHT sensor not found, check wiring
04.06.2024 20:43:30 ERROR: DHT Runtime Exception: DHT sensor not found, check wiring
04.06.2024 20:43:40 ERROR: DHT Runtime Exception: DHT sensor not found, check wiring
04.06.2024 20:43:50 ERROR: DHT Runtime Exception: DHT sensor not found, check wiring
04.06.2024 20:44:01 ERROR: DHT Runtime Exception: DHT sensor not found, check wiring
04.06.2024 20:44:11 ERROR: DHT Runtime Exception: DHT sensor not found, check wiring
04.06.2024 20:44:22 ERROR: DHT Runtime Exception: DHT sensor not found, check wiring
04.06.2024 20:44:32 ERROR: DHT Runtime Exception: DHT sensor not found, check wiring
04.06.2024 20:44:42 ERROR: DHT Runtime Exception: DHT sensor not found, check wiring
04.06.2024 20:44:53 ERROR: DHT Runtime Exception: DHT sensor not found, check wiring
04.06.2024 20:45:03 ERROR: DHT Runtime Exception: DHT sensor not found, check wiring
04.06.2024 20:45:14 ERROR: DHT Runtime Exception: DHT sensor not found, check wiring
04.06.2024 20:45:24 ERROR: DHT Runtime Exception: DHT sensor not found, check wiring
04.06.2024 20:45:34 ERROR: DHT Runtime Exception: DHT sensor not found, check wiring
04.06.2024 20:45:45 ERROR: DHT Runtime Exception: DHT sensor not found, check wiring
04.06.2024 20:45:55 ERROR: DHT Runtime Exception: DHT sensor not found, check wiring
04.06.2024 20:46:05 ERROR: DHT Runtime Exception: DHT sensor not found, check wiring
04.06.2024 20:46:16 ERROR: DHT Runtime Exception: DHT sensor not found, check wiring
04.06.2024 20:46:26 ERROR: DHT Runtime Exception: DHT sensor not found, check wiring
04.06.2024 20:46:37 ERROR: DHT Runtime Exception: DHT sensor not found, check wiring
04.06.2024 20:46:47 ERROR: DHT Runtime Exception: DHT sensor not found, check wiring
04.06.2024 20:46:57 ERROR: DHT Runtime Exception: DHT sensor not found, check wiring
04.06.2024 20:47:08 ERROR: DHT Runtime Exception: DHT sensor not found, check wiring
04.06.2024 20:47:18 ERROR: DHT Runtime Exception: DHT sensor not found, check wiring
04.06.2024 20:47:29 ERROR: DHT Runtime Exception: DHT sensor not found, check wiring
04.06.2024 20:47:39 ERROR: DHT Runtime Exception: DHT sensor not found, check wiring
04.06.2024 20:47:49 ERROR: DHT Runtime Exception: DHT sensor not found, check wiring
04.06.2024 20:48:00 ERROR: DHT Runtime Exception: DHT sensor not found, check wiring
04.06.2024 20:48:10 ERROR: DHT Runtime Exception: DHT sensor not found, check wiring
04.06.2024 20:48:21 ERROR: DHT Runtime Exception: DHT sensor not found, check wiring
04.06.2024 20:48:31 ERROR: DHT Runtime Exception: DHT sensor not found, check wiring
04.06.2024 20:48:41 ERROR: DHT Runtime Exception: DHT sensor not found, check wiring
04.06.2024 20:48:52 ERROR: DHT Runtime Exception: DHT sensor not found, check wiring
04.06.2024 20:49:02 ERROR: DHT Runtime Exception: DHT sensor not found, check wiring
04.06.2024 20:49:13 ERROR: DHT Runtime Exception: DHT sensor not found, check wiring
04.06.2024 20:49:23 ERROR: DHT Runtime Exception: DHT sensor not found, check wiring
04.06.2024 20:49:33 ERROR: DHT Runtime Exception: DHT sensor not found, check wiring
04.06.2024 20:49:44 ERROR: DHT Runtime Exception: DHT sensor not found, check wiring
04.06.2024 20:49:54 ERROR: DHT Runtime Exception: DHT sensor not found, check wiring
04.06.2024 20:50:04 ERROR: DHT Runtime Exception: DHT sensor not found, check wiring
04.06.2024 20:50:15 ERROR: DHT Runtime Exception: DHT sensor not found, check wiring
04.06.2024 20:50:25 ERROR: DHT Runtime Exception: DHT sensor not found, check wiring
04.06.2024 20:50:36 ERROR: DHT Runtime Exception: DHT sensor not found, check wiring
04.06.2024 20:50:46 ERROR: DHT Runtime Exception: DHT sensor not found, check wiring
04.06.2024 20:50:56 ERROR: DHT Runtime Exception: DHT sensor not found, check wiring
04.06.2024 20:51:07 ERROR: DHT Runtime Exception: DHT sensor not found, check wiring
04.06.2024 20:51:17 ERROR: DHT Runtime Exception: DHT sensor not found, check wiring
04.06.2024 20:51:28 ERROR: DHT Runtime Exception: DHT sensor not found, check wiring
04.06.2024 20:51:38 ERROR: DHT Runtime Exception: DHT sensor not found, check wiring
04.06.2024 20:51:48 ERROR: DHT Runtime Exception: DHT sensor not found, check wiring
04.06.2024 20:51:59 ERROR: DHT Runtime Exception: DHT sensor not found, check wiring
04.06.2024 20:52:09 ERROR: DHT Runtime Exception: DHT sensor not found, check wiring
04.06.2024 20:52:19 ERROR: DHT Runtime Exception: DHT sensor not found, check wiring
04.06.2024 20:52:30 ERROR: DHT Runtime Exception: DHT sensor not found, check wiring
04.06.2024 20:52:40 ERROR: DHT Runtime Exception: DHT sensor not found, check wiring
04.06.2024 20:52:51 ERROR: DHT Runtime Exception: DHT sensor not found, check wiring
04.06.2024 20:53:01 ERROR: DHT Runtime Exception: DHT sensor not found, check wiring
04.06.2024 20:53:11 ERROR: DHT Runtime Exception: DHT sensor not found, check wiring
04.06.2024 20:53:22 ERROR: DHT Runtime Exception: DHT sensor not found, check wiring
04.06.2024 20:53:32 ERROR: DHT Runtime Exception: DHT sensor not found, check wiring
04.06.2024 20:53:43 ERROR: DHT Runtime Exception: DHT sensor not found, check wiring
04.06.2024 20:53:53 ERROR: DHT Runtime Exception: DHT sensor not found, check wiring
04.06.2024 20:54:03 ERROR: DHT Runtime Exception: DHT sensor not found, check wiring
04.06.2024 20:54:14 ERROR: DHT Runtime Exception: DHT sensor not found, check wiring
04.06.2024 20:54:24 ERROR: DHT Runtime Exception: DHT sensor not found, check wiring
04.06.2024 20:54:34 ERROR: DHT Runtime Exception: DHT sensor not found, check wiring
04.06.2024 20:54:45 ERROR: DHT Runtime Exception: DHT sensor not found, check wiring
04.06.2024 20:54:55 ERROR: DHT Runtime Exception: DHT sensor not found, check wiring
04.06.2024 20:55:06 ERROR: DHT Runtime Exception: DHT sensor not found, check wiring
04.06.2024 20:55:16 ERROR: DHT Runtime Exception: DHT sensor not found, check wiring
04.06.2024 20:55:26 ERROR: DHT Runtime Exception: DHT sensor not found, check wiring
04.06.2024 20:55:37 ERROR: DHT Runtime Exception: DHT sensor not found, check wiring
04.06.2024 20:55:47 ERROR: DHT Runtime Exception: DHT sensor not found, check wiring
04.06.2024 20:55:58 ERROR: DHT Runtime Exception: DHT sensor not found, check wiring
04.06.2024 20:56:08 ERROR: DHT Runtime Exception: DHT sensor not found, check wiring
04.06.2024 20:56:18 ERROR: DHT Runtime Exception: DHT sensor not found, check wiring
04.06.2024 20:56:29 ERROR: DHT Runtime Exception: DHT sensor not found, check wiring
04.06.2024 20:56:39 ERROR: DHT Runtime Exception: DHT sensor not found, check wiring
04.06.2024 20:56:49 ERROR: DHT Runtime Exception: DHT sensor not found, check wiring
04.06.2024 20:57:00 ERROR: DHT Runtime Exception: DHT sensor not found, check wiring
04.06.2024 20:57:10 ERROR: DHT Runtime Exception: DHT sensor not found, check wiring
04.06.2024 20:57:21 ERROR: DHT Runtime Exception: DHT sensor not found, check wiring
04.06.2024 20:57:31 ERROR: DHT Runtime Exception: DHT sensor not found, check wiring
04.06.2024 20:57:41 ERROR: DHT Runtime Exception: DHT sensor not found, check wiring
04.06.2024 20:57:52 ERROR: DHT Runtime Exception: DHT sensor not found, check wiring
04.06.2024 20:58:02 ERROR: DHT Runtime Exception: DHT sensor not found, check wiring
04.06.2024 20:58:13 ERROR: DHT Runtime Exception: DHT sensor not found, check wiring
04.06.2024 20:58:23 ERROR: DHT Runtime Exception: DHT sensor not found, check wiring
04.06.2024 20:58:33 ERROR: DHT Runtime Exception: DHT sensor not found, check wiring
04.06.2024 20:58:44 ERROR: DHT Runtime Exception: DHT sensor not found, check wiring
04.06.2024 20:58:54 ERROR: DHT Runtime Exception: DHT sensor not found, check wiring
04.06.2024 20:59:04 ERROR: DHT Runtime Exception: DHT sensor not found, check wiring
04.06.2024 20:59:15 ERROR: DHT Runtime Exception: DHT sensor not found, check wiring
04.06.2024 20:59:25 ERROR: DHT Runtime Exception: DHT sensor not found, check wiring
04.06.2024 20:59:36 ERROR: DHT Runtime Exception: DHT sensor not found, check wiring
04.06.2024 20:59:46 ERROR: DHT Runtime Exception: DHT sensor not found, check wiring
04.06.2024 20:59:56 ERROR: DHT Runtime Exception: DHT sensor not found, check wiring
04.06.2024 21:00:07 ERROR: DHT Runtime Exception: DHT sensor not found, check wiring
04.06.2024 21:00:17 ERROR: DHT Runtime Exception: DHT sensor not found, check wiring
04.06.2024 21:00:28 ERROR: DHT Runtime Exception: DHT sensor not found, check wiring
04.06.2024 21:00:38 ERROR: DHT Runtime Exception: DHT sensor not found, check wiring
04.06.2024 21:00:48 ERROR: DHT Runtime Exception: DHT sensor not found, check wiring
04.06.2024 21:00:59 ERROR: DHT Runtime Exception: DHT sensor not found, check wiring
04.06.2024 21:01:09 ERROR: DHT Runtime Exception: DHT sensor not found, check wiring
04.06.2024 21:01:19 ERROR: DHT Runtime Exception: DHT sensor not found, check wiring
04.06.2024 21:01:30 ERROR: DHT Runtime Exception: DHT sensor not found, check wiring
04.06.2024 21:01:40 ERROR: DHT Runtime Exception: DHT sensor not found, check wiring
04.06.2024 21:01:51 ERROR: DHT Runtime Exception: DHT sensor not found, check wiring
04.06.2024 21:02:01 ERROR: DHT Runtime Exception: DHT sensor not found, check wiring
04.06.2024 21:02:11 ERROR: DHT Runtime Exception: DHT sensor not found, check wiring
04.06.2024 21:02:22 ERROR: DHT Runtime Exception: DHT sensor not found, check wiring
04.06.2024 21:02:32 ERROR: DHT Runtime Exception: DHT sensor not found, check wiring
04.06.2024 21:02:43 ERROR: DHT Runtime Exception: DHT sensor not found, check wiring
04.06.2024 21:02:53 ERROR: DHT Runtime Exception: DHT sensor not found, check wiring
04.06.2024 21:03:03 ERROR: DHT Runtime Exception: DHT sensor not found, check wiring
04.06.2024 21:03:14 ERROR: DHT Runtime Exception: DHT sensor not found, check wiring
04.06.2024 21:03:24 ERROR: DHT Runtime Exception: DHT sensor not found, check wiring
04.06.2024 21:03:34 ERROR: DHT Runtime Exception: DHT sensor not found, check wiring
04.06.2024 21:03:45 ERROR: DHT Runtime Exception: DHT sensor not found, check wiring
04.06.2024 21:03:55 ERROR: DHT Runtime Exception: DHT sensor not found, check wiring
04.06.2024 21:04:06 ERROR: DHT Runtime Exception: DHT sensor not found, check wiring
04.06.2024 21:04:16 ERROR: DHT Runtime Exception: DHT sensor not found, check wiring
04.06.2024 21:04:26 ERROR: DHT Runtime Exception: DHT sensor not found, check wiring
04.06.2024 21:04:37 ERROR: DHT Runtime Exception: DHT sensor not found, check wiring
04.06.2024 21:04:47 ERROR: DHT Runtime Exception: DHT sensor not found, check wiring
04.06.2024 21:04:58 ERROR: DHT Runtime Exception: DHT sensor not found, check wiring
04.06.2024 21:05:08 ERROR: DHT Runtime Exception: DHT sensor not found, check wiring
04.06.2024 21:05:18 ERROR: DHT Runtime Exception: DHT sensor not found, check wiring
04.06.2024 21:05:29 ERROR: DHT Runtime Exception: DHT sensor not found, check wiring
04.06.2024 21:05:39 ERROR: DHT Runtime Exception: DHT sensor not found, check wiring
04.06.2024 21:05:49 ERROR: DHT Runtime Exception: DHT sensor not found, check wiring
04.06.2024 21:06:00 ERROR: DHT Runtime Exception: DHT sensor not found, check wiring
04.06.2024 21:06:10 ERROR: DHT Runtime Exception: DHT sensor not found, check wiring
04.06.2024 21:06:21 ERROR: DHT Runtime Exception: DHT sensor not found, check wiring
04.06.2024 21:06:31 ERROR: DHT Runtime Exception: DHT sensor not found, check wiring
04.06.2024 21:06:41 ERROR: DHT Runtime Exception: DHT sensor not found, check wiring
04.06.2024 21:06:52 ERROR: DHT Runtime Exception: DHT sensor not found, check wiring
04.06.2024 21:07:02 ERROR: DHT Runtime Exception: DHT sensor not found, check wiring
04.06.2024 21:07:13 ERROR: DHT Runtime Exception: DHT sensor not found, check wiring
04.06.2024 21:07:23 ERROR: DHT Runtime Exception: DHT sensor not found, check wiring
04.06.2024 21:07:33 ERROR: DHT Runtime Exception: DHT sensor not found, check wiring
04.06.2024 21:07:44 ERROR: DHT Runtime Exception: DHT sensor not found, check wiring
04.06.2024 21:07:54 ERROR: DHT Runtime Exception: DHT sensor not found, check wiring
04.06.2024 21:08:04 ERROR: DHT Runtime Exception: DHT sensor not found, check wiring
04.06.2024 21:08:15 ERROR: DHT Runtime Exception: DHT sensor not found, check wiring
04.06.2024 21:08:25 ERROR: DHT Runtime Exception: DHT sensor not found, check wiring
04.06.2024 21:08:36 ERROR: DHT Runtime Exception: DHT sensor not found, check wiring
04.06.2024 21:08:46 ERROR: DHT Runtime Exception: DHT sensor not found, check wiring
04.06.2024 21:08:56 ERROR: DHT Runtime Exception: DHT sensor not found, check wiring
04.06.2024 21:09:07 ERROR: DHT Runtime Exception: DHT sensor not found, check wiring
04.06.2024 21:09:17 ERROR: DHT Runtime Exception: DHT sensor not found, check wiring
04.06.2024 21:09:28 ERROR: DHT Runtime Exception: DHT sensor not found, check wiring
04.06.2024 21:09:38 ERROR: DHT Runtime Exception: DHT sensor not found, check wiring
04.06.2024 21:09:48 ERROR: DHT Runtime Exception: DHT sensor not found, check wiring
04.06.2024 21:09:59 ERROR: DHT Runtime Exception: DHT sensor not found, check wiring
04.06.2024 21:10:09 ERROR: DHT Runtime Exception: DHT sensor not found, check wiring
04.06.2024 21:10:19 ERROR: DHT Runtime Exception: DHT sensor not found, check wiring
04.06.2024 21:10:30 ERROR: DHT Runtime Exception: DHT sensor not found, check wiring
04.06.2024 21:10:40 ERROR: DHT Runtime Exception: DHT sensor not found, check wiring
04.06.2024 21:10:51 ERROR: DHT Runtime Exception: DHT sensor not found, check wiring
04.06.2024 21:11:01 ERROR: DHT Runtime Exception: DHT sensor not found, check wiring
04.06.2024 21:11:11 ERROR: DHT Runtime Exception: DHT sensor not found, check wiring
04.06.2024 21:11:22 ERROR: DHT Runtime Exception: DHT sensor not found, check wiring
04.06.2024 21:11:32 ERROR: DHT Runtime Exception: DHT sensor not found, check wiring
04.06.2024 21:11:43 ERROR: DHT Runtime Exception: DHT sensor not found, check wiring
04.06.2024 21:11:53 ERROR: DHT Runtime Exception: DHT sensor not found, check wiring
04.06.2024 21:12:03 ERROR: DHT Runtime Exception: DHT sensor not found, check wiring
04.06.2024 21:12:14 ERROR: DHT Runtime Exception: DHT sensor not found, check wiring
04.06.2024 21:12:24 ERROR: DHT Runtime Exception: DHT sensor not found, check wiring
04.06.2024 21:12:34 ERROR: DHT Runtime Exception: DHT sensor not found, check wiring
04.06.2024 21:12:45 ERROR: DHT Runtime Exception: DHT sensor not found, check wiring
04.06.2024 21:12:55 ERROR: DHT Runtime Exception: DHT sensor not found, check wiring
04.06.2024 21:13:06 ERROR: DHT Runtime Exception: DHT sensor not found, check wiring
04.06.2024 21:13:16 ERROR: DHT Runtime Exception: DHT sensor not found, check wiring
04.06.2024 21:13:26 ERROR: DHT Runtime Exception: DHT sensor not found, check wiring
04.06.2024 21:13:37 ERROR: DHT Runtime Exception: DHT sensor not found, check wiring
04.06.2024 21:13:47 ERROR: DHT Runtime Exception: DHT sensor not found, check wiring
04.06.2024 21:13:58 ERROR: DHT Runtime Exception: DHT sensor not found, check wiring
04.06.2024 21:14:08 ERROR: DHT Runtime Exception: DHT sensor not found, check wiring
04.06.2024 21:14:18 ERROR: DHT Runtime Exception: DHT sensor not found, check wiring
04.06.2024 21:14:29 ERROR: DHT Runtime Exception: DHT sensor not found, check wiring
04.06.2024 21:14:39 ERROR: DHT Runtime Exception: DHT sensor not found, check wiring
04.06.2024 21:14:49 ERROR: DHT Runtime Exception: DHT sensor not found, check wiring
04.06.2024 21:15:00 ERROR: DHT Runtime Exception: DHT sensor not found, check wiring
04.06.2024 21:15:10 ERROR: DHT Runtime Exception: DHT sensor not found, check wiring
04.06.2024 21:15:21 ERROR: DHT Runtime Exception: DHT sensor not found, check wiring
04.06.2024 21:15:31 ERROR: DHT Runtime Exception: DHT sensor not found, check wiring
04.06.2024 21:15:41 ERROR: DHT Runtime Exception: DHT sensor not found, check wiring
04.06.2024 21:15:52 ERROR: DHT Runtime Exception: DHT sensor not found, check wiring
04.06.2024 21:16:02 ERROR: DHT Runtime Exception: DHT sensor not found, check wiring
04.06.2024 21:16:12 ERROR: DHT Runtime Exception: DHT sensor not found, check wiring
04.06.2024 21:16:23 ERROR: DHT Runtime Exception: DHT sensor not found, check wiring
04.06.2024 21:16:33 ERROR: DHT Runtime Exception: DHT sensor not found, check wiring
04.06.2024 21:16:44 ERROR: DHT Runtime Exception: DHT sensor not found, check wiring
04.06.2024 21:16:54 ERROR: DHT Runtime Exception: DHT sensor not found, check wiring
04.06.2024 21:17:04 ERROR: DHT Runtime Exception: DHT sensor not found, check wiring
04.06.2024 21:17:15 ERROR: DHT Runtime Exception: DHT sensor not found, check wiring
04.06.2024 21:17:25 ERROR: DHT Runtime Exception: DHT sensor not found, check wiring
04.06.2024 21:17:36 ERROR: DHT Runtime Exception: DHT sensor not found, check wiring
04.06.2024 21:17:46 ERROR: DHT Runtime Exception: DHT sensor not found, check wiring
04.06.2024 21:17:56 ERROR: DHT Runtime Exception: DHT sensor not found, check wiring
04.06.2024 21:18:07 ERROR: DHT Runtime Exception: DHT sensor not found, check wiring
04.06.2024 21:18:17 ERROR: DHT Runtime Exception: DHT sensor not found, check wiring
04.06.2024 21:18:27 ERROR: DHT Runtime Exception: DHT sensor not found, check wiring
04.06.2024 21:18:38 ERROR: DHT Runtime Exception: DHT sensor not found, check wiring
04.06.2024 21:18:48 ERROR: DHT Runtime Exception: DHT sensor not found, check wiring
04.06.2024 21:18:59 ERROR: DHT Runtime Exception: DHT sensor not found, check wiring
04.06.2024 21:19:09 ERROR: DHT Runtime Exception: DHT sensor not found, check wiring
04.06.2024 21:19:19 ERROR: DHT Runtime Exception: DHT sensor not found, check wiring
04.06.2024 21:19:30 ERROR: DHT Runtime Exception: DHT sensor not found, check wiring
04.06.2024 21:19:40 ERROR: DHT Runtime Exception: DHT sensor not found, check wiring
04.06.2024 21:19:51 ERROR: DHT Runtime Exception: DHT sensor not found, check wiring
04.06.2024 21:20:01 ERROR: DHT Runtime Exception: DHT sensor not found, check wiring
04.06.2024 21:20:11 ERROR: DHT Runtime Exception: DHT sensor not found, check wiring
04.06.2024 21:20:22 ERROR: DHT Runtime Exception: DHT sensor not found, check wiring
04.06.2024 21:20:32 ERROR: DHT Runtime Exception: DHT sensor not found, check wiring
04.06.2024 21:20:42 ERROR: DHT Runtime Exception: DHT sensor not found, check wiring
04.06.2024 21:20:53 ERROR: DHT Runtime Exception: DHT sensor not found, check wiring
04.06.2024 21:21:03 ERROR: DHT Runtime Exception: DHT sensor not found, check wiring
04.06.2024 21:21:14 ERROR: DHT Runtime Exception: DHT sensor not found, check wiring
04.06.2024 21:21:24 ERROR: DHT Runtime Exception: DHT sensor not found, check wiring
04.06.2024 21:21:34 ERROR: DHT Runtime Exception: DHT sensor not found, check wiring
04.06.2024 21:21:45 ERROR: DHT Runtime Exception: DHT sensor not found, check wiring
04.06.2024 21:21:55 ERROR: DHT Runtime Exception: DHT sensor not found, check wiring
04.06.2024 21:22:06 ERROR: DHT Runtime Exception: DHT sensor not found, check wiring
04.06.2024 21:22:16 ERROR: DHT Runtime Exception: DHT sensor not found, check wiring
04.06.2024 21:22:26 ERROR: DHT Runtime Exception: DHT sensor not found, check wiring
04.06.2024 21:22:37 ERROR: DHT Runtime Exception: DHT sensor not found, check wiring
04.06.2024 21:22:47 ERROR: DHT Runtime Exception: DHT sensor not found, check wiring
04.06.2024 21:22:57 ERROR: DHT Runtime Exception: DHT sensor not found, check wiring
04.06.2024 21:23:08 ERROR: DHT Runtime Exception: DHT sensor not found, check wiring
04.06.2024 21:23:18 ERROR: DHT Runtime Exception: DHT sensor not found, check wiring
04.06.2024 21:23:29 ERROR: DHT Runtime Exception: DHT sensor not found, check wiring
04.06.2024 21:23:39 ERROR: DHT Runtime Exception: DHT sensor not found, check wiring
04.06.2024 21:23:49 ERROR: DHT Runtime Exception: DHT sensor not found, check wiring
04.06.2024 21:24:00 ERROR: DHT Runtime Exception: DHT sensor not found, check wiring
04.06.2024 21:24:10 ERROR: DHT Runtime Exception: DHT sensor not found, check wiring
04.06.2024 21:24:21 ERROR: DHT Runtime Exception: DHT sensor not found, check wiring
04.06.2024 21:24:31 ERROR: DHT Runtime Exception: DHT sensor not found, check wiring
04.06.2024 21:24:41 ERROR: DHT Runtime Exception: DHT sensor not found, check wiring
04.06.2024 21:24:52 ERROR: DHT Runtime Exception: DHT sensor not found, check wiring
04.06.2024 21:25:02 ERROR: DHT Runtime Exception: DHT sensor not found, check wiring
04.06.2024 21:25:12 ERROR: DHT Runtime Exception: DHT sensor not found, check wiring
04.06.2024 21:25:23 ERROR: DHT Runtime Exception: DHT sensor not found, check wiring
04.06.2024 21:25:33 ERROR: DHT Runtime Exception: DHT sensor not found, check wiring
04.06.2024 21:25:44 ERROR: DHT Runtime Exception: DHT sensor not found, check wiring
04.06.2024 21:25:54 ERROR: DHT Runtime Exception: DHT sensor not found, check wiring
04.06.2024 21:26:04 ERROR: DHT Runtime Exception: DHT sensor not found, check wiring
04.06.2024 21:26:15 ERROR: DHT Runtime Exception: DHT sensor not found, check wiring
04.06.2024 21:26:25 ERROR: DHT Runtime Exception: DHT sensor not found, check wiring
04.06.2024 21:26:36 ERROR: DHT Runtime Exception: DHT sensor not found, check wiring
04.06.2024 21:26:46 ERROR: DHT Runtime Exception: DHT sensor not found, check wiring
04.06.2024 21:26:56 ERROR: DHT Runtime Exception: DHT sensor not found, check wiring
04.06.2024 21:27:07 ERROR: DHT Runtime Exception: DHT sensor not found, check wiring
04.06.2024 21:27:17 ERROR: DHT Runtime Exception: DHT sensor not found, check wiring
04.06.2024 21:27:28 ERROR: DHT Runtime Exception: DHT sensor not found, check wiring
04.06.2024 21:27:38 ERROR: DHT Runtime Exception: DHT sensor not found, check wiring
04.06.2024 21:27:48 ERROR: DHT Runtime Exception: DHT sensor not found, check wiring
04.06.2024 21:27:59 ERROR: DHT Runtime Exception: DHT sensor not found, check wiring
04.06.2024 21:28:09 ERROR: DHT Runtime Exception: DHT sensor not found, check wiring
04.06.2024 21:28:19 ERROR: DHT Runtime Exception: DHT sensor not found, check wiring
04.06.2024 21:28:30 ERROR: DHT Runtime Exception: DHT sensor not found, check wiring
04.06.2024 21:28:40 ERROR: DHT Runtime Exception: DHT sensor not found, check wiring
04.06.2024 21:28:51 ERROR: DHT Runtime Exception: DHT sensor not found, check wiring
04.06.2024 21:29:01 ERROR: DHT Runtime Exception: DHT sensor not found, check wiring
04.06.2024 21:29:11 ERROR: DHT Runtime Exception: DHT sensor not found, check wiring
04.06.2024 21:29:22 ERROR: DHT Runtime Exception: DHT sensor not found, check wiring
04.06.2024 21:29:32 ERROR: DHT Runtime Exception: DHT sensor not found, check wiring
04.06.2024 21:29:43 ERROR: DHT Runtime Exception: DHT sensor not found, check wiring
04.06.2024 21:29:53 ERROR: DHT Runtime Exception: DHT sensor not found, check wiring
04.06.2024 21:30:03 ERROR: DHT Runtime Exception: DHT sensor not found, check wiring
04.06.2024 21:30:14 ERROR: DHT Runtime Exception: DHT sensor not found, check wiring
04.06.2024 21:30:24 ERROR: DHT Runtime Exception: DHT sensor not found, check wiring
04.06.2024 21:30:34 ERROR: DHT Runtime Exception: DHT sensor not found, check wiring
04.06.2024 21:30:45 ERROR: DHT Runtime Exception: DHT sensor not found, check wiring
04.06.2024 21:30:55 ERROR: DHT Runtime Exception: DHT sensor not found, check wiring
04.06.2024 21:31:06 ERROR: DHT Runtime Exception: DHT sensor not found, check wiring
04.06.2024 21:31:16 ERROR: DHT Runtime Exception: DHT sensor not found, check wiring
04.06.2024 21:31:26 ERROR: DHT Runtime Exception: DHT sensor not found, check wiring
04.06.2024 21:31:37 ERROR: DHT Runtime Exception: DHT sensor not found, check wiring
04.06.2024 21:31:47 ERROR: DHT Runtime Exception: DHT sensor not found, check wiring
04.06.2024 21:31:58 ERROR: DHT Runtime Exception: DHT sensor not found, check wiring
04.06.2024 21:32:08 ERROR: DHT Runtime Exception: DHT sensor not found, check wiring
04.06.2024 21:32:18 ERROR: DHT Runtime Exception: DHT sensor not found, check wiring
04.06.2024 21:32:29 ERROR: DHT Runtime Exception: DHT sensor not found, check wiring
04.06.2024 21:32:39 ERROR: DHT Runtime Exception: DHT sensor not found, check wiring
04.06.2024 21:32:49 ERROR: DHT Runtime Exception: DHT sensor not found, check wiring
04.06.2024 21:33:00 ERROR: DHT Runtime Exception: DHT sensor not found, check wiring
04.06.2024 21:33:10 ERROR: DHT Runtime Exception: DHT sensor not found, check wiring
04.06.2024 21:33:21 ERROR: DHT Runtime Exception: DHT sensor not found, check wiring
04.06.2024 21:33:31 ERROR: DHT Runtime Exception: DHT sensor not found, check wiring
04.06.2024 21:33:41 ERROR: DHT Runtime Exception: DHT sensor not found, check wiring
04.06.2024 21:33:52 ERROR: DHT Runtime Exception: DHT sensor not found, check wiring
04.06.2024 21:34:02 ERROR: DHT Runtime Exception: DHT sensor not found, check wiring
04.06.2024 21:34:13 ERROR: DHT Runtime Exception: DHT sensor not found, check wiring
04.06.2024 21:34:23 ERROR: DHT Runtime Exception: DHT sensor not found, check wiring
04.06.2024 21:34:33 ERROR: DHT Runtime Exception: DHT sensor not found, check wiring
04.06.2024 21:34:44 ERROR: DHT Runtime Exception: DHT sensor not found, check wiring
04.06.2024 21:34:54 ERROR: DHT Runtime Exception: DHT sensor not found, check wiring
04.06.2024 21:35:04 ERROR: DHT Runtime Exception: DHT sensor not found, check wiring
04.06.2024 21:35:15 ERROR: DHT Runtime Exception: DHT sensor not found, check wiring
04.06.2024 21:35:25 ERROR: DHT Runtime Exception: DHT sensor not found, check wiring
04.06.2024 21:35:36 ERROR: DHT Runtime Exception: DHT sensor not found, check wiring
04.06.2024 21:35:46 ERROR: DHT Runtime Exception: DHT sensor not found, check wiring
04.06.2024 21:35:56 ERROR: DHT Runtime Exception: DHT sensor not found, check wiring
04.06.2024 21:36:07 ERROR: DHT Runtime Exception: DHT sensor not found, check wiring
04.06.2024 21:36:17 ERROR: DHT Runtime Exception: DHT sensor not found, check wiring
04.06.2024 21:36:28 ERROR: DHT Runtime Exception: DHT sensor not found, check wiring
04.06.2024 21:36:38 ERROR: DHT Runtime Exception: DHT sensor not found, check wiring
04.06.2024 21:36:48 ERROR: DHT Runtime Exception: DHT sensor not found, check wiring
04.06.2024 21:36:59 ERROR: DHT Runtime Exception: DHT sensor not found, check wiring
04.06.2024 21:37:09 ERROR: DHT Runtime Exception: DHT sensor not found, check wiring
04.06.2024 21:37:20 ERROR: DHT Runtime Exception: DHT sensor not found, check wiring
04.06.2024 21:37:30 ERROR: DHT Runtime Exception: DHT sensor not found, check wiring
04.06.2024 21:37:40 ERROR: DHT Runtime Exception: DHT sensor not found, check wiring
04.06.2024 21:37:51 ERROR: DHT Runtime Exception: DHT sensor not found, check wiring
04.06.2024 21:38:01 ERROR: DHT Runtime Exception: DHT sensor not found, check wiring
04.06.2024 21:38:11 ERROR: DHT Runtime Exception: DHT sensor not found, check wiring
04.06.2024 21:38:22 ERROR: DHT Runtime Exception: DHT sensor not found, check wiring
04.06.2024 21:38:32 ERROR: DHT Runtime Exception: DHT sensor not found, check wiring
04.06.2024 21:38:43 ERROR: DHT Runtime Exception: DHT sensor not found, check wiring
04.06.2024 21:38:53 ERROR: DHT Runtime Exception: DHT sensor not found, check wiring
04.06.2024 21:39:03 ERROR: DHT Runtime Exception: DHT sensor not found, check wiring
04.06.2024 21:39:14 ERROR: DHT Runtime Exception: DHT sensor not found, check wiring
04.06.2024 21:39:24 ERROR: DHT Runtime Exception: DHT sensor not found, check wiring
04.06.2024 21:39:35 ERROR: DHT Runtime Exception: DHT sensor not found, check wiring
04.06.2024 21:39:45 ERROR: DHT Runtime Exception: DHT sensor not found, check wiring
04.06.2024 21:39:55 ERROR: DHT Runtime Exception: DHT sensor not found, check wiring
04.06.2024 21:40:06 ERROR: DHT Runtime Exception: DHT sensor not found, check wiring
04.06.2024 21:40:16 ERROR: DHT Runtime Exception: DHT sensor not found, check wiring
04.06.2024 21:40:26 ERROR: DHT Runtime Exception: DHT sensor not found, check wiring
04.06.2024 21:40:37 ERROR: DHT Runtime Exception: DHT sensor not found, check wiring
04.06.2024 21:40:47 ERROR: DHT Runtime Exception: DHT sensor not found, check wiring
04.06.2024 21:40:58 ERROR: DHT Runtime Exception: DHT sensor not found, check wiring
04.06.2024 21:41:08 ERROR: DHT Runtime Exception: DHT sensor not found, check wiring
04.06.2024 21:41:18 ERROR: DHT Runtime Exception: DHT sensor not found, check wiring
04.06.2024 21:41:29 ERROR: DHT Runtime Exception: DHT sensor not found, check wiring
04.06.2024 21:41:39 ERROR: DHT Runtime Exception: DHT sensor not found, check wiring
04.06.2024 21:41:50 ERROR: DHT Runtime Exception: DHT sensor not found, check wiring
04.06.2024 21:42:00 ERROR: DHT Runtime Exception: DHT sensor not found, check wiring
04.06.2024 21:42:10 ERROR: DHT Runtime Exception: DHT sensor not found, check wiring
04.06.2024 21:42:21 ERROR: DHT Runtime Exception: DHT sensor not found, check wiring
04.06.2024 21:42:31 ERROR: DHT Runtime Exception: DHT sensor not found, check wiring
04.06.2024 21:42:41 ERROR: DHT Runtime Exception: DHT sensor not found, check wiring
04.06.2024 21:42:52 ERROR: DHT Runtime Exception: DHT sensor not found, check wiring
04.06.2024 21:43:02 ERROR: DHT Runtime Exception: DHT sensor not found, check wiring
04.06.2024 21:43:13 ERROR: DHT Runtime Exception: DHT sensor not found, check wiring
04.06.2024 21:43:23 ERROR: DHT Runtime Exception: DHT sensor not found, check wiring
04.06.2024 21:43:33 ERROR: DHT Runtime Exception: DHT sensor not found, check wiring
04.06.2024 21:43:44 ERROR: DHT Runtime Exception: DHT sensor not found, check wiring
04.06.2024 21:43:54 ERROR: DHT Runtime Exception: DHT sensor not found, check wiring
04.06.2024 21:44:05 ERROR: DHT Runtime Exception: DHT sensor not found, check wiring
04.06.2024 21:44:15 ERROR: DHT Runtime Exception: DHT sensor not found, check wiring
04.06.2024 21:44:25 ERROR: DHT Runtime Exception: DHT sensor not found, check wiring
04.06.2024 21:44:36 ERROR: DHT Runtime Exception: DHT sensor not found, check wiring
04.06.2024 21:44:46 ERROR: DHT Runtime Exception: DHT sensor not found, check wiring
04.06.2024 21:44:56 ERROR: DHT Runtime Exception: DHT sensor not found, check wiring
04.06.2024 21:45:07 ERROR: DHT Runtime Exception: DHT sensor not found, check wiring
04.06.2024 21:45:17 ERROR: DHT Runtime Exception: DHT sensor not found, check wiring
04.06.2024 21:45:28 ERROR: DHT Runtime Exception: DHT sensor not found, check wiring
04.06.2024 21:45:38 ERROR: DHT Runtime Exception: DHT sensor not found, check wiring
04.06.2024 21:45:48 ERROR: DHT Runtime Exception: DHT sensor not found, check wiring
04.06.2024 21:45:59 ERROR: DHT Runtime Exception: DHT sensor not found, check wiring
04.06.2024 21:46:09 ERROR: DHT Runtime Exception: DHT sensor not found, check wiring
04.06.2024 21:46:19 ERROR: DHT Runtime Exception: DHT sensor not found, check wiring
04.06.2024 21:46:30 ERROR: DHT Runtime Exception: DHT sensor not found, check wiring
04.06.2024 21:46:40 ERROR: DHT Runtime Exception: DHT sensor not found, check wiring
04.06.2024 21:46:51 ERROR: DHT Runtime Exception: DHT sensor not found, check wiring
04.06.2024 21:47:01 ERROR: DHT Runtime Exception: DHT sensor not found, check wiring
04.06.2024 21:47:11 ERROR: DHT Runtime Exception: DHT sensor not found, check wiring
04.06.2024 21:47:22 ERROR: DHT Runtime Exception: DHT sensor not found, check wiring
04.06.2024 21:47:32 ERROR: DHT Runtime Exception: DHT sensor not found, check wiring
04.06.2024 21:47:43 ERROR: DHT Runtime Exception: DHT sensor not found, check wiring
04.06.2024 21:47:53 ERROR: DHT Runtime Exception: DHT sensor not found, check wiring
04.06.2024 21:48:03 ERROR: DHT Runtime Exception: DHT sensor not found, check wiring
04.06.2024 21:48:14 ERROR: DHT Runtime Exception: DHT sensor not found, check wiring
04.06.2024 21:48:24 ERROR: DHT Runtime Exception: DHT sensor not found, check wiring
04.06.2024 21:48:34 ERROR: DHT Runtime Exception: DHT sensor not found, check wiring
04.06.2024 21:48:45 ERROR: DHT Runtime Exception: DHT sensor not found, check wiring
04.06.2024 21:48:55 ERROR: DHT Runtime Exception: DHT sensor not found, check wiring
04.06.2024 21:49:06 ERROR: DHT Runtime Exception: DHT sensor not found, check wiring
04.06.2024 21:49:16 ERROR: DHT Runtime Exception: DHT sensor not found, check wiring
04.06.2024 21:49:26 ERROR: DHT Runtime Exception: DHT sensor not found, check wiring
04.06.2024 21:49:37 ERROR: DHT Runtime Exception: DHT sensor not found, check wiring
04.06.2024 21:49:47 ERROR: DHT Runtime Exception: DHT sensor not found, check wiring
04.06.2024 21:49:58 ERROR: DHT Runtime Exception: DHT sensor not found, check wiring
04.06.2024 21:50:08 ERROR: DHT Runtime Exception: DHT sensor not found, check wiring
04.06.2024 21:50:18 ERROR: DHT Runtime Exception: DHT sensor not found, check wiring
04.06.2024 21:50:29 ERROR: DHT Runtime Exception: DHT sensor not found, check wiring
04.06.2024 21:50:39 ERROR: DHT Runtime Exception: DHT sensor not found, check wiring
04.06.2024 21:50:49 ERROR: DHT Runtime Exception: DHT sensor not found, check wiring
04.06.2024 21:51:00 ERROR: DHT Runtime Exception: DHT sensor not found, check wiring
04.06.2024 21:51:10 ERROR: DHT Runtime Exception: DHT sensor not found, check wiring
04.06.2024 21:51:21 ERROR: DHT Runtime Exception: DHT sensor not found, check wiring
04.06.2024 21:51:31 ERROR: DHT Runtime Exception: DHT sensor not found, check wiring
04.06.2024 21:51:41 ERROR: DHT Runtime Exception: DHT sensor not found, check wiring
04.06.2024 21:51:52 ERROR: DHT Runtime Exception: DHT sensor not found, check wiring
04.06.2024 21:52:02 ERROR: DHT Runtime Exception: DHT sensor not found, check wiring
04.06.2024 21:52:13 ERROR: DHT Runtime Exception: DHT sensor not found, check wiring
04.06.2024 21:52:23 ERROR: DHT Runtime Exception: DHT sensor not found, check wiring
04.06.2024 21:52:33 ERROR: DHT Runtime Exception: DHT sensor not found, check wiring
04.06.2024 21:52:44 ERROR: DHT Runtime Exception: DHT sensor not found, check wiring
04.06.2024 21:52:54 ERROR: DHT Runtime Exception: DHT sensor not found, check wiring
04.06.2024 21:53:04 ERROR: DHT Runtime Exception: DHT sensor not found, check wiring
04.06.2024 21:53:15 ERROR: DHT Runtime Exception: DHT sensor not found, check wiring
04.06.2024 21:53:25 ERROR: DHT Runtime Exception: DHT sensor not found, check wiring
04.06.2024 21:53:36 ERROR: DHT Runtime Exception: DHT sensor not found, check wiring
04.06.2024 21:53:46 ERROR: DHT Runtime Exception: DHT sensor not found, check wiring
04.06.2024 21:53:56 ERROR: DHT Runtime Exception: DHT sensor not found, check wiring
04.06.2024 21:54:07 ERROR: DHT Runtime Exception: DHT sensor not found, check wiring
04.06.2024 21:54:17 ERROR: DHT Runtime Exception: DHT sensor not found, check wiring
04.06.2024 21:54:28 ERROR: DHT Runtime Exception: DHT sensor not found, check wiring
04.06.2024 21:54:38 ERROR: DHT Runtime Exception: DHT sensor not found, check wiring
04.06.2024 21:54:48 ERROR: DHT Runtime Exception: DHT sensor not found, check wiring
04.06.2024 21:54:59 ERROR: DHT Runtime Exception: DHT sensor not found, check wiring
04.06.2024 21:55:09 ERROR: DHT Runtime Exception: DHT sensor not found, check wiring
04.06.2024 21:55:20 ERROR: DHT Runtime Exception: DHT sensor not found, check wiring
04.06.2024 21:55:30 ERROR: DHT Runtime Exception: DHT sensor not found, check wiring
04.06.2024 21:55:40 ERROR: DHT Runtime Exception: DHT sensor not found, check wiring
04.06.2024 21:55:51 ERROR: DHT Runtime Exception: DHT sensor not found, check wiring
04.06.2024 21:56:01 ERROR: DHT Runtime Exception: DHT sensor not found, check wiring
04.06.2024 21:56:11 ERROR: DHT Runtime Exception: DHT sensor not found, check wiring
04.06.2024 21:56:22 ERROR: DHT Runtime Exception: DHT sensor not found, check wiring
04.06.2024 21:56:32 ERROR: DHT Runtime Exception: DHT sensor not found, check wiring
04.06.2024 21:56:43 ERROR: DHT Runtime Exception: DHT sensor not found, check wiring
04.06.2024 21:56:53 ERROR: DHT Runtime Exception: DHT sensor not found, check wiring
04.06.2024 21:57:03 ERROR: DHT Runtime Exception: DHT sensor not found, check wiring
04.06.2024 21:57:14 ERROR: DHT Runtime Exception: DHT sensor not found, check wiring
04.06.2024 21:57:24 ERROR: DHT Runtime Exception: DHT sensor not found, check wiring
04.06.2024 21:57:35 ERROR: DHT Runtime Exception: DHT sensor not found, check wiring
04.06.2024 21:57:45 ERROR: DHT Runtime Exception: DHT sensor not found, check wiring
04.06.2024 21:57:55 ERROR: DHT Runtime Exception: DHT sensor not found, check wiring
04.06.2024 21:58:06 ERROR: DHT Runtime Exception: DHT sensor not found, check wiring
04.06.2024 21:58:16 ERROR: DHT Runtime Exception: DHT sensor not found, check wiring
04.06.2024 21:58:26 ERROR: DHT Runtime Exception: DHT sensor not found, check wiring
04.06.2024 21:58:37 ERROR: DHT Runtime Exception: DHT sensor not found, check wiring
04.06.2024 21:58:47 ERROR: DHT Runtime Exception: DHT sensor not found, check wiring
04.06.2024 21:58:58 ERROR: DHT Runtime Exception: DHT sensor not found, check wiring
04.06.2024 21:59:08 ERROR: DHT Runtime Exception: DHT sensor not found, check wiring
04.06.2024 21:59:18 ERROR: DHT Runtime Exception: DHT sensor not found, check wiring
04.06.2024 21:59:29 ERROR: DHT Runtime Exception: DHT sensor not found, check wiring
04.06.2024 21:59:39 ERROR: DHT Runtime Exception: DHT sensor not found, check wiring
04.06.2024 21:59:49 ERROR: DHT Runtime Exception: DHT sensor not found, check wiring
04.06.2024 22:00:00 ERROR: DHT Runtime Exception: DHT sensor not found, check wiring
04.06.2024 22:00:10 ERROR: DHT Runtime Exception: DHT sensor not found, check wiring
04.06.2024 22:00:21 ERROR: DHT Runtime Exception: DHT sensor not found, check wiring
04.06.2024 22:00:31 ERROR: DHT Runtime Exception: DHT sensor not found, check wiring
04.06.2024 22:00:41 ERROR: DHT Runtime Exception: DHT sensor not found, check wiring
04.06.2024 22:00:52 ERROR: DHT Runtime Exception: DHT sensor not found, check wiring
04.06.2024 22:01:02 ERROR: DHT Runtime Exception: DHT sensor not found, check wiring
04.06.2024 22:01:13 ERROR: DHT Runtime Exception: DHT sensor not found, check wiring
04.06.2024 22:01:23 ERROR: DHT Runtime Exception: DHT sensor not found, check wiring
04.06.2024 22:01:33 ERROR: DHT Runtime Exception: DHT sensor not found, check wiring
04.06.2024 22:01:44 ERROR: DHT Runtime Exception: DHT sensor not found, check wiring
04.06.2024 22:01:54 ERROR: DHT Runtime Exception: DHT sensor not found, check wiring
04.06.2024 22:02:04 ERROR: DHT Runtime Exception: DHT sensor not found, check wiring
04.06.2024 22:02:15 ERROR: DHT Runtime Exception: DHT sensor not found, check wiring
04.06.2024 22:02:25 ERROR: DHT Runtime Exception: DHT sensor not found, check wiring
04.06.2024 22:02:36 ERROR: DHT Runtime Exception: DHT sensor not found, check wiring
04.06.2024 22:02:46 ERROR: DHT Runtime Exception: DHT sensor not found, check wiring
04.06.2024 22:02:56 ERROR: DHT Runtime Exception: DHT sensor not found, check wiring
04.06.2024 22:03:07 ERROR: DHT Runtime Exception: DHT sensor not found, check wiring
04.06.2024 22:03:17 ERROR: DHT Runtime Exception: DHT sensor not found, check wiring
04.06.2024 22:03:28 ERROR: DHT Runtime Exception: DHT sensor not found, check wiring
04.06.2024 22:03:38 ERROR: DHT Runtime Exception: DHT sensor not found, check wiring
04.06.2024 22:03:48 ERROR: DHT Runtime Exception: DHT sensor not found, check wiring
04.06.2024 22:03:59 ERROR: DHT Runtime Exception: DHT sensor not found, check wiring
04.06.2024 22:04:09 ERROR: DHT Runtime Exception: DHT sensor not found, check wiring
04.06.2024 22:04:19 ERROR: DHT Runtime Exception: DHT sensor not found, check wiring
04.06.2024 22:04:30 ERROR: DHT Runtime Exception: DHT sensor not found, check wiring
04.06.2024 22:04:40 ERROR: DHT Runtime Exception: DHT sensor not found, check wiring
04.06.2024 22:04:51 ERROR: DHT Runtime Exception: DHT sensor not found, check wiring
04.06.2024 22:05:01 ERROR: DHT Runtime Exception: DHT sensor not found, check wiring
04.06.2024 22:05:11 ERROR: DHT Runtime Exception: DHT sensor not found, check wiring
04.06.2024 22:05:22 ERROR: DHT Runtime Exception: DHT sensor not found, check wiring
04.06.2024 22:05:32 ERROR: DHT Runtime Exception: DHT sensor not found, check wiring
04.06.2024 22:05:43 ERROR: DHT Runtime Exception: DHT sensor not found, check wiring
04.06.2024 22:05:53 ERROR: DHT Runtime Exception: DHT sensor not found, check wiring
04.06.2024 22:06:03 ERROR: DHT Runtime Exception: DHT sensor not found, check wiring
04.06.2024 22:06:14 ERROR: DHT Runtime Exception: DHT sensor not found, check wiring
04.06.2024 22:06:24 ERROR: DHT Runtime Exception: DHT sensor not found, check wiring
04.06.2024 22:06:34 ERROR: DHT Runtime Exception: DHT sensor not found, check wiring
04.06.2024 22:06:45 ERROR: DHT Runtime Exception: DHT sensor not found, check wiring
04.06.2024 22:06:55 ERROR: DHT Runtime Exception: DHT sensor not found, check wiring
04.06.2024 22:07:06 ERROR: DHT Runtime Exception: DHT sensor not found, check wiring
04.06.2024 22:07:16 ERROR: DHT Runtime Exception: DHT sensor not found, check wiring
04.06.2024 22:07:26 ERROR: DHT Runtime Exception: DHT sensor not found, check wiring
04.06.2024 22:07:37 ERROR: DHT Runtime Exception: DHT sensor not found, check wiring
04.06.2024 22:07:47 ERROR: DHT Runtime Exception: DHT sensor not found, check wiring
04.06.2024 22:07:57 ERROR: DHT Runtime Exception: DHT sensor not found, check wiring
04.06.2024 22:08:08 ERROR: DHT Runtime Exception: DHT sensor not found, check wiring
04.06.2024 22:08:18 ERROR: DHT Runtime Exception: DHT sensor not found, check wiring
04.06.2024 22:08:29 ERROR: DHT Runtime Exception: DHT sensor not found, check wiring
04.06.2024 22:08:39 ERROR: DHT Runtime Exception: DHT sensor not found, check wiring
04.06.2024 22:08:49 ERROR: DHT Runtime Exception: DHT sensor not found, check wiring
04.06.2024 22:09:00 ERROR: DHT Runtime Exception: DHT sensor not found, check wiring
04.06.2024 22:09:10 ERROR: DHT Runtime Exception: DHT sensor not found, check wiring
04.06.2024 22:09:21 ERROR: DHT Runtime Exception: DHT sensor not found, check wiring
04.06.2024 22:09:31 ERROR: DHT Runtime Exception: DHT sensor not found, check wiring
04.06.2024 22:09:41 ERROR: DHT Runtime Exception: DHT sensor not found, check wiring
04.06.2024 22:09:52 ERROR: DHT Runtime Exception: DHT sensor not found, check wiring
04.06.2024 22:10:02 ERROR: DHT Runtime Exception: DHT sensor not found, check wiring
04.06.2024 22:10:12 ERROR: DHT Runtime Exception: DHT sensor not found, check wiring
04.06.2024 22:10:23 ERROR: DHT Runtime Exception: DHT sensor not found, check wiring
04.06.2024 22:10:33 ERROR: DHT Runtime Exception: DHT sensor not found, check wiring
04.06.2024 22:10:44 ERROR: DHT Runtime Exception: DHT sensor not found, check wiring
04.06.2024 22:10:54 ERROR: DHT Runtime Exception: DHT sensor not found, check wiring
04.06.2024 22:11:04 ERROR: DHT Runtime Exception: DHT sensor not found, check wiring
04.06.2024 22:11:15 ERROR: DHT Runtime Exception: DHT sensor not found, check wiring
04.06.2024 22:11:25 ERROR: DHT Runtime Exception: DHT sensor not found, check wiring
04.06.2024 22:11:35 ERROR: DHT Runtime Exception: DHT sensor not found, check wiring
04.06.2024 22:11:46 ERROR: DHT Runtime Exception: DHT sensor not found, check wiring
04.06.2024 22:11:56 ERROR: DHT Runtime Exception: DHT sensor not found, check wiring
04.06.2024 22:12:07 ERROR: DHT Runtime Exception: DHT sensor not found, check wiring
04.06.2024 22:12:17 ERROR: DHT Runtime Exception: DHT sensor not found, check wiring
04.06.2024 22:12:27 ERROR: DHT Runtime Exception: DHT sensor not found, check wiring
04.06.2024 22:12:38 ERROR: DHT Runtime Exception: DHT sensor not found, check wiring
04.06.2024 22:12:48 ERROR: DHT Runtime Exception: DHT sensor not found, check wiring
04.06.2024 22:12:59 ERROR: DHT Runtime Exception: DHT sensor not found, check wiring
04.06.2024 22:13:09 ERROR: DHT Runtime Exception: DHT sensor not found, check wiring
04.06.2024 22:13:19 ERROR: DHT Runtime Exception: DHT sensor not found, check wiring
04.06.2024 22:13:30 ERROR: DHT Runtime Exception: DHT sensor not found, check wiring
04.06.2024 22:13:40 ERROR: DHT Runtime Exception: DHT sensor not found, check wiring
04.06.2024 22:13:50 ERROR: DHT Runtime Exception: DHT sensor not found, check wiring
04.06.2024 22:14:01 ERROR: DHT Runtime Exception: DHT sensor not found, check wiring
04.06.2024 22:14:11 ERROR: DHT Runtime Exception: DHT sensor not found, check wiring
04.06.2024 22:14:22 ERROR: DHT Runtime Exception: DHT sensor not found, check wiring
04.06.2024 22:14:32 ERROR: DHT Runtime Exception: DHT sensor not found, check wiring
04.06.2024 22:14:42 ERROR: DHT Runtime Exception: DHT sensor not found, check wiring
04.06.2024 22:14:53 ERROR: DHT Runtime Exception: DHT sensor not found, check wiring
04.06.2024 22:15:03 ERROR: DHT Runtime Exception: DHT sensor not found, check wiring
04.06.2024 22:15:13 ERROR: DHT Runtime Exception: DHT sensor not found, check wiring
04.06.2024 22:15:24 ERROR: DHT Runtime Exception: DHT sensor not found, check wiring
04.06.2024 22:15:34 ERROR: DHT Runtime Exception: DHT sensor not found, check wiring
04.06.2024 22:15:45 ERROR: DHT Runtime Exception: DHT sensor not found, check wiring
04.06.2024 22:15:55 ERROR: DHT Runtime Exception: DHT sensor not found, check wiring
04.06.2024 22:16:05 ERROR: DHT Runtime Exception: DHT sensor not found, check wiring
04.06.2024 22:16:16 ERROR: DHT Runtime Exception: DHT sensor not found, check wiring
04.06.2024 22:16:26 ERROR: DHT Runtime Exception: DHT sensor not found, check wiring
04.06.2024 22:16:37 ERROR: DHT Runtime Exception: DHT sensor not found, check wiring
04.06.2024 22:16:47 ERROR: DHT Runtime Exception: DHT sensor not found, check wiring
04.06.2024 22:16:57 ERROR: DHT Runtime Exception: DHT sensor not found, check wiring
04.06.2024 22:17:08 ERROR: DHT Runtime Exception: DHT sensor not found, check wiring
04.06.2024 22:17:18 ERROR: DHT Runtime Exception: DHT sensor not found, check wiring
04.06.2024 22:17:28 ERROR: DHT Runtime Exception: DHT sensor not found, check wiring
04.06.2024 22:17:39 ERROR: DHT Runtime Exception: DHT sensor not found, check wiring
04.06.2024 22:17:49 ERROR: DHT Runtime Exception: DHT sensor not found, check wiring
04.06.2024 22:18:00 ERROR: DHT Runtime Exception: DHT sensor not found, check wiring
04.06.2024 22:18:10 ERROR: DHT Runtime Exception: DHT sensor not found, check wiring
04.06.2024 22:18:20 ERROR: DHT Runtime Exception: DHT sensor not found, check wiring
04.06.2024 22:18:31 ERROR: DHT Runtime Exception: Checksum did not validate. Try again.
04.06.2024 22:24:03 ERROR: DHT Runtime Exception: Checksum did not validate. Try again.
04.06.2024 22:24:55 ERROR: DHT Runtime Exception: Checksum did not validate. Try again.
04.06.2024 22:30:28 ERROR: DHT Runtime Exception: Checksum did not validate. Try again.
04.06.2024 22:31:41 ERROR: DHT Runtime Exception: Checksum did not validate. Try again.
04.06.2024 22:41:57 ERROR: DHT Runtime Exception: Checksum did not validate. Try again.
04.06.2024 22:45:35 ERROR: DHT Runtime Exception: A full buffer was not returned. Try again.
04.06.2024 22:46:06 ERROR: DHT Runtime Exception: Checksum did not validate. Try again.
04.06.2024 22:51:19 ERROR: DHT Runtime Exception: Checksum did not validate. Try again.
04.06.2024 22:55:39 ERROR: DHT Runtime Exception: A full buffer was not returned. Try again.
04.06.2024 23:00:19 ERROR: DHT Runtime Exception: Checksum did not validate. Try again.
04.06.2024 23:04:08 ERROR: DHT Runtime Exception: Checksum did not validate. Try again.
04.06.2024 23:05:31 ERROR: DHT Runtime Exception: Checksum did not validate. Try again.
04.06.2024 23:11:14 ERROR: DHT Runtime Exception: A full buffer was not returned. Try again.
04.06.2024 23:20:27 ERROR: DHT Runtime Exception: A full buffer was not returned. Try again.
04.06.2024 23:22:21 ERROR: DHT Runtime Exception: Checksum did not validate. Try again.
04.06.2024 23:23:44 ERROR: DHT Runtime Exception: A full buffer was not returned. Try again.
04.06.2024 23:24:05 ERROR: DHT Runtime Exception: A full buffer was not returned. Try again.
04.06.2024 23:28:56 ERROR: DHT Runtime Exception: A full buffer was not returned. Try again.
04.06.2024 23:32:13 ERROR: DHT Runtime Exception: A full buffer was not returned. Try again.
04.06.2024 23:34:19 ERROR: DHT Runtime Exception: Checksum did not validate. Try again.
04.06.2024 23:40:43 ERROR: DHT Runtime Exception: Checksum did not validate. Try again.
04.06.2024 23:40:54 ERROR: DHT Runtime Exception: Checksum did not validate. Try again.
04.06.2024 23:44:55 ERROR: DHT Runtime Exception: A full buffer was not returned. Try again.
04.06.2024 23:51:40 ERROR: DHT Runtime Exception: Checksum did not validate. Try again.
04.06.2024 23:52:01 ERROR: DHT Runtime Exception: Checksum did not validate. Try again.
04.06.2024 23:55:29 ERROR: DHT Runtime Exception: Checksum did not validate. Try again.
05.06.2024 00:03:17 ERROR: DHT Runtime Exception: Checksum did not validate. Try again.
05.06.2024 00:08:09 ERROR: DHT Runtime Exception: Checksum did not validate. Try again.
05.06.2024 00:09:32 ERROR: DHT Runtime Exception: A full buffer was not returned. Try again.
05.06.2024 00:10:35 ERROR: Exception: [Errno 5] Input/output error
05.06.2024 00:10:35 INFO: Cleaning up...
05.06.2024 00:20:09 INFO: Ready
05.06.2024 00:20:20 ERROR: DHT Runtime Exception: A full buffer was not returned. Try again.
05.06.2024 00:21:39 ERROR: DHT Runtime Exception: DHT sensor not found, check wiring
05.06.2024 00:21:50 ERROR: DHT Runtime Exception: DHT sensor not found, check wiring
05.06.2024 00:22:00 ERROR: DHT Runtime Exception: DHT sensor not found, check wiring
05.06.2024 00:22:11 ERROR: DHT Runtime Exception: DHT sensor not found, check wiring
05.06.2024 00:30:30 ERROR: DHT Runtime Exception: A full buffer was not returned. Try again.
05.06.2024 00:34:40 ERROR: DHT Runtime Exception: A full buffer was not returned. Try again.
05.06.2024 00:35:21 ERROR: DHT Runtime Exception: Checksum did not validate. Try again.
